{"version":1.0,"type":"state->regressor","representation":"map","actions":{
		"0":"Rong.Ongoing->Rong.Win { isGameWon(), tau, 1 }",
		"1":"m_stone0Secondary0_TK0.P1->m_stone0Secondary0_TK0.F1T2 { isReady(p1), tau, move() }",
		"2":"m_secondary0Stone0_TK0.P1->m_secondary0Stone0_TK0.F1T2 { isReady(p1), tau, move() }",
		"3":"m_primary0Secondary0_TK0.P1->m_primary0Secondary0_TK0.F1T2 { isReady(p1), tau, move() }",
		"4":"m_secondary0Primary0_TK0.P1->m_secondary0Primary0_TK0.F1T2 { isReady(p1), tau, move() }",
		"5":"m_primary1Secondary0_TK0.P1->m_primary1Secondary0_TK0.F1T2 { isReady(p1), tau, move() }",
		"6":"m_secondary0Primary1_TK0.P1->m_secondary0Primary1_TK0.F1T2 { isReady(p1), tau, move() }",
		"7":"m_primary2Secondary0_TK0.P1->m_primary2Secondary0_TK0.F1T2 { isReady(p1), tau, move() }",
		"8":"m_secondary0Primary2_TK0.P1->m_secondary0Primary2_TK0.F1T2 { isReady(p1), tau, move() }",
		"9":"m_primary3Secondary0_TK0.P1->m_primary3Secondary0_TK0.F1T2 { isReady(p1), tau, move() }",
		"10":"m_secondary0Primary3_TK0.P1->m_secondary0Primary3_TK0.F1T2 { isReady(p1), tau, move() }",
		"11":"t_digging_WL0.Idle->t_digging_WL0.Executing { !isBusy(agentID, task) && isExecutable(agentID, task) && agents[agentID].a_status[task.t_id] != FINISHED && !isMonitorAlert(agentID), tau, xe := 0, start(agentID, task) }",
		"12":"t_digging_WL0.Waiting->t_digging_WL0.Executing { !isBusy(agentID, task) && isExecutable(agentID, task) && agents[agentID].a_status[task.t_id] != FINISHED, tau, xe := 0, start(agentID, task) }",
		"13":"t_digging_WL0.Idle->t_digging_WL0.Waiting { isBusy(agentID, task) && isExecutable(agentID, task) && agents[agentID].a_status[task.t_id] != FINISHED && !isMonitorAlert(agentID), tau, xe := 0, wait(agentID, task) }",
		"14":"t_unloading_WL0.Idle->t_unloading_WL0.Executing { !isBusy(agentID, task) && isExecutable(agentID, task) && agents[precondition.p_agent].a_status[precondition.p_task] == FINISHED && agents[agentID].a_status[task.t_id] != FINISHED && (agents[collaborations[0].c_agent].a_position == collaborations[0].c_position && agents[collaborations[0].c_agent].a_position == agents[agentID].a_position) && !isMonitorAlert(agentID), exe[collaborations[0].c_agent]!, xe := 0, helper := collaborations[0].c_agent, start(agentID, task) }",
		"15":"t_unloading_WL0.Waiting->t_unloading_WL0.Executing { !isBusy(agentID, task) && isExecutable(agentID, task) && agents[precondition.p_agent].a_status[precondition.p_task] == FINISHED && agents[agentID].a_status[task.t_id] != FINISHED && (agents[collaborations[helper].c_agent].a_position == collaborations[helper].c_position && agents[collaborations[helper].c_agent].a_position == agents[agentID].a_position), exe[helper]!, xe := 0, start(agentID, task) }",
		"16":"t_unloading_WL0.Idle->t_unloading_WL0.Waiting { isBusy(agentID, task) && isExecutable(agentID, task) && agents[precondition.p_agent].a_status[precondition.p_task] == FINISHED && agents[agentID].a_status[task.t_id] != FINISHED && (agents[collaborations[0].c_agent].a_position == collaborations[0].c_position && agents[collaborations[0].c_agent].a_position == agents[agentID].a_position) && !isMonitorAlert(agentID), tau, xe := 0, helper := collaborations[0].c_agent, wait(agentID, task) }",
		"17":"t_loadingFromWL_TK0.Idle->t_loadingFromWL_TK0.Waiting { isBusy(agentID, task) && isExecutable(agentID, task) && agents[agentID].a_status[task.t_id] != FINISHED && agents[precondition.p_agent].a_status[precondition.p_task] != FINISHED && (agents[collaborations[0].c_agent].a_position == collaborations[0].c_position && agents[collaborations[0].c_agent].a_position == agents[agentID].a_position) && !isMonitorAlert(agentID), tau, xe := 0, initiator := 0, wait(agentID, task) }",
		"18":"t_loadingFromPrimary_TK0.Idle->t_loadingFromPrimary_TK0.Executing { !isBusy(agentID, task) && isExecutable(agentID, task) && agents[precondition.p_agent].a_status[precondition.p_task] != FINISHED && agents[agentID].a_status[task.t_id] != FINISHED && !isMonitorAlert(agentID), tau, xe := 0, start(agentID, task) }",
		"19":"t_loadingFromPrimary_TK0.Waiting->t_loadingFromPrimary_TK0.Executing { !isBusy(agentID, task) && isExecutable(agentID, task) && agents[precondition.p_agent].a_status[precondition.p_task] != FINISHED && agents[agentID].a_status[task.t_id] != FINISHED, tau, xe := 0, start(agentID, task) }",
		"20":"t_loadingFromPrimary_TK0.Idle->t_loadingFromPrimary_TK0.Waiting { isBusy(agentID, task) && isExecutable(agentID, task) && agents[precondition.p_agent].a_status[precondition.p_task] != FINISHED && agents[agentID].a_status[task.t_id] != FINISHED && !isMonitorAlert(agentID), tau, xe := 0, wait(agentID, task) }",
		"21":"t_unloadingToSecond_TK0.Idle->t_unloadingToSecond_TK0.Executing { !isBusy(agentID, task) && isExecutable(agentID, task) && (agents[preconditions[0].p_agent].a_status[preconditions[0].p_task] == FINISHED || agents[preconditions[1].p_agent].a_status[preconditions[1].p_task] == FINISHED) && agents[agentID].a_status[task.t_id] != FINISHED && !isMonitorAlert(agentID), tau, xe := 0, start(agentID, task) }",
		"22":"t_unloadingToSecond_TK0.Waiting->t_unloadingToSecond_TK0.Executing { !isBusy(agentID, task) && isExecutable(agentID, task) && (agents[preconditions[0].p_agent].a_status[preconditions[0].p_task] == FINISHED || agents[preconditions[1].p_agent].a_status[preconditions[1].p_task] == FINISHED) && agents[agentID].a_status[task.t_id] != FINISHED, tau, xe := 0, start(agentID, task) }",
		"23":"t_unloadingToSecond_TK0.Idle->t_unloadingToSecond_TK0.Waiting { isBusy(agentID, task) && isExecutable(agentID, task) && (agents[preconditions[0].p_agent].a_status[preconditions[0].p_task] == FINISHED || agents[preconditions[1].p_agent].a_status[preconditions[1].p_task] == FINISHED) && agents[agentID].a_status[task.t_id] != FINISHED && !isMonitorAlert(agentID), tau, xe := 0, wait(agentID, task) }",
		"24":"WAIT"
	},"statevars":[
		"Rong.location",
		"m_stone0Secondary0_TK0.location",
		"m_secondary0Stone0_TK0.location",
		"m_primary0Secondary0_TK0.location",
		"m_secondary0Primary0_TK0.location",
		"m_primary1Secondary0_TK0.location",
		"m_secondary0Primary1_TK0.location",
		"m_primary2Secondary0_TK0.location",
		"m_secondary0Primary2_TK0.location",
		"m_primary3Secondary0_TK0.location",
		"m_secondary0Primary3_TK0.location",
		"t_digging_WL0.location",
		"t_unloading_WL0.location",
		"t_loadingFromWL_TK0.location",
		"t_loadingFromPrimary_TK0.location",
		"t_unloadingToSecond_TK0.location",
		"var",
		"agents[0].a_position",
		"agents[0].a_monitors[0]",
		"agents[0].a_task.t_id",
		"agents[0].a_task.t_deviceUse.d_id",
		"agents[0].a_task.t_deviceUse.d_position",
		"agents[0].a_status[ID_DIG_WHEELLOADER]",
		"agents[0].a_status[ID_UNLOAD_TO_TRUCKS_WHEELLOADER]",
		"agents[1].a_position",
		"agents[1].a_monitors[0]",
		"agents[1].a_task.t_id",
		"agents[1].a_task.t_deviceUse.d_id",
		"agents[1].a_task.t_deviceUse.d_position",
		"agents[1].a_status[ID_DIG_WHEELLOADER]",
		"agents[1].a_status[ID_UNLOAD_TO_TRUCKS_WHEELLOADER]"
	],"pointvars":[
	],"locationnames":{
		"Rong.location":{
			"0":"Lose",
			"1":"Win",
			"2":"Ongoing",
			"3":"Begin"
		},
		"m_stone0Secondary0_TK0.location":{
			"0":"P2",
			"1":"F1T2",
			"2":"P1"
		},
		"m_secondary0Stone0_TK0.location":{
			"0":"P2",
			"1":"F1T2",
			"2":"P1"
		},
		"m_primary0Secondary0_TK0.location":{
			"0":"P2",
			"1":"F1T2",
			"2":"P1"
		},
		"m_secondary0Primary0_TK0.location":{
			"0":"P2",
			"1":"F1T2",
			"2":"P1"
		},
		"m_primary1Secondary0_TK0.location":{
			"0":"P2",
			"1":"F1T2",
			"2":"P1"
		},
		"m_secondary0Primary1_TK0.location":{
			"0":"P2",
			"1":"F1T2",
			"2":"P1"
		},
		"m_primary2Secondary0_TK0.location":{
			"0":"P2",
			"1":"F1T2",
			"2":"P1"
		},
		"m_secondary0Primary2_TK0.location":{
			"0":"P2",
			"1":"F1T2",
			"2":"P1"
		},
		"m_primary3Secondary0_TK0.location":{
			"0":"P2",
			"1":"F1T2",
			"2":"P1"
		},
		"m_secondary0Primary3_TK0.location":{
			"0":"P2",
			"1":"F1T2",
			"2":"P1"
		},
		"t_digging_WL0.location":{
			"0":"Waiting",
			"1":"Idle",
			"2":"Executing"
		},
		"t_unloading_WL0.location":{
			"0":"Waiting",
			"1":"Idle",
			"2":"Executing"
		},
		"t_loadingFromWL_TK0.location":{
			"0":"Waiting",
			"1":"Idle",
			"2":"Executing"
		},
		"t_loadingFromPrimary_TK0.location":{
			"0":"Waiting",
			"1":"Idle",
			"2":"Executing"
		},
		"t_unloadingToSecond_TK0.location":{
			"0":"Waiting",
			"1":"Idle",
			"2":"Executing"
		}
	},"regressors":{"(2,0,2,2,2,2,2,2,2,2,2,1,1,1,1,1,0,0,0,-1,-1,-1,2,0,5,0,-1,-1,-1,0,0,),[]":{
	"2":1887.15,
	"4":1620.61,
	"6":1784.68,
	"8":1823.6,
	"10":1814.71},
"(2,0,2,2,2,2,2,2,2,2,2,1,1,1,1,1,10,0,0,-1,-1,-1,2,0,5,0,-1,-1,-1,0,0,),[]":{
	"2":1722.27,
	"4":1438.14,
	"6":1619.19,
	"8":1660.44,
	"10":1662.08},
"(2,0,2,2,2,2,2,2,2,2,2,1,1,1,1,1,20,0,0,-1,-1,-1,2,0,5,0,-1,-1,-1,0,0,),[]":{
	"2":1558.25,
	"4":1283.32,
	"6":1427.06,
	"8":1490.28,
	"10":1487.22},
"(2,0,2,2,2,2,2,2,2,2,2,1,1,1,1,1,30,0,0,-1,-1,-1,2,0,5,0,-1,-1,-1,0,0,),[]":{
	"2":1388.97,
	"4":1112.51,
	"6":1263.36,
	"8":1276.02,
	"10":1296.85},
"(2,0,2,2,2,2,2,2,2,2,2,1,1,1,1,1,40,0,0,-1,-1,-1,2,0,5,0,-1,-1,-1,0,0,),[]":{
	"2":1196.83,
	"4":920.076,
	"6":1095.41,
	"8":1119.52,
	"10":1118.05},
"(2,0,2,2,2,2,2,2,2,2,2,1,1,1,1,1,50,0,0,-1,-1,-1,2,0,5,0,-1,-1,-1,0,0,),[]":{
	"2":1017.95,
	"4":723.197,
	"6":856.708,
	"8":944.399,
	"10":926.328},
"(2,0,2,2,2,2,2,2,2,2,2,1,1,1,1,1,60,0,0,-1,-1,-1,2,0,5,0,-1,-1,-1,0,0,),[]":{
	"2":817.466,
	"4":516.152,
	"6":711.872,
	"8":708.849,
	"10":742.253},
"(2,0,2,2,2,2,2,2,2,2,2,1,1,1,1,1,70,0,0,-1,-1,-1,2,0,5,0,-1,-1,-1,0,0,),[]":{
	"2":621.157,
	"4":357.514,
	"6":477.172,
	"8":477.328,
	"10":434.52},
"(2,0,2,2,2,2,2,2,2,2,2,1,1,1,1,1,80,0,0,-1,-1,-1,2,0,5,0,-1,-1,-1,0,0,),[]":{
	"2":429.291,
	"4":55.133,
	"6":123.484,
	"8":286.914,
	"10":188.172},
"(2,0,2,2,2,2,2,2,2,2,2,1,1,1,1,1,90,0,0,-1,-1,-1,2,0,5,0,-1,-1,-1,0,0,),[]":{
	"2":217.959,
	"4":-259.815,
	"6":-89.0222,
	"8":-11.3851,
	"10":-61.9746},
"(2,2,0,2,2,2,2,2,2,2,2,1,1,1,1,1,0,0,0,-1,-1,-1,0,0,0,0,-1,-1,-1,2,0,),[]":{
	"1":2054.09,
	"11":1990.21},
"(2,2,0,2,2,2,2,2,2,2,2,1,1,1,1,1,0,0,0,-1,-1,-1,2,0,0,0,-1,-1,-1,0,0,),[]":{
	"1":1754.06,
	"14":1980.55},
"(2,2,0,2,2,2,2,2,2,2,2,1,1,1,1,1,10,0,0,-1,-1,-1,0,0,0,0,-1,-1,-1,2,0,),[]":{
	"1":1816.89,
	"11":1885.96},
"(2,2,0,2,2,2,2,2,2,2,2,1,1,1,1,1,10,0,0,-1,-1,-1,2,0,0,0,-1,-1,-1,0,0,),[]":{
	"1":1584.19,
	"14":1813.03},
"(2,2,0,2,2,2,2,2,2,2,2,1,1,1,1,1,20,0,0,-1,-1,-1,0,0,0,0,-1,-1,-1,2,0,),[]":{
	"1":1646.4,
	"11":1723.22},
"(2,2,0,2,2,2,2,2,2,2,2,1,1,1,1,1,20,0,0,-1,-1,-1,2,0,0,0,-1,-1,-1,0,0,),[]":{
	"1":1420.27,
	"14":1646.75},
"(2,2,0,2,2,2,2,2,2,2,2,1,1,1,1,1,30,0,0,-1,-1,-1,0,0,0,0,-1,-1,-1,2,0,),[]":{
	"1":1555.44,
	"11":1470.66},
"(2,2,0,2,2,2,2,2,2,2,2,1,1,1,1,1,30,0,0,-1,-1,-1,2,0,0,0,-1,-1,-1,0,0,),[]":{
	"1":1250.88,
	"14":1478.81},
"(2,2,0,2,2,2,2,2,2,2,2,1,1,1,1,1,40,0,0,-1,-1,-1,0,0,0,0,-1,-1,-1,2,0,),[]":{
	"1":1347.98,
	"11":1283.81},
"(2,2,0,2,2,2,2,2,2,2,2,1,1,1,1,1,40,0,0,-1,-1,-1,2,0,0,0,-1,-1,-1,0,0,),[]":{
	"1":1066.03,
	"14":1279.64},
"(2,2,0,2,2,2,2,2,2,2,2,1,1,1,1,1,50,0,0,-1,-1,-1,0,0,0,0,-1,-1,-1,2,0,),[]":{
	"1":1077.49,
	"11":1178.55},
"(2,2,0,2,2,2,2,2,2,2,2,1,1,1,1,1,50,0,0,-1,-1,-1,2,0,0,0,-1,-1,-1,0,0,),[]":{
	"1":869.24,
	"14":1105.67},
"(2,2,0,2,2,2,2,2,2,2,2,1,1,1,1,1,60,0,0,-1,-1,-1,0,0,0,0,-1,-1,-1,2,0,),[]":{
	"1":957.786,
	"11":865.299},
"(2,2,0,2,2,2,2,2,2,2,2,1,1,1,1,1,60,0,0,-1,-1,-1,2,0,0,0,-1,-1,-1,0,0,),[]":{
	"1":705.116,
	"14":896.502},
"(2,2,0,2,2,2,2,2,2,2,2,1,1,1,1,1,70,0,0,-1,-1,-1,0,0,0,0,-1,-1,-1,2,0,),[]":{
	"1":779.177,
	"11":669.721},
"(2,2,0,2,2,2,2,2,2,2,2,1,1,1,1,1,70,0,0,-1,-1,-1,2,0,0,0,-1,-1,-1,0,0,),[]":{
	"1":486.182,
	"14":704.932},
"(2,2,0,2,2,2,2,2,2,2,2,1,1,1,1,1,80,0,0,-1,-1,-1,0,0,0,0,-1,-1,-1,2,0,),[]":{
	"1":577.877,
	"11":401.289},
"(2,2,0,2,2,2,2,2,2,2,2,1,1,1,1,1,80,0,0,-1,-1,-1,2,0,0,0,-1,-1,-1,0,0,),[]":{
	"1":310.852,
	"14":510.806},
"(2,2,0,2,2,2,2,2,2,2,2,1,1,1,1,1,90,0,0,-1,-1,-1,0,0,0,0,-1,-1,-1,2,0,),[]":{
	"1":355.444,
	"11":-22.3202},
"(2,2,0,2,2,2,2,2,2,2,2,1,1,1,1,1,90,0,0,-1,-1,-1,2,0,0,0,-1,-1,-1,0,0,),[]":{
	"1":90.627,
	"14":293.73},
"(2,2,2,0,2,2,2,2,2,2,2,1,1,1,1,1,0,0,0,-1,-1,-1,2,0,5,0,-1,-1,-1,0,0,),[]":{
	"2":1769.98,
	"4":1323.53,
	"6":1735.21,
	"8":1278.7,
	"10":837.159},
"(2,2,2,0,2,2,2,2,2,2,2,1,1,1,1,1,10,0,0,-1,-1,-1,2,0,5,0,-1,-1,-1,0,0,),[]":{
	"2":1675.21,
	"4":1160.61,
	"6":1584,
	"8":1658.23,
	"10":1632.93},
"(2,2,2,0,2,2,2,2,2,2,2,1,1,1,1,1,20,0,0,-1,-1,-1,2,0,5,0,-1,-1,-1,0,0,),[]":{
	"2":1420.33,
	"4":928.68,
	"6":1420.02,
	"8":1468.98,
	"10":1459.67},
"(2,2,2,0,2,2,2,2,2,2,2,1,1,1,1,1,30,0,0,-1,-1,-1,2,0,5,0,-1,-1,-1,0,0,),[]":{
	"2":1321.69,
	"4":1089.17,
	"6":734.535,
	"8":1302.15,
	"10":1263.29},
"(2,2,2,0,2,2,2,2,2,2,2,1,1,1,1,1,40,0,0,-1,-1,-1,2,0,5,0,-1,-1,-1,0,0,),[]":{
	"2":1147.18,
	"4":845.131,
	"6":919.236,
	"8":1109.56,
	"10":1121.05},
"(2,2,2,0,2,2,2,2,2,2,2,1,1,1,1,1,50,0,0,-1,-1,-1,2,0,5,0,-1,-1,-1,0,0,),[]":{
	"2":950.667,
	"4":673.609,
	"6":864.588,
	"8":903.096,
	"10":907.556},
"(2,2,2,0,2,2,2,2,2,2,2,1,1,1,1,1,60,0,0,-1,-1,-1,2,0,5,0,-1,-1,-1,0,0,),[]":{
	"2":747.334,
	"4":299.215,
	"6":658.299,
	"8":717.831,
	"10":731.105},
"(2,2,2,0,2,2,2,2,2,2,2,1,1,1,1,1,70,0,0,-1,-1,-1,2,0,5,0,-1,-1,-1,0,0,),[]":{
	"2":541.722,
	"4":215.396,
	"6":487.527,
	"8":285.967,
	"10":439.229},
"(2,2,2,0,2,2,2,2,2,2,2,1,1,1,1,1,80,0,0,-1,-1,-1,2,0,5,0,-1,-1,-1,0,0,),[]":{
	"2":298.533,
	"4":47.1002,
	"6":40.3844,
	"8":182.468,
	"10":223.868},
"(2,2,2,0,2,2,2,2,2,2,2,1,1,1,1,1,90,0,0,-1,-1,-1,2,0,5,0,-1,-1,-1,0,0,),[]":{
	"2":29.0295,
	"4":-162.957,
	"6":-107.241,
	"8":86.8566,
	"10":-57.5953},
"(2,2,2,2,0,2,2,2,2,2,2,1,1,1,1,1,0,0,0,-1,-1,-1,2,0,1,0,-1,-1,-1,0,0,),[]":{
	"3":1565.06,
	"18":1815.55},
"(2,2,2,2,0,2,2,2,2,2,2,1,1,1,1,1,10,0,0,-1,-1,-1,2,0,1,0,-1,-1,-1,0,0,),[]":{
	"3":1466.11,
	"18":1626.28},
"(2,2,2,2,0,2,2,2,2,2,2,1,1,1,1,1,20,0,0,-1,-1,-1,2,0,1,0,-1,-1,-1,0,0,),[]":{
	"3":1244.86,
	"18":1480.14},
"(2,2,2,2,0,2,2,2,2,2,2,1,1,1,1,1,30,0,0,-1,-1,-1,2,0,1,0,-1,-1,-1,0,0,),[]":{
	"3":1114.71,
	"18":1303.14},
"(2,2,2,2,0,2,2,2,2,2,2,1,1,1,1,1,40,0,0,-1,-1,-1,2,0,1,0,-1,-1,-1,0,0,),[]":{
	"3":920.524,
	"18":1111.73},
"(2,2,2,2,0,2,2,2,2,2,2,1,1,1,1,1,50,0,0,-1,-1,-1,2,0,1,0,-1,-1,-1,0,0,),[]":{
	"3":746.81,
	"18":893.217},
"(2,2,2,2,0,2,2,2,2,2,2,1,1,1,1,1,60,0,0,-1,-1,-1,2,0,1,0,-1,-1,-1,0,0,),[]":{
	"3":558.607,
	"18":701.617},
"(2,2,2,2,0,2,2,2,2,2,2,1,1,1,1,1,70,0,0,-1,-1,-1,2,0,1,0,-1,-1,-1,0,0,),[]":{
	"3":317.32,
	"18":488.911},
"(2,2,2,2,0,2,2,2,2,2,2,1,1,1,1,1,80,0,0,-1,-1,-1,2,0,1,0,-1,-1,-1,0,0,),[]":{
	"3":150.881,
	"18":47.6968},
"(2,2,2,2,0,2,2,2,2,2,2,1,1,1,1,1,90,0,0,-1,-1,-1,2,0,1,0,-1,-1,-1,0,0,),[]":{
	"3":-110.278,
	"18":-113.023},
"(2,2,2,2,2,0,2,2,2,2,2,1,1,1,1,1,0,0,0,-1,-1,-1,2,0,5,0,-1,-1,-1,0,0,),[]":{
	"2":1796.34,
	"4":1110.11,
	"6":1537.4,
	"8":1564.78,
	"10":1767.72},
"(2,2,2,2,2,0,2,2,2,2,2,1,1,1,1,1,10,0,0,-1,-1,-1,2,0,5,0,-1,-1,-1,0,0,),[]":{
	"2":1676.66,
	"4":1319.35,
	"6":1608.51,
	"8":1664.7,
	"10":1439.91},
"(2,2,2,2,2,0,2,2,2,2,2,1,1,1,1,1,20,0,0,-1,-1,-1,2,0,5,0,-1,-1,-1,0,0,),[]":{
	"2":1503.01,
	"4":1175.76,
	"6":1431.38,
	"8":1495.93,
	"10":1470.21},
"(2,2,2,2,2,0,2,2,2,2,2,1,1,1,1,1,30,0,0,-1,-1,-1,2,0,5,0,-1,-1,-1,0,0,),[]":{
	"2":1322,
	"4":1083.02,
	"6":957.197,
	"8":1303.49,
	"10":1274.83},
"(2,2,2,2,2,0,2,2,2,2,2,1,1,1,1,1,40,0,0,-1,-1,-1,2,0,5,0,-1,-1,-1,0,0,),[]":{
	"2":1133.96,
	"4":931.794,
	"6":1089.71,
	"8":276.279,
	"10":1058.29},
"(2,2,2,2,2,0,2,2,2,2,2,1,1,1,1,1,50,0,0,-1,-1,-1,2,0,5,0,-1,-1,-1,0,0,),[]":{
	"2":952.255,
	"4":529.063,
	"6":772.365,
	"8":928.835,
	"10":939.945},
"(2,2,2,2,2,0,2,2,2,2,2,1,1,1,1,1,60,0,0,-1,-1,-1,2,0,5,0,-1,-1,-1,0,0,),[]":{
	"2":655.143,
	"4":368.326,
	"6":718.989,
	"8":721.032,
	"10":742.847},
"(2,2,2,2,2,0,2,2,2,2,2,1,1,1,1,1,70,0,0,-1,-1,-1,2,0,5,0,-1,-1,-1,0,0,),[]":{
	"2":588.659,
	"4":168.461,
	"6":494.171,
	"8":499.044,
	"10":448.53},
"(2,2,2,2,2,0,2,2,2,2,2,1,1,1,1,1,80,0,0,-1,-1,-1,2,0,5,0,-1,-1,-1,0,0,),[]":{
	"2":172.444,
	"4":-22.468,
	"6":162.222,
	"8":357.844,
	"10":215.75},
"(2,2,2,2,2,0,2,2,2,2,2,1,1,1,1,1,90,0,0,-1,-1,-1,2,0,5,0,-1,-1,-1,0,0,),[]":{
	"2":74.1348,
	"4":-185.594,
	"6":-82.7695,
	"8":-15.3382,
	"10":-52.7348},
"(2,2,2,2,2,2,0,2,2,2,2,1,1,1,1,1,0,0,0,-1,-1,-1,2,0,2,0,-1,-1,-1,0,0,),[]":{
	"5":1668.3,
	"18":1899.84},
"(2,2,2,2,2,2,0,2,2,2,2,1,1,1,1,1,10,0,0,-1,-1,-1,2,0,2,0,-1,-1,-1,0,0,),[]":{
	"5":1532.44,
	"18":1722.22},
"(2,2,2,2,2,2,0,2,2,2,2,1,1,1,1,1,20,0,0,-1,-1,-1,2,0,2,0,-1,-1,-1,0,0,),[]":{
	"5":1379.09,
	"18":1536.52},
"(2,2,2,2,2,2,0,2,2,2,2,1,1,1,1,1,30,0,0,-1,-1,-1,2,0,2,0,-1,-1,-1,0,0,),[]":{
	"5":1197.21,
	"18":1388.25},
"(2,2,2,2,2,2,0,2,2,2,2,1,1,1,1,1,40,0,0,-1,-1,-1,2,0,2,0,-1,-1,-1,0,0,),[]":{
	"5":985.555,
	"18":1197.68},
"(2,2,2,2,2,2,0,2,2,2,2,1,1,1,1,1,50,0,0,-1,-1,-1,2,0,2,0,-1,-1,-1,0,0,),[]":{
	"5":839.992,
	"18":978.246},
"(2,2,2,2,2,2,0,2,2,2,2,1,1,1,1,1,60,0,0,-1,-1,-1,2,0,2,0,-1,-1,-1,0,0,),[]":{
	"5":626.225,
	"18":820.629},
"(2,2,2,2,2,2,0,2,2,2,2,1,1,1,1,1,70,0,0,-1,-1,-1,2,0,2,0,-1,-1,-1,0,0,),[]":{
	"5":473.4,
	"18":596.386},
"(2,2,2,2,2,2,0,2,2,2,2,1,1,1,1,1,80,0,0,-1,-1,-1,2,0,2,0,-1,-1,-1,0,0,),[]":{
	"5":234.226,
	"18":126.457},
"(2,2,2,2,2,2,0,2,2,2,2,1,1,1,1,1,90,0,0,-1,-1,-1,2,0,2,0,-1,-1,-1,0,0,),[]":{
	"5":-32.7226,
	"18":-139.037},
"(2,2,2,2,2,2,2,0,2,2,2,1,1,1,1,1,0,0,0,-1,-1,-1,2,0,5,0,-1,-1,-1,0,0,),[]":{
	"2":1780.4,
	"4":1571,
	"6":1736.76,
	"8":1505.83,
	"10":1831.15},
"(2,2,2,2,2,2,2,0,2,2,2,1,1,1,1,1,10,0,0,-1,-1,-1,2,0,5,0,-1,-1,-1,0,0,),[]":{
	"2":1673.08,
	"4":1446.86,
	"6":1612.48,
	"8":1670.39,
	"10":1668.8},
"(2,2,2,2,2,2,2,0,2,2,2,1,1,1,1,1,20,0,0,-1,-1,-1,2,0,5,0,-1,-1,-1,0,0,),[]":{
	"2":1504.5,
	"4":1279.37,
	"6":1422.34,
	"8":1485.57,
	"10":1474.21},
"(2,2,2,2,2,2,2,0,2,2,2,1,1,1,1,1,30,0,0,-1,-1,-1,2,0,5,0,-1,-1,-1,0,0,),[]":{
	"2":1323.39,
	"4":1112.41,
	"6":1242.44,
	"8":1300.67,
	"10":1287.88},
"(2,2,2,2,2,2,2,0,2,2,2,1,1,1,1,1,40,0,0,-1,-1,-1,2,0,5,0,-1,-1,-1,0,0,),[]":{
	"2":1141.41,
	"4":917.129,
	"6":1064.96,
	"8":1117.24,
	"10":1113.81},
"(2,2,2,2,2,2,2,0,2,2,2,1,1,1,1,1,50,0,0,-1,-1,-1,2,0,5,0,-1,-1,-1,0,0,),[]":{
	"2":939.196,
	"4":715.399,
	"6":867.162,
	"8":932.383,
	"10":920.913},
"(2,2,2,2,2,2,2,0,2,2,2,1,1,1,1,1,60,0,0,-1,-1,-1,2,0,5,0,-1,-1,-1,0,0,),[]":{
	"2":770.676,
	"4":473.57,
	"6":687.072,
	"8":711.621,
	"10":725.612},
"(2,2,2,2,2,2,2,0,2,2,2,1,1,1,1,1,70,0,0,-1,-1,-1,2,0,5,0,-1,-1,-1,0,0,),[]":{
	"2":531.916,
	"4":319.35,
	"6":492.657,
	"8":499.628,
	"10":450.633},
"(2,2,2,2,2,2,2,0,2,2,2,1,1,1,1,1,80,0,0,-1,-1,-1,2,0,5,0,-1,-1,-1,0,0,),[]":{
	"2":338.544,
	"4":93.7044,
	"6":139.501,
	"8":327.738,
	"10":228.038},
"(2,2,2,2,2,2,2,0,2,2,2,1,1,1,1,1,90,0,0,-1,-1,-1,2,0,5,0,-1,-1,-1,0,0,),[]":{
	"2":203.593,
	"4":-257.908,
	"6":-86.0835,
	"8":-45.3188,
	"10":-40.2156},
"(2,2,2,2,2,2,2,2,0,2,2,1,1,1,1,1,0,0,0,-1,-1,-1,2,0,3,0,-1,-1,-1,0,0,),[]":{
	"7":1730.24,
	"18":1917.18},
"(2,2,2,2,2,2,2,2,0,2,2,1,1,1,1,1,10,0,0,-1,-1,-1,2,0,3,0,-1,-1,-1,0,0,),[]":{
	"7":1582.5,
	"18":1768.87},
"(2,2,2,2,2,2,2,2,0,2,2,1,1,1,1,1,20,0,0,-1,-1,-1,2,0,3,0,-1,-1,-1,0,0,),[]":{
	"7":1411.23,
	"18":1575.06},
"(2,2,2,2,2,2,2,2,0,2,2,1,1,1,1,1,30,0,0,-1,-1,-1,2,0,3,0,-1,-1,-1,0,0,),[]":{
	"7":1232.6,
	"18":1390.98},
"(2,2,2,2,2,2,2,2,0,2,2,1,1,1,1,1,40,0,0,-1,-1,-1,2,0,3,0,-1,-1,-1,0,0,),[]":{
	"7":1052.08,
	"18":1203.48},
"(2,2,2,2,2,2,2,2,0,2,2,1,1,1,1,1,50,0,0,-1,-1,-1,2,0,3,0,-1,-1,-1,0,0,),[]":{
	"7":857.518,
	"18":1052.8},
"(2,2,2,2,2,2,2,2,0,2,2,1,1,1,1,1,60,0,0,-1,-1,-1,2,0,3,0,-1,-1,-1,0,0,),[]":{
	"7":659.83,
	"18":798.383},
"(2,2,2,2,2,2,2,2,0,2,2,1,1,1,1,1,70,0,0,-1,-1,-1,2,0,3,0,-1,-1,-1,0,0,),[]":{
	"7":484.148,
	"18":565.692},
"(2,2,2,2,2,2,2,2,0,2,2,1,1,1,1,1,80,0,0,-1,-1,-1,2,0,3,0,-1,-1,-1,0,0,),[]":{
	"7":254.526,
	"18":444.056},
"(2,2,2,2,2,2,2,2,0,2,2,1,1,1,1,1,90,0,0,-1,-1,-1,2,0,3,0,-1,-1,-1,0,0,),[]":{
	"7":4.78925,
	"18":214.66},
"(2,2,2,2,2,2,2,2,2,0,2,1,1,1,1,1,0,0,0,-1,-1,-1,2,0,5,0,-1,-1,-1,0,0,),[]":{
	"2":1803.96,
	"4":1437.15,
	"6":1608.67,
	"8":1389.59,
	"10":1414.72},
"(2,2,2,2,2,2,2,2,2,0,2,1,1,1,1,1,10,0,0,-1,-1,-1,2,0,5,0,-1,-1,-1,0,0,),[]":{
	"2":1673.15,
	"4":1421.77,
	"6":1578.71,
	"8":1670.14,
	"10":1587.42},
"(2,2,2,2,2,2,2,2,2,0,2,1,1,1,1,1,20,0,0,-1,-1,-1,2,0,5,0,-1,-1,-1,0,0,),[]":{
	"2":1506.42,
	"4":1261.69,
	"6":1416.2,
	"8":1481.25,
	"10":1481.73},
"(2,2,2,2,2,2,2,2,2,0,2,1,1,1,1,1,30,0,0,-1,-1,-1,2,0,5,0,-1,-1,-1,0,0,),[]":{
	"2":1326.52,
	"4":1103.11,
	"6":1181.64,
	"8":1300.3,
	"10":1301.83},
"(2,2,2,2,2,2,2,2,2,0,2,1,1,1,1,1,40,0,0,-1,-1,-1,2,0,5,0,-1,-1,-1,0,0,),[]":{
	"2":1145.37,
	"4":734.474,
	"6":1089.47,
	"8":1123.52,
	"10":1129},
"(2,2,2,2,2,2,2,2,2,0,2,1,1,1,1,1,50,0,0,-1,-1,-1,2,0,5,0,-1,-1,-1,0,0,),[]":{
	"2":954.506,
	"4":716.342,
	"6":860.524,
	"8":938.171,
	"10":920.661},
"(2,2,2,2,2,2,2,2,2,0,2,1,1,1,1,1,60,0,0,-1,-1,-1,2,0,5,0,-1,-1,-1,0,0,),[]":{
	"2":764.022,
	"4":510.497,
	"6":716.575,
	"8":715.569,
	"10":745.074},
"(2,2,2,2,2,2,2,2,2,0,2,1,1,1,1,1,70,0,0,-1,-1,-1,2,0,5,0,-1,-1,-1,0,0,),[]":{
	"2":590.701,
	"4":346.444,
	"6":489.776,
	"8":491.981,
	"10":434.006},
"(2,2,2,2,2,2,2,2,2,0,2,1,1,1,1,1,80,0,0,-1,-1,-1,2,0,5,0,-1,-1,-1,0,0,),[]":{
	"2":394.042,
	"4":88.0056,
	"6":143.077,
	"8":320.648,
	"10":249.992},
"(2,2,2,2,2,2,2,2,2,0,2,1,1,1,1,1,90,0,0,-1,-1,-1,2,0,5,0,-1,-1,-1,0,0,),[]":{
	"2":125.843,
	"4":-204.272,
	"6":-86.8224,
	"8":-27.147,
	"10":-47.2156},
"(2,2,2,2,2,2,2,2,2,2,0,1,1,1,1,1,0,0,0,-1,-1,-1,2,0,4,0,-1,-1,-1,0,0,),[]":{
	"9":1673.97,
	"18":1923.07},
"(2,2,2,2,2,2,2,2,2,2,0,1,1,1,1,1,10,0,0,-1,-1,-1,2,0,4,0,-1,-1,-1,0,0,),[]":{
	"9":1569.61,
	"18":1781.58},
"(2,2,2,2,2,2,2,2,2,2,0,1,1,1,1,1,20,0,0,-1,-1,-1,2,0,4,0,-1,-1,-1,0,0,),[]":{
	"9":1391.72,
	"18":1573.75},
"(2,2,2,2,2,2,2,2,2,2,0,1,1,1,1,1,30,0,0,-1,-1,-1,2,0,4,0,-1,-1,-1,0,0,),[]":{
	"9":1231.49,
	"18":1399.96},
"(2,2,2,2,2,2,2,2,2,2,0,1,1,1,1,1,40,0,0,-1,-1,-1,2,0,4,0,-1,-1,-1,0,0,),[]":{
	"9":1045.24,
	"18":1206.19},
"(2,2,2,2,2,2,2,2,2,2,0,1,1,1,1,1,50,0,0,-1,-1,-1,2,0,4,0,-1,-1,-1,0,0,),[]":{
	"9":855.192,
	"18":1019.78},
"(2,2,2,2,2,2,2,2,2,2,0,1,1,1,1,1,60,0,0,-1,-1,-1,2,0,4,0,-1,-1,-1,0,0,),[]":{
	"9":672.034,
	"18":835.765},
"(2,2,2,2,2,2,2,2,2,2,0,1,1,1,1,1,70,0,0,-1,-1,-1,2,0,4,0,-1,-1,-1,0,0,),[]":{
	"9":478.145,
	"18":418.548},
"(2,2,2,2,2,2,2,2,2,2,0,1,1,1,1,1,80,0,0,-1,-1,-1,2,0,4,0,-1,-1,-1,0,0,),[]":{
	"9":294.572,
	"18":144.683},
"(2,2,2,2,2,2,2,2,2,2,0,1,1,1,1,1,90,0,0,-1,-1,-1,2,0,4,0,-1,-1,-1,0,0,),[]":{
	"9":25.5798,
	"18":-37.8588},
"(2,2,2,2,2,2,2,2,2,2,2,1,1,1,1,1,0,0,0,-1,-1,-1,0,0,0,0,-1,-1,-1,0,0,),[]":{
	"1":1739.78,
	"11":1792.37}

	}
}