{"version":1.0,"type":"state->regressor","representation":"map","actions":{
		"0":"Rong.Ongoing->Rong.Win { isGameWon(), tau, 1 }",
		"1":"m_stone0Charger0_WL0.P1->m_stone0Charger0_WL0.F1T2 { isReady(p1), tau, move() }",
		"2":"m_charger0Stone0_WL0.P1->m_charger0Stone0_WL0.F1T2 { isReady(p1), tau, move() }",
		"3":"m_stone0Charger1_WL0.P1->m_stone0Charger1_WL0.F1T2 { isReady(p1), tau, move() }",
		"4":"m_charger1Stone0_WL0.P1->m_charger1Stone0_WL0.F1T2 { isReady(p1), tau, move() }",
		"5":"m_stone0Secondary0_TK0.P1->m_stone0Secondary0_TK0.F1T2 { isReady(p1), tau, move() }",
		"6":"m_secondary0Stone0_TK0.P1->m_secondary0Stone0_TK0.F1T2 { isReady(p1), tau, move() }",
		"7":"m_stone0Charger0_TK0.P1->m_stone0Charger0_TK0.F1T2 { isReady(p1), tau, move() }",
		"8":"m_charger0Stone0_TK0.P1->m_charger0Stone0_TK0.F1T2 { isReady(p1), tau, move() }",
		"9":"m_stone0Charger1_TK0.P1->m_stone0Charger1_TK0.F1T2 { isReady(p1), tau, move() }",
		"10":"m_charger1Stone0_TK0.P1->m_charger1Stone0_TK0.F1T2 { isReady(p1), tau, move() }",
		"11":"m_primary0Secondary0_TK0.P1->m_primary0Secondary0_TK0.F1T2 { isReady(p1), tau, move() }",
		"12":"m_secondary0Primary0_TK0.P1->m_secondary0Primary0_TK0.F1T2 { isReady(p1), tau, move() }",
		"13":"m_primary0Charger0_TK0.P1->m_primary0Charger0_TK0.F1T2 { isReady(p1), tau, move() }",
		"14":"m_charger0Primary0_TK0.P1->m_charger0Primary0_TK0.F1T2 { isReady(p1), tau, move() }",
		"15":"m_primary0Charger1_TK0.P1->m_primary0Charger1_TK0.F1T2 { isReady(p1), tau, move() }",
		"16":"m_charger1Primary0_TK0.P1->m_charger1Primary0_TK0.F1T2 { isReady(p1), tau, move() }",
		"17":"m_secondary0Charger0_TK0.P1->m_secondary0Charger0_TK0.F1T2 { isReady(p1), tau, move() }",
		"18":"m_charger0Secondary0_TK0.P1->m_charger0Secondary0_TK0.F1T2 { isReady(p1), tau, move() }",
		"19":"m_secondary0Charger1_TK0.P1->m_secondary0Charger1_TK0.F1T2 { isReady(p1), tau, move() }",
		"20":"m_charger1Secondary0_TK0.P1->m_charger1Secondary0_TK0.F1T2 { isReady(p1), tau, move() }",
		"21":"t_digging_WL0.Idle->t_digging_WL0.Executing { !isBusy(agentID, task) && isExecutable(agentID, task) && agents[agentID].a_status[task.t_id] != FINISHED && !isMonitorAlert(agentID), tau, xe := 0, start(agentID, task) }",
		"22":"t_digging_WL0.Waiting->t_digging_WL0.Executing { !isBusy(agentID, task) && isExecutable(agentID, task) && agents[agentID].a_status[task.t_id] != FINISHED, tau, xe := 0, start(agentID, task) }",
		"23":"t_digging_WL0.Idle->t_digging_WL0.Waiting { isBusy(agentID, task) && isExecutable(agentID, task) && agents[agentID].a_status[task.t_id] != FINISHED && !isMonitorAlert(agentID), tau, xe := 0, wait(agentID, task) }",
		"24":"t_unloading_WL0.Idle->t_unloading_WL0.Executing { !isBusy(agentID, task) && isExecutable(agentID, task) && agents[precondition.p_agent].a_status[precondition.p_task] == FINISHED && agents[agentID].a_status[task.t_id] != FINISHED && (agents[collaborations[0].c_agent].a_position == collaborations[0].c_position && agents[collaborations[0].c_agent].a_position == agents[agentID].a_position) && !isMonitorAlert(agentID), exe[collaborations[0].c_agent]!, xe := 0, helper := collaborations[0].c_agent, start(agentID, task) }",
		"25":"t_unloading_WL0.Waiting->t_unloading_WL0.Executing { !isBusy(agentID, task) && isExecutable(agentID, task) && agents[precondition.p_agent].a_status[precondition.p_task] == FINISHED && agents[agentID].a_status[task.t_id] != FINISHED && (agents[collaborations[helper].c_agent].a_position == collaborations[helper].c_position && agents[collaborations[helper].c_agent].a_position == agents[agentID].a_position), exe[helper]!, xe := 0, start(agentID, task) }",
		"26":"t_unloading_WL0.Idle->t_unloading_WL0.Waiting { isBusy(agentID, task) && isExecutable(agentID, task) && agents[precondition.p_agent].a_status[precondition.p_task] == FINISHED && agents[agentID].a_status[task.t_id] != FINISHED && (agents[collaborations[0].c_agent].a_position == collaborations[0].c_position && agents[collaborations[0].c_agent].a_position == agents[agentID].a_position) && !isMonitorAlert(agentID), tau, xe := 0, helper := collaborations[0].c_agent, wait(agentID, task) }",
		"27":"t_charging_WL0.Idle->t_charging_WL0.Executing { !isBusy(agentID, task) && isExecutable(agentID, task) && isEventOccur(agentID, event), tau, xe := 0, start(agentID, task) }",
		"28":"t_charging_WL0.Waiting->t_charging_WL0.Executing { !isBusy(agentID, task) && isExecutable(agentID, task) && isEventOccur(agentID, event), tau, xe := 0, start(agentID, task) }",
		"29":"t_charging_WL0.Idle->t_charging_WL0.Waiting { isBusy(agentID, task) && isExecutable(agentID, task) && isEventOccur(agentID, event), tau, xe := 0, wait(agentID, task) }",
		"30":"t_loadingFromWL_TK0.Idle->t_loadingFromWL_TK0.Waiting { isBusy(agentID, task) && isExecutable(agentID, task) && agents[agentID].a_status[task.t_id] != FINISHED && agents[precondition.p_agent].a_status[precondition.p_task] != FINISHED && (agents[collaborations[0].c_agent].a_position == collaborations[0].c_position && agents[collaborations[0].c_agent].a_position == agents[agentID].a_position) && !isMonitorAlert(agentID), tau, xe := 0, initiator := 0, wait(agentID, task) }",
		"31":"t_loadingFromPrimary_TK0.Idle->t_loadingFromPrimary_TK0.Executing { !isBusy(agentID, task) && isExecutable(agentID, task) && agents[precondition.p_agent].a_status[precondition.p_task] != FINISHED && agents[agentID].a_status[task.t_id] != FINISHED && !isMonitorAlert(agentID), tau, xe := 0, start(agentID, task) }",
		"32":"t_loadingFromPrimary_TK0.Waiting->t_loadingFromPrimary_TK0.Executing { !isBusy(agentID, task) && isExecutable(agentID, task) && agents[precondition.p_agent].a_status[precondition.p_task] != FINISHED && agents[agentID].a_status[task.t_id] != FINISHED, tau, xe := 0, start(agentID, task) }",
		"33":"t_loadingFromPrimary_TK0.Idle->t_loadingFromPrimary_TK0.Waiting { isBusy(agentID, task) && isExecutable(agentID, task) && agents[precondition.p_agent].a_status[precondition.p_task] != FINISHED && agents[agentID].a_status[task.t_id] != FINISHED && !isMonitorAlert(agentID), tau, xe := 0, wait(agentID, task) }",
		"34":"t_unloadingToSecond_TK0.Idle->t_unloadingToSecond_TK0.Executing { !isBusy(agentID, task) && isExecutable(agentID, task) && (agents[preconditions[0].p_agent].a_status[preconditions[0].p_task] == FINISHED || agents[preconditions[1].p_agent].a_status[preconditions[1].p_task] == FINISHED) && agents[agentID].a_status[task.t_id] != FINISHED && !isMonitorAlert(agentID), tau, xe := 0, start(agentID, task) }",
		"35":"t_unloadingToSecond_TK0.Waiting->t_unloadingToSecond_TK0.Executing { !isBusy(agentID, task) && isExecutable(agentID, task) && (agents[preconditions[0].p_agent].a_status[preconditions[0].p_task] == FINISHED || agents[preconditions[1].p_agent].a_status[preconditions[1].p_task] == FINISHED) && agents[agentID].a_status[task.t_id] != FINISHED, tau, xe := 0, start(agentID, task) }",
		"36":"t_unloadingToSecond_TK0.Idle->t_unloadingToSecond_TK0.Waiting { isBusy(agentID, task) && isExecutable(agentID, task) && (agents[preconditions[0].p_agent].a_status[preconditions[0].p_task] == FINISHED || agents[preconditions[1].p_agent].a_status[preconditions[1].p_task] == FINISHED) && agents[agentID].a_status[task.t_id] != FINISHED && !isMonitorAlert(agentID), tau, xe := 0, wait(agentID, task) }",
		"37":"t_charging_TK0.Idle->t_charging_TK0.Executing { !isBusy(agentID, task) && isExecutable(agentID, task) && isEventOccur(agentID, event), tau, xe := 0, start(agentID, task) }",
		"38":"t_charging_TK0.Waiting->t_charging_TK0.Executing { !isBusy(agentID, task) && isExecutable(agentID, task) && isEventOccur(agentID, event), tau, xe := 0, start(agentID, task) }",
		"39":"t_charging_TK0.Idle->t_charging_TK0.Waiting { isBusy(agentID, task) && isExecutable(agentID, task) && isEventOccur(agentID, event), tau, xe := 0, wait(agentID, task) }",
		"40":"WAIT"
	},"statevars":[
		"Rong.location",
		"m_stone0Charger0_WL0.location",
		"m_charger0Stone0_WL0.location",
		"m_stone0Charger1_WL0.location",
		"m_charger1Stone0_WL0.location",
		"m_stone0Secondary0_TK0.location",
		"m_secondary0Stone0_TK0.location",
		"m_stone0Charger0_TK0.location",
		"m_charger0Stone0_TK0.location",
		"m_stone0Charger1_TK0.location",
		"m_charger1Stone0_TK0.location",
		"m_primary0Secondary0_TK0.location",
		"m_secondary0Primary0_TK0.location",
		"m_primary0Charger0_TK0.location",
		"m_charger0Primary0_TK0.location",
		"m_primary0Charger1_TK0.location",
		"m_charger1Primary0_TK0.location",
		"m_secondary0Charger0_TK0.location",
		"m_charger0Secondary0_TK0.location",
		"m_secondary0Charger1_TK0.location",
		"m_charger1Secondary0_TK0.location",
		"t_digging_WL0.location",
		"t_unloading_WL0.location",
		"t_charging_WL0.location",
		"t_loadingFromWL_TK0.location",
		"t_loadingFromPrimary_TK0.location",
		"t_unloadingToSecond_TK0.location",
		"t_charging_TK0.location",
		"o_battery_WL0.location",
		"o_battery_TK0.location",
		"var",
		"agents[0].a_position",
		"agents[0].a_monitors[0]",
		"agents[0].a_task.t_id",
		"agents[0].a_task.t_deviceUse.d_id",
		"agents[0].a_task.t_deviceUse.d_position",
		"agents[0].a_status[ID_DIG_WHEELLOADER]",
		"agents[0].a_status[ID_UNLOAD_TO_TRUCKS_WHEELLOADER]",
		"agents[1].a_position",
		"agents[1].a_monitors[0]",
		"agents[1].a_task.t_id",
		"agents[1].a_task.t_deviceUse.d_id",
		"agents[1].a_task.t_deviceUse.d_position",
		"agents[1].a_status[ID_DIG_WHEELLOADER]",
		"agents[1].a_status[ID_UNLOAD_TO_TRUCKS_WHEELLOADER]"
	],"pointvars":[
	],"locationnames":{
		"Rong.location":{
			"0":"Lose",
			"1":"Win",
			"2":"Ongoing",
			"3":"Begin"
		},
		"m_stone0Charger0_WL0.location":{
			"0":"P2",
			"1":"F1T2",
			"2":"P1"
		},
		"m_charger0Stone0_WL0.location":{
			"0":"P2",
			"1":"F1T2",
			"2":"P1"
		},
		"m_stone0Charger1_WL0.location":{
			"0":"P2",
			"1":"F1T2",
			"2":"P1"
		},
		"m_charger1Stone0_WL0.location":{
			"0":"P2",
			"1":"F1T2",
			"2":"P1"
		},
		"m_stone0Secondary0_TK0.location":{
			"0":"P2",
			"1":"F1T2",
			"2":"P1"
		},
		"m_secondary0Stone0_TK0.location":{
			"0":"P2",
			"1":"F1T2",
			"2":"P1"
		},
		"m_stone0Charger0_TK0.location":{
			"0":"P2",
			"1":"F1T2",
			"2":"P1"
		},
		"m_charger0Stone0_TK0.location":{
			"0":"P2",
			"1":"F1T2",
			"2":"P1"
		},
		"m_stone0Charger1_TK0.location":{
			"0":"P2",
			"1":"F1T2",
			"2":"P1"
		},
		"m_charger1Stone0_TK0.location":{
			"0":"P2",
			"1":"F1T2",
			"2":"P1"
		},
		"m_primary0Secondary0_TK0.location":{
			"0":"P2",
			"1":"F1T2",
			"2":"P1"
		},
		"m_secondary0Primary0_TK0.location":{
			"0":"P2",
			"1":"F1T2",
			"2":"P1"
		},
		"m_primary0Charger0_TK0.location":{
			"0":"P2",
			"1":"F1T2",
			"2":"P1"
		},
		"m_charger0Primary0_TK0.location":{
			"0":"P2",
			"1":"F1T2",
			"2":"P1"
		},
		"m_primary0Charger1_TK0.location":{
			"0":"P2",
			"1":"F1T2",
			"2":"P1"
		},
		"m_charger1Primary0_TK0.location":{
			"0":"P2",
			"1":"F1T2",
			"2":"P1"
		},
		"m_secondary0Charger0_TK0.location":{
			"0":"P2",
			"1":"F1T2",
			"2":"P1"
		},
		"m_charger0Secondary0_TK0.location":{
			"0":"P2",
			"1":"F1T2",
			"2":"P1"
		},
		"m_secondary0Charger1_TK0.location":{
			"0":"P2",
			"1":"F1T2",
			"2":"P1"
		},
		"m_charger1Secondary0_TK0.location":{
			"0":"P2",
			"1":"F1T2",
			"2":"P1"
		},
		"t_digging_WL0.location":{
			"0":"Waiting",
			"1":"Idle",
			"2":"Executing"
		},
		"t_unloading_WL0.location":{
			"0":"Waiting",
			"1":"Idle",
			"2":"Executing"
		},
		"t_charging_WL0.location":{
			"0":"Waiting",
			"1":"Idle",
			"2":"Executing"
		},
		"t_loadingFromWL_TK0.location":{
			"0":"Waiting",
			"1":"Idle",
			"2":"Executing"
		},
		"t_loadingFromPrimary_TK0.location":{
			"0":"Waiting",
			"1":"Idle",
			"2":"Executing"
		},
		"t_unloadingToSecond_TK0.location":{
			"0":"Waiting",
			"1":"Idle",
			"2":"Executing"
		},
		"t_charging_TK0.location":{
			"0":"Waiting",
			"1":"Idle",
			"2":"Executing"
		},
		"o_battery_WL0.location":{
			"0":"Stop",
			"1":"Alert",
			"2":"Run"
		},
		"o_battery_TK0.location":{
			"0":"Stop",
			"1":"Alert",
			"2":"Run"
		}
	},"regressors":{"(2,2,2,0,1,2,2,2,2,2,2,2,2,0,2,2,2,2,2,2,2,1,1,1,1,1,1,1,2,1,0,-1,0,-2,-1,-1,2,0,3,1,-1,-1,-1,2,0,),[]":{
	"37":4276.43},
"(2,2,2,0,1,2,2,2,2,2,2,2,2,2,2,2,0,2,2,2,2,1,1,1,1,1,1,1,2,2,0,-1,0,-2,-1,-1,0,0,1,0,-1,-1,-1,0,0,),[]":{
	"31":3812.71},
"(2,2,2,0,2,0,2,2,2,2,2,2,2,2,2,2,2,2,2,2,2,1,1,2,1,1,1,1,1,2,50,4,1,2,3,4,0,0,2,0,-1,-1,-1,2,0,),[]":{
	"34":2389.7},
"(2,2,2,0,2,1,0,2,2,2,2,2,2,2,2,2,2,2,2,2,2,1,1,1,1,1,1,1,1,2,50,4,1,-1,-1,-1,0,0,-1,0,-2,-1,-1,2,0,),[]":{
	"27":2352.62},
"(2,2,2,0,2,2,2,2,2,2,2,2,2,1,2,2,0,2,2,2,2,1,1,1,1,1,1,1,1,2,0,4,1,-1,-1,-1,2,0,-1,0,-2,-1,-1,2,0,),[]":{
	"27":4135.51},
"(2,2,2,1,0,2,2,2,2,2,2,2,2,2,2,2,0,2,2,2,2,1,1,1,1,1,1,1,1,2,0,-1,1,-2,-1,-1,2,0,1,0,-1,-1,-1,2,0,),[]":{
	"13":4043.33},
"(2,2,2,1,0,2,2,2,2,2,2,2,2,2,2,2,0,2,2,2,2,1,1,1,1,1,1,1,2,2,0,-1,0,-2,-1,-1,2,0,1,0,-1,-1,-1,2,0,),[]":{
	"13":4043.42},
"(2,2,2,1,2,2,2,2,2,0,2,2,2,2,2,2,2,2,2,2,2,1,1,1,1,1,1,1,2,2,0,-1,0,-2,-1,-1,0,0,4,0,-1,-1,-1,0,0,),[]":{
	"16":3576},
"(2,2,2,1,2,2,2,2,2,2,2,2,2,2,2,2,2,2,2,2,2,1,1,1,1,1,1,1,2,2,0,-1,0,-2,-1,-1,0,0,0,0,-1,-1,-1,0,0,),[]":{
	"9":3473.81},
"(2,2,2,2,0,1,0,2,2,2,2,2,2,2,2,2,2,2,2,2,2,1,1,1,1,1,1,1,1,2,50,0,1,-1,-1,-1,0,0,-1,0,-2,-1,-1,2,0,),[]":{
	"3":2261.53},
"(2,2,2,2,0,2,0,2,2,2,2,2,2,2,2,2,2,2,2,2,2,1,1,1,1,1,1,1,1,2,50,0,1,-1,-1,-1,0,0,0,0,-1,-1,-1,2,0,),[]":{
	"5":2238.9},
"(2,2,2,2,0,2,0,2,2,2,2,2,2,2,2,2,2,2,2,2,2,1,1,1,1,1,1,1,1,2,50,0,1,-1,-1,-1,2,0,0,0,-1,-1,-1,0,0,),[]":{
	"24":2177.2},
"(2,2,2,2,0,2,2,2,2,0,2,2,2,2,2,2,1,2,2,2,2,1,1,1,1,1,1,1,2,2,0,0,0,-1,-1,-1,0,0,-1,0,-2,-1,-1,0,0,),[]":{
	"3":3681.26},
"(2,2,2,2,0,2,2,2,2,2,2,2,2,2,2,2,0,2,2,2,2,1,1,1,1,2,1,1,2,2,0,0,0,-1,-1,-1,0,0,1,0,0,0,1,1,0,),[]":{
	"21":3892.61},
"(2,2,2,2,0,2,2,2,2,2,2,2,2,2,2,2,0,2,2,2,2,1,1,1,1,2,1,1,2,2,0,0,0,-1,-1,-1,2,0,1,0,0,0,1,1,0,),[]":{
	"3":3989.46},
"(2,2,2,2,0,2,2,2,2,2,2,2,2,2,2,2,2,2,0,2,2,1,1,1,1,1,1,1,1,2,50,0,1,-1,-1,-1,2,0,2,0,-1,-1,-1,0,0,),[]":{
	"6":2077.64},
"(2,2,2,2,0,2,2,2,2,2,2,2,2,2,2,2,2,2,0,2,2,1,1,1,1,1,1,1,2,2,50,0,0,-1,-1,-1,2,0,2,0,-1,-1,-1,0,0,),[]":{
	"6":2077.97},
"(2,2,2,2,2,2,2,2,2,2,2,2,2,2,2,2,2,2,2,2,2,1,1,1,1,1,1,1,2,2,0,0,0,-1,-1,-1,0,0,0,0,-1,-1,-1,0,0,),[]":{
	"3":3438.71}

	}
}