{"version":1.0,"type":"state->regressor","representation":"map","actions":{
		"0":"Rong.Ongoing->Rong.Win { isGameWon(), tau, 1 }",
		"1":"m_stone0Secondary0_TK0.P1->m_stone0Secondary0_TK0.F1T2 { isReady(p1), tau, move() }",
		"2":"m_secondary0Stone0_TK0.P1->m_secondary0Stone0_TK0.F1T2 { isReady(p1), tau, move() }",
		"3":"m_stone0Secondary1_TK0.P1->m_stone0Secondary1_TK0.F1T2 { isReady(p1), tau, move() }",
		"4":"m_secondary1Stone0_TK0.P1->m_secondary1Stone0_TK0.F1T2 { isReady(p1), tau, move() }",
		"5":"m_primary0Secondary0_TK0.P1->m_primary0Secondary0_TK0.F1T2 { isReady(p1), tau, move() }",
		"6":"m_secondary0Primary0_TK0.P1->m_secondary0Primary0_TK0.F1T2 { isReady(p1), tau, move() }",
		"7":"m_primary0Secondary1_TK0.P1->m_primary0Secondary1_TK0.F1T2 { isReady(p1), tau, move() }",
		"8":"m_secondary1Primary0_TK0.P1->m_secondary1Primary0_TK0.F1T2 { isReady(p1), tau, move() }",
		"9":"m_primary1Secondary0_TK0.P1->m_primary1Secondary0_TK0.F1T2 { isReady(p1), tau, move() }",
		"10":"m_secondary0Primary1_TK0.P1->m_secondary0Primary1_TK0.F1T2 { isReady(p1), tau, move() }",
		"11":"m_primary1Secondary1_TK0.P1->m_primary1Secondary1_TK0.F1T2 { isReady(p1), tau, move() }",
		"12":"m_secondary1Primary1_TK0.P1->m_secondary1Primary1_TK0.F1T2 { isReady(p1), tau, move() }",
		"13":"m_stone0Secondary0_TK1.P1->m_stone0Secondary0_TK1.F1T2 { isReady(p1), tau, move() }",
		"14":"m_secondary0Stone0_TK1.P1->m_secondary0Stone0_TK1.F1T2 { isReady(p1), tau, move() }",
		"15":"m_stone0Secondary1_TK1.P1->m_stone0Secondary1_TK1.F1T2 { isReady(p1), tau, move() }",
		"16":"m_secondary1Stone0_TK1.P1->m_secondary1Stone0_TK1.F1T2 { isReady(p1), tau, move() }",
		"17":"m_primary0Secondary0_TK1.P1->m_primary0Secondary0_TK1.F1T2 { isReady(p1), tau, move() }",
		"18":"m_secondary0Primary0_TK1.P1->m_secondary0Primary0_TK1.F1T2 { isReady(p1), tau, move() }",
		"19":"m_primary0Secondary1_TK1.P1->m_primary0Secondary1_TK1.F1T2 { isReady(p1), tau, move() }",
		"20":"m_secondary1Primary0_TK1.P1->m_secondary1Primary0_TK1.F1T2 { isReady(p1), tau, move() }",
		"21":"m_primary1Secondary0_TK1.P1->m_primary1Secondary0_TK1.F1T2 { isReady(p1), tau, move() }",
		"22":"m_secondary0Primary1_TK1.P1->m_secondary0Primary1_TK1.F1T2 { isReady(p1), tau, move() }",
		"23":"m_primary1Secondary1_TK1.P1->m_primary1Secondary1_TK1.F1T2 { isReady(p1), tau, move() }",
		"24":"m_secondary1Primary1_TK1.P1->m_secondary1Primary1_TK1.F1T2 { isReady(p1), tau, move() }",
		"25":"t_digging_WL0.Idle->t_digging_WL0.Executing { !isBusy(agentID, task) && isExecutable(agentID, task) && agents[agentID].a_status[task.t_id] != FINISHED && !isMonitorAlert(agentID), tau, xe := 0, start(agentID, task) }",
		"26":"t_digging_WL0.Waiting->t_digging_WL0.Executing { !isBusy(agentID, task) && isExecutable(agentID, task) && agents[agentID].a_status[task.t_id] != FINISHED, tau, xe := 0, start(agentID, task) }",
		"27":"t_digging_WL0.Idle->t_digging_WL0.Waiting { isBusy(agentID, task) && isExecutable(agentID, task) && agents[agentID].a_status[task.t_id] != FINISHED && !isMonitorAlert(agentID), tau, xe := 0, wait(agentID, task) }",
		"28":"t_unloading_WL0.Idle->t_unloading_WL0.Executing { !isBusy(agentID, task) && isExecutable(agentID, task) && agents[precondition.p_agent].a_status[precondition.p_task] == FINISHED && agents[agentID].a_status[task.t_id] != FINISHED && (agents[collaborations[0].c_agent].a_position == collaborations[0].c_position && agents[collaborations[0].c_agent].a_position == agents[agentID].a_position) && !isMonitorAlert(agentID), exe[collaborations[0].c_agent]!, xe := 0, helper := collaborations[0].c_agent, start(agentID, task) }",
		"29":"t_unloading_WL0.Idle->t_unloading_WL0.Executing { !isBusy(agentID, task) && isExecutable(agentID, task) && agents[precondition.p_agent].a_status[precondition.p_task] == FINISHED && agents[agentID].a_status[task.t_id] != FINISHED && (agents[collaborations[1].c_agent].a_position == collaborations[1].c_position && agents[collaborations[1].c_agent].a_position == agents[agentID].a_position) && !isMonitorAlert(agentID), exe[collaborations[1].c_agent]!, xe := 0, helper := collaborations[1].c_agent, start(agentID, task) }",
		"30":"t_unloading_WL0.Waiting->t_unloading_WL0.Executing { !isBusy(agentID, task) && isExecutable(agentID, task) && agents[precondition.p_agent].a_status[precondition.p_task] == FINISHED && agents[agentID].a_status[task.t_id] != FINISHED && (agents[collaborations[helper].c_agent].a_position == collaborations[helper].c_position && agents[collaborations[helper].c_agent].a_position == agents[agentID].a_position), exe[helper]!, xe := 0, start(agentID, task) }",
		"31":"t_unloading_WL0.Idle->t_unloading_WL0.Waiting { isBusy(agentID, task) && isExecutable(agentID, task) && agents[precondition.p_agent].a_status[precondition.p_task] == FINISHED && agents[agentID].a_status[task.t_id] != FINISHED && (agents[collaborations[0].c_agent].a_position == collaborations[0].c_position && agents[collaborations[0].c_agent].a_position == agents[agentID].a_position) && !isMonitorAlert(agentID), tau, xe := 0, helper := collaborations[0].c_agent, wait(agentID, task) }",
		"32":"t_unloading_WL0.Idle->t_unloading_WL0.Waiting { isBusy(agentID, task) && isExecutable(agentID, task) && agents[precondition.p_agent].a_status[precondition.p_task] == FINISHED && agents[agentID].a_status[task.t_id] != FINISHED && (agents[collaborations[1].c_agent].a_position == collaborations[1].c_position && agents[collaborations[1].c_agent].a_position == agents[agentID].a_position) && !isMonitorAlert(agentID), tau, xe := 0, helper := collaborations[1].c_agent, wait(agentID, task) }",
		"33":"t_loadingFromWL_TK0.Idle->t_loadingFromWL_TK0.Waiting { isBusy(agentID, task) && isExecutable(agentID, task) && agents[agentID].a_status[task.t_id] != FINISHED && agents[precondition.p_agent].a_status[precondition.p_task] != FINISHED && (agents[collaborations[0].c_agent].a_position == collaborations[0].c_position && agents[collaborations[0].c_agent].a_position == agents[agentID].a_position) && !isMonitorAlert(agentID), tau, xe := 0, initiator := 0, wait(agentID, task) }",
		"34":"t_loadingFromPrimary_TK0.Idle->t_loadingFromPrimary_TK0.Executing { !isBusy(agentID, task) && isExecutable(agentID, task) && agents[precondition.p_agent].a_status[precondition.p_task] != FINISHED && agents[agentID].a_status[task.t_id] != FINISHED && !isMonitorAlert(agentID), tau, xe := 0, start(agentID, task) }",
		"35":"t_loadingFromPrimary_TK0.Waiting->t_loadingFromPrimary_TK0.Executing { !isBusy(agentID, task) && isExecutable(agentID, task) && agents[precondition.p_agent].a_status[precondition.p_task] != FINISHED && agents[agentID].a_status[task.t_id] != FINISHED, tau, xe := 0, start(agentID, task) }",
		"36":"t_loadingFromPrimary_TK0.Idle->t_loadingFromPrimary_TK0.Waiting { isBusy(agentID, task) && isExecutable(agentID, task) && agents[precondition.p_agent].a_status[precondition.p_task] != FINISHED && agents[agentID].a_status[task.t_id] != FINISHED && !isMonitorAlert(agentID), tau, xe := 0, wait(agentID, task) }",
		"37":"t_unloadingToSecond_TK0.Idle->t_unloadingToSecond_TK0.Executing { !isBusy(agentID, task) && isExecutable(agentID, task) && (agents[preconditions[0].p_agent].a_status[preconditions[0].p_task] == FINISHED || agents[preconditions[1].p_agent].a_status[preconditions[1].p_task] == FINISHED) && agents[agentID].a_status[task.t_id] != FINISHED && !isMonitorAlert(agentID), tau, xe := 0, start(agentID, task) }",
		"38":"t_unloadingToSecond_TK0.Waiting->t_unloadingToSecond_TK0.Executing { !isBusy(agentID, task) && isExecutable(agentID, task) && (agents[preconditions[0].p_agent].a_status[preconditions[0].p_task] == FINISHED || agents[preconditions[1].p_agent].a_status[preconditions[1].p_task] == FINISHED) && agents[agentID].a_status[task.t_id] != FINISHED, tau, xe := 0, start(agentID, task) }",
		"39":"t_unloadingToSecond_TK0.Idle->t_unloadingToSecond_TK0.Waiting { isBusy(agentID, task) && isExecutable(agentID, task) && (agents[preconditions[0].p_agent].a_status[preconditions[0].p_task] == FINISHED || agents[preconditions[1].p_agent].a_status[preconditions[1].p_task] == FINISHED) && agents[agentID].a_status[task.t_id] != FINISHED && !isMonitorAlert(agentID), tau, xe := 0, wait(agentID, task) }",
		"40":"t_loadingFromWL_TK1.Idle->t_loadingFromWL_TK1.Waiting { isBusy(agentID, task) && isExecutable(agentID, task) && agents[agentID].a_status[task.t_id] != FINISHED && agents[precondition.p_agent].a_status[precondition.p_task] != FINISHED && (agents[collaborations[0].c_agent].a_position == collaborations[0].c_position && agents[collaborations[0].c_agent].a_position == agents[agentID].a_position) && !isMonitorAlert(agentID), tau, xe := 0, initiator := 0, wait(agentID, task) }",
		"41":"t_loadingFromPrimary_TK1.Idle->t_loadingFromPrimary_TK1.Executing { !isBusy(agentID, task) && isExecutable(agentID, task) && agents[precondition.p_agent].a_status[precondition.p_task] != FINISHED && agents[agentID].a_status[task.t_id] != FINISHED && !isMonitorAlert(agentID), tau, xe := 0, start(agentID, task) }",
		"42":"t_loadingFromPrimary_TK1.Waiting->t_loadingFromPrimary_TK1.Executing { !isBusy(agentID, task) && isExecutable(agentID, task) && agents[precondition.p_agent].a_status[precondition.p_task] != FINISHED && agents[agentID].a_status[task.t_id] != FINISHED, tau, xe := 0, start(agentID, task) }",
		"43":"t_loadingFromPrimary_TK1.Idle->t_loadingFromPrimary_TK1.Waiting { isBusy(agentID, task) && isExecutable(agentID, task) && agents[precondition.p_agent].a_status[precondition.p_task] != FINISHED && agents[agentID].a_status[task.t_id] != FINISHED && !isMonitorAlert(agentID), tau, xe := 0, wait(agentID, task) }",
		"44":"t_unloadingToSecond_TK1.Idle->t_unloadingToSecond_TK1.Executing { !isBusy(agentID, task) && isExecutable(agentID, task) && (agents[preconditions[0].p_agent].a_status[preconditions[0].p_task] == FINISHED || agents[preconditions[1].p_agent].a_status[preconditions[1].p_task] == FINISHED) && agents[agentID].a_status[task.t_id] != FINISHED && !isMonitorAlert(agentID), tau, xe := 0, start(agentID, task) }",
		"45":"t_unloadingToSecond_TK1.Waiting->t_unloadingToSecond_TK1.Executing { !isBusy(agentID, task) && isExecutable(agentID, task) && (agents[preconditions[0].p_agent].a_status[preconditions[0].p_task] == FINISHED || agents[preconditions[1].p_agent].a_status[preconditions[1].p_task] == FINISHED) && agents[agentID].a_status[task.t_id] != FINISHED, tau, xe := 0, start(agentID, task) }",
		"46":"t_unloadingToSecond_TK1.Idle->t_unloadingToSecond_TK1.Waiting { isBusy(agentID, task) && isExecutable(agentID, task) && (agents[preconditions[0].p_agent].a_status[preconditions[0].p_task] == FINISHED || agents[preconditions[1].p_agent].a_status[preconditions[1].p_task] == FINISHED) && agents[agentID].a_status[task.t_id] != FINISHED && !isMonitorAlert(agentID), tau, xe := 0, wait(agentID, task) }",
		"47":"WAIT"
	},"statevars":[
		"Rong.location",
		"m_stone0Secondary0_TK0.location",
		"m_secondary0Stone0_TK0.location",
		"m_stone0Secondary1_TK0.location",
		"m_secondary1Stone0_TK0.location",
		"m_primary0Secondary0_TK0.location",
		"m_secondary0Primary0_TK0.location",
		"m_primary0Secondary1_TK0.location",
		"m_secondary1Primary0_TK0.location",
		"m_primary1Secondary0_TK0.location",
		"m_secondary0Primary1_TK0.location",
		"m_primary1Secondary1_TK0.location",
		"m_secondary1Primary1_TK0.location",
		"m_stone0Secondary0_TK1.location",
		"m_secondary0Stone0_TK1.location",
		"m_stone0Secondary1_TK1.location",
		"m_secondary1Stone0_TK1.location",
		"m_primary0Secondary0_TK1.location",
		"m_secondary0Primary0_TK1.location",
		"m_primary0Secondary1_TK1.location",
		"m_secondary1Primary0_TK1.location",
		"m_primary1Secondary0_TK1.location",
		"m_secondary0Primary1_TK1.location",
		"m_primary1Secondary1_TK1.location",
		"m_secondary1Primary1_TK1.location",
		"t_digging_WL0.location",
		"t_unloading_WL0.location",
		"t_loadingFromWL_TK0.location",
		"t_loadingFromPrimary_TK0.location",
		"t_unloadingToSecond_TK0.location",
		"t_loadingFromWL_TK1.location",
		"t_loadingFromPrimary_TK1.location",
		"t_unloadingToSecond_TK1.location",
		"var",
		"agents[0].a_position",
		"agents[0].a_monitors[0]",
		"agents[0].a_task.t_id",
		"agents[0].a_task.t_deviceUse.d_id",
		"agents[0].a_task.t_deviceUse.d_position",
		"agents[0].a_status[ID_DIG_WHEELLOADER]",
		"agents[0].a_status[ID_UNLOAD_TO_TRUCKS_WHEELLOADER]",
		"agents[1].a_position",
		"agents[1].a_monitors[0]",
		"agents[1].a_task.t_id",
		"agents[1].a_task.t_deviceUse.d_id",
		"agents[1].a_task.t_deviceUse.d_position",
		"agents[1].a_status[ID_DIG_WHEELLOADER]",
		"agents[1].a_status[ID_UNLOAD_TO_TRUCKS_WHEELLOADER]",
		"agents[2].a_position",
		"agents[2].a_monitors[0]",
		"agents[2].a_task.t_id",
		"agents[2].a_task.t_deviceUse.d_id",
		"agents[2].a_task.t_deviceUse.d_position",
		"agents[2].a_status[ID_DIG_WHEELLOADER]",
		"agents[2].a_status[ID_UNLOAD_TO_TRUCKS_WHEELLOADER]"
	],"pointvars":[
	],"locationnames":{
		"Rong.location":{
			"0":"Lose",
			"1":"Win",
			"2":"Ongoing",
			"3":"Begin"
		},
		"m_stone0Secondary0_TK0.location":{
			"0":"P2",
			"1":"F1T2",
			"2":"P1"
		},
		"m_secondary0Stone0_TK0.location":{
			"0":"P2",
			"1":"F1T2",
			"2":"P1"
		},
		"m_stone0Secondary1_TK0.location":{
			"0":"P2",
			"1":"F1T2",
			"2":"P1"
		},
		"m_secondary1Stone0_TK0.location":{
			"0":"P2",
			"1":"F1T2",
			"2":"P1"
		},
		"m_primary0Secondary0_TK0.location":{
			"0":"P2",
			"1":"F1T2",
			"2":"P1"
		},
		"m_secondary0Primary0_TK0.location":{
			"0":"P2",
			"1":"F1T2",
			"2":"P1"
		},
		"m_primary0Secondary1_TK0.location":{
			"0":"P2",
			"1":"F1T2",
			"2":"P1"
		},
		"m_secondary1Primary0_TK0.location":{
			"0":"P2",
			"1":"F1T2",
			"2":"P1"
		},
		"m_primary1Secondary0_TK0.location":{
			"0":"P2",
			"1":"F1T2",
			"2":"P1"
		},
		"m_secondary0Primary1_TK0.location":{
			"0":"P2",
			"1":"F1T2",
			"2":"P1"
		},
		"m_primary1Secondary1_TK0.location":{
			"0":"P2",
			"1":"F1T2",
			"2":"P1"
		},
		"m_secondary1Primary1_TK0.location":{
			"0":"P2",
			"1":"F1T2",
			"2":"P1"
		},
		"m_stone0Secondary0_TK1.location":{
			"0":"P2",
			"1":"F1T2",
			"2":"P1"
		},
		"m_secondary0Stone0_TK1.location":{
			"0":"P2",
			"1":"F1T2",
			"2":"P1"
		},
		"m_stone0Secondary1_TK1.location":{
			"0":"P2",
			"1":"F1T2",
			"2":"P1"
		},
		"m_secondary1Stone0_TK1.location":{
			"0":"P2",
			"1":"F1T2",
			"2":"P1"
		},
		"m_primary0Secondary0_TK1.location":{
			"0":"P2",
			"1":"F1T2",
			"2":"P1"
		},
		"m_secondary0Primary0_TK1.location":{
			"0":"P2",
			"1":"F1T2",
			"2":"P1"
		},
		"m_primary0Secondary1_TK1.location":{
			"0":"P2",
			"1":"F1T2",
			"2":"P1"
		},
		"m_secondary1Primary0_TK1.location":{
			"0":"P2",
			"1":"F1T2",
			"2":"P1"
		},
		"m_primary1Secondary0_TK1.location":{
			"0":"P2",
			"1":"F1T2",
			"2":"P1"
		},
		"m_secondary0Primary1_TK1.location":{
			"0":"P2",
			"1":"F1T2",
			"2":"P1"
		},
		"m_primary1Secondary1_TK1.location":{
			"0":"P2",
			"1":"F1T2",
			"2":"P1"
		},
		"m_secondary1Primary1_TK1.location":{
			"0":"P2",
			"1":"F1T2",
			"2":"P1"
		},
		"t_digging_WL0.location":{
			"0":"Waiting",
			"1":"Idle",
			"2":"Executing"
		},
		"t_unloading_WL0.location":{
			"0":"Waiting",
			"1":"Idle",
			"2":"Executing"
		},
		"t_loadingFromWL_TK0.location":{
			"0":"Waiting",
			"1":"Idle",
			"2":"Executing"
		},
		"t_loadingFromPrimary_TK0.location":{
			"0":"Waiting",
			"1":"Idle",
			"2":"Executing"
		},
		"t_unloadingToSecond_TK0.location":{
			"0":"Waiting",
			"1":"Idle",
			"2":"Executing"
		},
		"t_loadingFromWL_TK1.location":{
			"0":"Waiting",
			"1":"Idle",
			"2":"Executing"
		},
		"t_loadingFromPrimary_TK1.location":{
			"0":"Waiting",
			"1":"Idle",
			"2":"Executing"
		},
		"t_unloadingToSecond_TK1.location":{
			"0":"Waiting",
			"1":"Idle",
			"2":"Executing"
		}
	},"regressors":{"(2,2,2,2,2,0,2,2,2,2,1,2,2,0,2,2,2,2,2,2,2,2,2,2,2,1,1,1,1,1,1,1,1,99,0,0,-1,-1,-1,2,0,-1,0,-2,-1,-1,0,0,3,0,-1,-1,-1,0,0,),[]":{
	"14":1829.17},
"(2,2,2,2,2,0,2,2,2,2,2,2,2,1,2,2,0,2,2,2,2,2,2,2,2,1,1,1,1,1,1,1,1,99,0,0,-1,-1,-1,2,0,3,0,-1,-1,-1,0,0,-1,0,-2,-1,-1,0,0,),[]":{
	"10":1828.1},
"(2,2,2,2,2,0,2,2,2,2,2,2,2,2,2,2,0,2,2,2,2,2,2,2,2,1,1,1,1,1,1,1,1,66,0,0,-1,-1,-1,2,0,3,0,-1,-1,-1,2,0,0,0,-1,-1,-1,0,0,),[]":{
	"13":3533.18},
"(2,2,2,2,2,0,2,2,2,2,2,2,2,2,2,2,0,2,2,2,2,2,2,2,2,1,1,1,1,2,1,1,1,66,0,0,-1,-1,-1,2,0,3,0,1,2,3,2,1,0,0,-1,-1,-1,0,0,),[]":{
	"13":3452.71},
"(2,2,2,2,2,1,2,2,0,2,2,2,2,2,2,0,2,2,2,2,2,2,2,2,2,1,1,1,1,1,1,1,1,66,0,0,-1,-1,-1,2,0,-1,0,-2,-1,-1,2,0,4,0,-1,-1,-1,0,0,),[]":{
	"16":3345.06},
"(2,2,2,2,2,1,2,2,0,2,2,2,2,2,2,2,0,2,2,2,2,2,2,2,2,1,1,1,1,1,1,1,1,66,0,0,-1,-1,-1,2,0,-1,0,-2,-1,-1,2,0,0,0,-1,-1,-1,0,0,),[]":{
	"13":3506.53},
"(2,2,2,2,2,2,2,0,1,2,2,2,2,2,2,2,0,2,2,2,2,2,2,2,2,1,1,1,1,1,1,1,1,33,0,0,-1,-1,-1,0,0,-1,0,-2,-1,-1,0,0,0,0,-1,-1,-1,2,0,),[]":{
	"15":4742.1},
"(2,2,2,2,2,2,2,0,2,2,2,2,2,2,2,1,0,2,2,2,2,2,2,2,2,1,1,1,1,1,1,1,1,33,0,0,-1,-1,-1,0,0,4,0,-1,-1,-1,0,0,-1,0,-2,-1,-1,2,0,),[]":{
	"8":4636.41},
"(2,2,2,2,2,2,2,0,2,2,2,2,2,2,2,1,0,2,2,2,2,2,2,2,2,2,1,1,1,1,1,1,1,33,0,0,0,-1,0,1,0,4,0,-1,-1,-1,0,0,-1,0,-2,-1,-1,2,0,),[]":{
	"8":4690.53},
"(2,2,2,2,2,2,2,0,2,2,2,2,2,2,2,2,0,2,2,2,2,2,2,2,2,1,1,1,1,1,1,1,1,33,0,0,-1,-1,-1,0,0,4,0,-1,-1,-1,0,0,0,0,-1,-1,-1,2,0,),[]":{
	"8":4669.2},
"(2,2,2,2,2,2,2,0,2,2,2,2,2,2,2,2,0,2,2,2,2,2,2,2,2,1,1,1,1,2,1,1,1,0,0,0,-1,-1,-1,0,0,4,0,1,3,4,2,1,0,0,-1,-1,-1,2,0,),[]":{
	"15":6282.02},
"(2,2,2,2,2,2,2,0,2,2,2,2,2,2,2,2,0,2,2,2,2,2,2,2,2,1,1,1,1,2,1,1,1,0,0,0,-1,-1,-1,2,0,4,0,1,3,4,2,1,0,0,-1,-1,-1,0,0,),[]":{
	"29":6160.45},
"(2,2,2,2,2,2,2,0,2,2,2,2,2,2,2,2,0,2,2,2,2,2,2,2,2,1,2,1,1,1,2,1,1,33,0,0,1,-1,0,2,1,4,0,-1,-1,-1,0,0,0,0,0,-1,0,1,0,),[]":{
	"8":4607.19},
"(2,2,2,2,2,2,2,1,2,2,2,2,2,2,2,0,2,2,2,2,2,2,2,2,2,1,1,1,1,1,1,1,1,0,0,0,-1,-1,-1,2,0,-1,0,-2,-1,-1,2,0,4,0,-1,-1,-1,0,0,),[]":{
	"16":5984.05},
"(2,2,2,2,2,2,2,2,0,2,2,2,2,2,2,0,1,2,2,2,2,2,2,2,2,1,1,1,1,1,1,1,1,66,0,0,-1,-1,-1,2,0,1,0,-1,-1,-1,2,0,-1,0,-2,-1,-1,0,0,),[]":{
	"5":3388.27},
"(2,2,2,2,2,2,2,2,0,2,2,2,2,2,2,0,2,2,2,2,2,2,2,2,2,1,1,1,1,1,1,1,1,33,0,0,-1,-1,-1,2,0,1,0,-1,-1,-1,0,0,4,0,-1,-1,-1,2,0,),[]":{
	"34":4867.99},
"(2,2,2,2,2,2,2,2,0,2,2,2,2,2,2,0,2,2,2,2,2,2,2,2,2,1,1,1,1,1,1,1,1,66,0,0,-1,-1,-1,2,0,1,0,-1,-1,-1,2,0,4,0,-1,-1,-1,0,0,),[]":{
	"5":3405.2},
"(2,2,2,2,2,2,2,2,0,2,2,2,2,2,2,0,2,2,2,2,2,2,2,2,2,1,1,1,1,1,1,1,2,33,0,0,-1,-1,-1,2,0,1,0,-1,-1,-1,0,0,4,0,1,3,4,2,1,),[]":{
	"34":4861.75},
"(2,2,2,2,2,2,2,2,0,2,2,2,2,2,2,0,2,2,2,2,2,2,2,2,2,1,1,1,1,1,1,1,2,33,0,0,-1,-1,-1,2,0,1,0,-1,-1,-1,2,0,4,0,1,3,4,2,1,),[]":{
	"5":4979.86},
"(2,2,2,2,2,2,2,2,0,2,2,2,2,2,2,0,2,2,2,2,2,2,2,2,2,1,1,1,2,1,1,1,1,66,0,0,-1,-1,-1,2,0,1,0,0,0,1,1,0,4,0,-1,-1,-1,0,0,),[]":{
	"16":3338.33},
"(2,2,2,2,2,2,2,2,0,2,2,2,2,2,2,1,0,2,2,2,2,2,2,2,2,1,1,1,1,1,1,1,1,33,0,0,-1,-1,-1,2,0,1,0,-1,-1,-1,0,0,-1,0,-2,-1,-1,2,0,),[]":{
	"34":4935.96},
"(2,2,2,2,2,2,2,2,2,2,0,1,2,2,0,2,2,2,2,2,2,2,2,2,2,1,1,1,1,1,1,1,1,99,0,0,-1,-1,-1,0,0,-1,0,-2,-1,-1,2,0,0,0,-1,-1,-1,2,0,),[]":{
	"25":1969.26},
"(2,2,2,2,2,2,2,2,2,2,0,1,2,2,0,2,2,2,2,2,2,2,2,2,2,2,1,1,1,1,1,1,1,99,0,0,0,-1,0,1,0,-1,0,-2,-1,-1,2,0,0,0,-1,-1,-1,2,0,),[]":{
	"13":2072.6},
"(2,2,2,2,2,2,2,2,2,2,0,2,2,0,1,2,2,2,2,2,2,2,2,2,2,1,1,1,1,1,1,1,1,99,0,0,-1,-1,-1,2,0,2,0,-1,-1,-1,0,0,-1,0,-2,-1,-1,0,0,),[]":{
	"34":1893.74},
"(2,2,2,2,2,2,2,2,2,2,0,2,2,1,0,2,2,2,2,2,2,2,2,2,2,2,1,1,1,1,1,1,1,99,0,0,0,-1,0,1,0,2,0,-1,-1,-1,2,0,-1,0,-2,-1,-1,2,0,),[]":{
	"11":1804.15},
"(2,2,2,2,2,2,2,2,2,2,0,2,2,2,0,2,2,2,2,2,2,2,2,2,2,1,1,1,1,1,1,1,1,99,0,0,-1,-1,-1,0,0,2,0,-1,-1,-1,2,0,0,0,-1,-1,-1,2,0,),[]":{
	"25":2025.9},
"(2,2,2,2,2,2,2,2,2,2,0,2,2,2,0,2,2,2,2,2,2,2,2,2,2,1,1,1,2,1,1,1,1,99,0,0,-1,-1,-1,0,0,2,0,0,1,2,1,0,0,0,-1,-1,-1,2,0,),[]":{
	"25":1902.61},
"(2,2,2,2,2,2,2,2,2,2,0,2,2,2,0,2,2,2,2,2,2,2,2,2,2,1,1,1,2,1,1,1,1,99,0,0,-1,-1,-1,2,0,2,0,0,1,2,1,0,0,0,-1,-1,-1,0,0,),[]":{
	"29":1910.69},
"(2,2,2,2,2,2,2,2,2,2,0,2,2,2,0,2,2,2,2,2,2,2,2,2,2,1,2,1,1,1,2,1,1,99,0,0,1,-1,0,2,1,2,0,-1,-1,-1,2,0,0,0,0,-1,0,1,0,),[]":{
	"11":1992.76},
"(2,2,2,2,2,2,2,2,2,2,0,2,2,2,0,2,2,2,2,2,2,2,2,2,2,2,1,1,1,1,1,1,1,99,0,0,0,-1,0,1,0,2,0,-1,-1,-1,2,0,0,0,-1,-1,-1,2,0,),[]":{
	"11":1664.59},
"(2,2,2,2,2,2,2,2,2,2,0,2,2,2,0,2,2,2,2,2,2,2,2,2,2,2,1,1,2,1,1,1,1,99,0,0,0,-1,0,1,0,2,0,0,1,2,1,0,0,0,-1,-1,-1,2,0,),[]":{
	"13":2099.89},
"(2,2,2,2,2,2,2,2,2,2,2,0,2,0,2,2,2,2,2,2,2,2,2,2,2,1,1,1,1,1,1,1,1,99,0,0,-1,-1,-1,2,0,4,0,-1,-1,-1,2,0,3,0,-1,-1,-1,2,0,),[]":{
	"37":2797.18},
"(2,2,2,2,2,2,2,2,2,2,2,2,2,2,2,1,2,2,2,2,2,2,2,2,2,1,1,1,1,1,1,1,1,0,0,0,-1,-1,-1,2,0,1,0,-1,-1,-1,2,0,-1,0,-2,-1,-1,0,0,),[]":{
	"7":5897.71},
"(2,2,2,2,2,2,2,2,2,2,2,2,2,2,2,2,2,2,2,2,2,2,2,2,2,1,1,1,1,1,1,1,1,0,0,0,-1,-1,-1,0,0,1,0,-1,-1,-1,0,0,0,0,-1,-1,-1,0,0,),[]":{
	"34":5687.13},
"(2,2,2,2,2,2,2,2,2,2,2,2,2,2,2,2,2,2,2,2,2,2,2,2,2,1,1,1,2,1,1,1,1,0,0,0,-1,-1,-1,0,0,1,0,0,0,1,1,0,0,0,-1,-1,-1,0,0,),[]":{
	"15":5748.5}

	}
}