{"version":1.0,"type":"state->regressor","representation":"map","actions":{
		"0":"Rong.Ongoing->Rong.Win { isGameWon(), tau, 1 }",
		"1":"m_stone0Secondary0_TK0.P1->m_stone0Secondary0_TK0.F1T2 { isReady(p1), tau, move() }",
		"2":"m_secondary0Stone0_TK0.P1->m_secondary0Stone0_TK0.F1T2 { isReady(p1), tau, move() }",
		"3":"m_stone1Secondary0_TK0.P1->m_stone1Secondary0_TK0.F1T2 { isReady(p1), tau, move() }",
		"4":"m_secondary0Stone1_TK0.P1->m_secondary0Stone1_TK0.F1T2 { isReady(p1), tau, move() }",
		"5":"m_stone2Secondary0_TK0.P1->m_stone2Secondary0_TK0.F1T2 { isReady(p1), tau, move() }",
		"6":"m_secondary0Stone2_TK0.P1->m_secondary0Stone2_TK0.F1T2 { isReady(p1), tau, move() }",
		"7":"m_stone3Secondary0_TK0.P1->m_stone3Secondary0_TK0.F1T2 { isReady(p1), tau, move() }",
		"8":"m_secondary0Stone3_TK0.P1->m_secondary0Stone3_TK0.F1T2 { isReady(p1), tau, move() }",
		"9":"m_primary0Secondary0_TK0.P1->m_primary0Secondary0_TK0.F1T2 { isReady(p1), tau, move() }",
		"10":"m_secondary0Primary0_TK0.P1->m_secondary0Primary0_TK0.F1T2 { isReady(p1), tau, move() }",
		"11":"t_digging_WL0.Idle->t_digging_WL0.Executing { !isBusy(agentID, task) && isExecutable(agentID, task) && agents[agentID].a_status[task.t_id] != FINISHED && !isMonitorAlert(agentID), tau, xe := 0, start(agentID, task) }",
		"12":"t_digging_WL0.Waiting->t_digging_WL0.Executing { !isBusy(agentID, task) && isExecutable(agentID, task) && agents[agentID].a_status[task.t_id] != FINISHED, tau, xe := 0, start(agentID, task) }",
		"13":"t_digging_WL0.Idle->t_digging_WL0.Waiting { isBusy(agentID, task) && isExecutable(agentID, task) && agents[agentID].a_status[task.t_id] != FINISHED && !isMonitorAlert(agentID), tau, xe := 0, wait(agentID, task) }",
		"14":"t_unloading_WL0.Idle->t_unloading_WL0.Executing { !isBusy(agentID, task) && isExecutable(agentID, task) && agents[precondition.p_agent].a_status[precondition.p_task] == FINISHED && agents[agentID].a_status[task.t_id] != FINISHED && (agents[collaborations[0].c_agent].a_position == collaborations[0].c_position && agents[collaborations[0].c_agent].a_position == agents[agentID].a_position) && !isMonitorAlert(agentID), exe[collaborations[0].c_agent]!, xe := 0, helper := collaborations[0].c_agent, start(agentID, task) }",
		"15":"t_unloading_WL0.Waiting->t_unloading_WL0.Executing { !isBusy(agentID, task) && isExecutable(agentID, task) && agents[precondition.p_agent].a_status[precondition.p_task] == FINISHED && agents[agentID].a_status[task.t_id] != FINISHED && (agents[collaborations[helper].c_agent].a_position == collaborations[helper].c_position && agents[collaborations[helper].c_agent].a_position == agents[agentID].a_position), exe[helper]!, xe := 0, start(agentID, task) }",
		"16":"t_unloading_WL0.Idle->t_unloading_WL0.Waiting { isBusy(agentID, task) && isExecutable(agentID, task) && agents[precondition.p_agent].a_status[precondition.p_task] == FINISHED && agents[agentID].a_status[task.t_id] != FINISHED && (agents[collaborations[0].c_agent].a_position == collaborations[0].c_position && agents[collaborations[0].c_agent].a_position == agents[agentID].a_position) && !isMonitorAlert(agentID), tau, xe := 0, helper := collaborations[0].c_agent, wait(agentID, task) }",
		"17":"t_digging_WL1.Idle->t_digging_WL1.Executing { !isBusy(agentID, task) && isExecutable(agentID, task) && agents[agentID].a_status[task.t_id] != FINISHED && !isMonitorAlert(agentID), tau, xe := 0, start(agentID, task) }",
		"18":"t_digging_WL1.Waiting->t_digging_WL1.Executing { !isBusy(agentID, task) && isExecutable(agentID, task) && agents[agentID].a_status[task.t_id] != FINISHED, tau, xe := 0, start(agentID, task) }",
		"19":"t_digging_WL1.Idle->t_digging_WL1.Waiting { isBusy(agentID, task) && isExecutable(agentID, task) && agents[agentID].a_status[task.t_id] != FINISHED && !isMonitorAlert(agentID), tau, xe := 0, wait(agentID, task) }",
		"20":"t_unloading_WL1.Idle->t_unloading_WL1.Executing { !isBusy(agentID, task) && isExecutable(agentID, task) && agents[precondition.p_agent].a_status[precondition.p_task] == FINISHED && agents[agentID].a_status[task.t_id] != FINISHED && (agents[collaborations[0].c_agent].a_position == collaborations[0].c_position && agents[collaborations[0].c_agent].a_position == agents[agentID].a_position) && !isMonitorAlert(agentID), exe[collaborations[0].c_agent]!, xe := 0, helper := collaborations[0].c_agent, start(agentID, task) }",
		"21":"t_unloading_WL1.Waiting->t_unloading_WL1.Executing { !isBusy(agentID, task) && isExecutable(agentID, task) && agents[precondition.p_agent].a_status[precondition.p_task] == FINISHED && agents[agentID].a_status[task.t_id] != FINISHED && (agents[collaborations[helper].c_agent].a_position == collaborations[helper].c_position && agents[collaborations[helper].c_agent].a_position == agents[agentID].a_position), exe[helper]!, xe := 0, start(agentID, task) }",
		"22":"t_unloading_WL1.Idle->t_unloading_WL1.Waiting { isBusy(agentID, task) && isExecutable(agentID, task) && agents[precondition.p_agent].a_status[precondition.p_task] == FINISHED && agents[agentID].a_status[task.t_id] != FINISHED && (agents[collaborations[0].c_agent].a_position == collaborations[0].c_position && agents[collaborations[0].c_agent].a_position == agents[agentID].a_position) && !isMonitorAlert(agentID), tau, xe := 0, helper := collaborations[0].c_agent, wait(agentID, task) }",
		"23":"t_digging_WL2.Idle->t_digging_WL2.Executing { !isBusy(agentID, task) && isExecutable(agentID, task) && agents[agentID].a_status[task.t_id] != FINISHED && !isMonitorAlert(agentID), tau, xe := 0, start(agentID, task) }",
		"24":"t_digging_WL2.Waiting->t_digging_WL2.Executing { !isBusy(agentID, task) && isExecutable(agentID, task) && agents[agentID].a_status[task.t_id] != FINISHED, tau, xe := 0, start(agentID, task) }",
		"25":"t_digging_WL2.Idle->t_digging_WL2.Waiting { isBusy(agentID, task) && isExecutable(agentID, task) && agents[agentID].a_status[task.t_id] != FINISHED && !isMonitorAlert(agentID), tau, xe := 0, wait(agentID, task) }",
		"26":"t_unloading_WL2.Idle->t_unloading_WL2.Executing { !isBusy(agentID, task) && isExecutable(agentID, task) && agents[precondition.p_agent].a_status[precondition.p_task] == FINISHED && agents[agentID].a_status[task.t_id] != FINISHED && (agents[collaborations[0].c_agent].a_position == collaborations[0].c_position && agents[collaborations[0].c_agent].a_position == agents[agentID].a_position) && !isMonitorAlert(agentID), exe[collaborations[0].c_agent]!, xe := 0, helper := collaborations[0].c_agent, start(agentID, task) }",
		"27":"t_unloading_WL2.Waiting->t_unloading_WL2.Executing { !isBusy(agentID, task) && isExecutable(agentID, task) && agents[precondition.p_agent].a_status[precondition.p_task] == FINISHED && agents[agentID].a_status[task.t_id] != FINISHED && (agents[collaborations[helper].c_agent].a_position == collaborations[helper].c_position && agents[collaborations[helper].c_agent].a_position == agents[agentID].a_position), exe[helper]!, xe := 0, start(agentID, task) }",
		"28":"t_unloading_WL2.Idle->t_unloading_WL2.Waiting { isBusy(agentID, task) && isExecutable(agentID, task) && agents[precondition.p_agent].a_status[precondition.p_task] == FINISHED && agents[agentID].a_status[task.t_id] != FINISHED && (agents[collaborations[0].c_agent].a_position == collaborations[0].c_position && agents[collaborations[0].c_agent].a_position == agents[agentID].a_position) && !isMonitorAlert(agentID), tau, xe := 0, helper := collaborations[0].c_agent, wait(agentID, task) }",
		"29":"t_digging_WL3.Idle->t_digging_WL3.Executing { !isBusy(agentID, task) && isExecutable(agentID, task) && agents[agentID].a_status[task.t_id] != FINISHED && !isMonitorAlert(agentID), tau, xe := 0, start(agentID, task) }",
		"30":"t_digging_WL3.Waiting->t_digging_WL3.Executing { !isBusy(agentID, task) && isExecutable(agentID, task) && agents[agentID].a_status[task.t_id] != FINISHED, tau, xe := 0, start(agentID, task) }",
		"31":"t_digging_WL3.Idle->t_digging_WL3.Waiting { isBusy(agentID, task) && isExecutable(agentID, task) && agents[agentID].a_status[task.t_id] != FINISHED && !isMonitorAlert(agentID), tau, xe := 0, wait(agentID, task) }",
		"32":"t_unloading_WL3.Idle->t_unloading_WL3.Executing { !isBusy(agentID, task) && isExecutable(agentID, task) && agents[precondition.p_agent].a_status[precondition.p_task] == FINISHED && agents[agentID].a_status[task.t_id] != FINISHED && (agents[collaborations[0].c_agent].a_position == collaborations[0].c_position && agents[collaborations[0].c_agent].a_position == agents[agentID].a_position) && !isMonitorAlert(agentID), exe[collaborations[0].c_agent]!, xe := 0, helper := collaborations[0].c_agent, start(agentID, task) }",
		"33":"t_unloading_WL3.Waiting->t_unloading_WL3.Executing { !isBusy(agentID, task) && isExecutable(agentID, task) && agents[precondition.p_agent].a_status[precondition.p_task] == FINISHED && agents[agentID].a_status[task.t_id] != FINISHED && (agents[collaborations[helper].c_agent].a_position == collaborations[helper].c_position && agents[collaborations[helper].c_agent].a_position == agents[agentID].a_position), exe[helper]!, xe := 0, start(agentID, task) }",
		"34":"t_unloading_WL3.Idle->t_unloading_WL3.Waiting { isBusy(agentID, task) && isExecutable(agentID, task) && agents[precondition.p_agent].a_status[precondition.p_task] == FINISHED && agents[agentID].a_status[task.t_id] != FINISHED && (agents[collaborations[0].c_agent].a_position == collaborations[0].c_position && agents[collaborations[0].c_agent].a_position == agents[agentID].a_position) && !isMonitorAlert(agentID), tau, xe := 0, helper := collaborations[0].c_agent, wait(agentID, task) }",
		"35":"t_loadingFromWL_TK0.Idle->t_loadingFromWL_TK0.Waiting { isBusy(agentID, task) && isExecutable(agentID, task) && agents[agentID].a_status[task.t_id] != FINISHED && (agents[collaborations[0].c_agent].a_position == collaborations[0].c_position && agents[collaborations[0].c_agent].a_position == agents[agentID].a_position) && !isMonitorAlert(agentID), tau, xe := 0, initiator := 0, wait(agentID, task) }",
		"36":"t_loadingFromPrimary_TK0.Idle->t_loadingFromPrimary_TK0.Executing { !isBusy(agentID, task) && isExecutable(agentID, task) && agents[precondition.p_agent].a_status[precondition.p_task] != FINISHED && agents[agentID].a_status[task.t_id] != FINISHED && !isMonitorAlert(agentID), tau, xe := 0, start(agentID, task) }",
		"37":"t_loadingFromPrimary_TK0.Waiting->t_loadingFromPrimary_TK0.Executing { !isBusy(agentID, task) && isExecutable(agentID, task) && agents[precondition.p_agent].a_status[precondition.p_task] != FINISHED && agents[agentID].a_status[task.t_id] != FINISHED, tau, xe := 0, start(agentID, task) }",
		"38":"t_loadingFromPrimary_TK0.Idle->t_loadingFromPrimary_TK0.Waiting { isBusy(agentID, task) && isExecutable(agentID, task) && agents[precondition.p_agent].a_status[precondition.p_task] != FINISHED && agents[agentID].a_status[task.t_id] != FINISHED && !isMonitorAlert(agentID), tau, xe := 0, wait(agentID, task) }",
		"39":"t_unloadingToSecond_TK0.Idle->t_unloadingToSecond_TK0.Executing { !isBusy(agentID, task) && isExecutable(agentID, task) && (agents[preconditions[0].p_agent].a_status[preconditions[0].p_task] == FINISHED || agents[preconditions[1].p_agent].a_status[preconditions[1].p_task] == FINISHED) && agents[agentID].a_status[task.t_id] != FINISHED && !isMonitorAlert(agentID), tau, xe := 0, start(agentID, task) }",
		"40":"t_unloadingToSecond_TK0.Waiting->t_unloadingToSecond_TK0.Executing { !isBusy(agentID, task) && isExecutable(agentID, task) && (agents[preconditions[0].p_agent].a_status[preconditions[0].p_task] == FINISHED || agents[preconditions[1].p_agent].a_status[preconditions[1].p_task] == FINISHED) && agents[agentID].a_status[task.t_id] != FINISHED, tau, xe := 0, start(agentID, task) }",
		"41":"t_unloadingToSecond_TK0.Idle->t_unloadingToSecond_TK0.Waiting { isBusy(agentID, task) && isExecutable(agentID, task) && (agents[preconditions[0].p_agent].a_status[preconditions[0].p_task] == FINISHED || agents[preconditions[1].p_agent].a_status[preconditions[1].p_task] == FINISHED) && agents[agentID].a_status[task.t_id] != FINISHED && !isMonitorAlert(agentID), tau, xe := 0, wait(agentID, task) }",
		"42":"WAIT"
	},"statevars":[
		"Rong.location",
		"m_stone0Secondary0_TK0.location",
		"m_secondary0Stone0_TK0.location",
		"m_stone1Secondary0_TK0.location",
		"m_secondary0Stone1_TK0.location",
		"m_stone2Secondary0_TK0.location",
		"m_secondary0Stone2_TK0.location",
		"m_stone3Secondary0_TK0.location",
		"m_secondary0Stone3_TK0.location",
		"m_primary0Secondary0_TK0.location",
		"m_secondary0Primary0_TK0.location",
		"t_digging_WL0.location",
		"t_unloading_WL0.location",
		"t_digging_WL1.location",
		"t_unloading_WL1.location",
		"t_digging_WL2.location",
		"t_unloading_WL2.location",
		"t_digging_WL3.location",
		"t_unloading_WL3.location",
		"t_loadingFromWL_TK0.location",
		"t_loadingFromPrimary_TK0.location",
		"t_unloadingToSecond_TK0.location",
		"var",
		"agents[0].a_position",
		"agents[0].a_monitors[0]",
		"agents[0].a_task.t_id",
		"agents[0].a_task.t_deviceUse.d_id",
		"agents[0].a_task.t_deviceUse.d_position",
		"agents[0].a_status[ID_DIG_WHEELLOADER]",
		"agents[0].a_status[ID_UNLOAD_TO_TRUCKS_WHEELLOADER]",
		"agents[1].a_position",
		"agents[1].a_monitors[0]",
		"agents[1].a_task.t_id",
		"agents[1].a_task.t_deviceUse.d_id",
		"agents[1].a_task.t_deviceUse.d_position",
		"agents[1].a_status[ID_DIG_WHEELLOADER]",
		"agents[1].a_status[ID_UNLOAD_TO_TRUCKS_WHEELLOADER]",
		"agents[2].a_position",
		"agents[2].a_monitors[0]",
		"agents[2].a_task.t_id",
		"agents[2].a_task.t_deviceUse.d_id",
		"agents[2].a_task.t_deviceUse.d_position",
		"agents[2].a_status[ID_DIG_WHEELLOADER]",
		"agents[2].a_status[ID_UNLOAD_TO_TRUCKS_WHEELLOADER]",
		"agents[3].a_position",
		"agents[3].a_monitors[0]",
		"agents[3].a_task.t_id",
		"agents[3].a_task.t_deviceUse.d_id",
		"agents[3].a_task.t_deviceUse.d_position",
		"agents[3].a_status[ID_DIG_WHEELLOADER]",
		"agents[3].a_status[ID_UNLOAD_TO_TRUCKS_WHEELLOADER]",
		"agents[4].a_position",
		"agents[4].a_monitors[0]",
		"agents[4].a_task.t_id",
		"agents[4].a_task.t_deviceUse.d_id",
		"agents[4].a_task.t_deviceUse.d_position",
		"agents[4].a_status[ID_DIG_WHEELLOADER]",
		"agents[4].a_status[ID_UNLOAD_TO_TRUCKS_WHEELLOADER]"
	],"pointvars":[
	],"locationnames":{
		"Rong.location":{
			"0":"Lose",
			"1":"Win",
			"2":"Ongoing",
			"3":"Begin"
		},
		"m_stone0Secondary0_TK0.location":{
			"0":"P2",
			"1":"F1T2",
			"2":"P1"
		},
		"m_secondary0Stone0_TK0.location":{
			"0":"P2",
			"1":"F1T2",
			"2":"P1"
		},
		"m_stone1Secondary0_TK0.location":{
			"0":"P2",
			"1":"F1T2",
			"2":"P1"
		},
		"m_secondary0Stone1_TK0.location":{
			"0":"P2",
			"1":"F1T2",
			"2":"P1"
		},
		"m_stone2Secondary0_TK0.location":{
			"0":"P2",
			"1":"F1T2",
			"2":"P1"
		},
		"m_secondary0Stone2_TK0.location":{
			"0":"P2",
			"1":"F1T2",
			"2":"P1"
		},
		"m_stone3Secondary0_TK0.location":{
			"0":"P2",
			"1":"F1T2",
			"2":"P1"
		},
		"m_secondary0Stone3_TK0.location":{
			"0":"P2",
			"1":"F1T2",
			"2":"P1"
		},
		"m_primary0Secondary0_TK0.location":{
			"0":"P2",
			"1":"F1T2",
			"2":"P1"
		},
		"m_secondary0Primary0_TK0.location":{
			"0":"P2",
			"1":"F1T2",
			"2":"P1"
		},
		"t_digging_WL0.location":{
			"0":"Waiting",
			"1":"Idle",
			"2":"Executing"
		},
		"t_unloading_WL0.location":{
			"0":"Waiting",
			"1":"Idle",
			"2":"Executing"
		},
		"t_digging_WL1.location":{
			"0":"Waiting",
			"1":"Idle",
			"2":"Executing"
		},
		"t_unloading_WL1.location":{
			"0":"Waiting",
			"1":"Idle",
			"2":"Executing"
		},
		"t_digging_WL2.location":{
			"0":"Waiting",
			"1":"Idle",
			"2":"Executing"
		},
		"t_unloading_WL2.location":{
			"0":"Waiting",
			"1":"Idle",
			"2":"Executing"
		},
		"t_digging_WL3.location":{
			"0":"Waiting",
			"1":"Idle",
			"2":"Executing"
		},
		"t_unloading_WL3.location":{
			"0":"Waiting",
			"1":"Idle",
			"2":"Executing"
		},
		"t_loadingFromWL_TK0.location":{
			"0":"Waiting",
			"1":"Idle",
			"2":"Executing"
		},
		"t_loadingFromPrimary_TK0.location":{
			"0":"Waiting",
			"1":"Idle",
			"2":"Executing"
		},
		"t_unloadingToSecond_TK0.location":{
			"0":"Waiting",
			"1":"Idle",
			"2":"Executing"
		}
	},"regressors":{
		"(2,2,2,2,2,2,2,2,2,2,2,2,1,2,1,1,1,2,1,1,1,1,0,0,0,0,-1,0,1,0,1,0,0,-1,1,1,0,2,0,-1,-1,-1,0,0,3,0,0,-1,3,1,0,5,0,-1,-1,-1,0,0)":
			{"type":"act->point->val","representation":"simpletree","minimize":0,"regressor":
				{
				"4" : -2572.832994038732,
				"10" : -2524.480350020091,
				"2" : -2483.348028394797,
				"6" : -2618.522239868723,
				"23" : -2484.971740464875,
				"8" : -2577.666968006608
				}
			},
		"(2,2,2,2,2,2,2,2,2,2,1,1,1,1,1,2,1,1,1,1,1,1,0,0,0,-1,-1,-1,0,0,1,0,-1,-1,-1,0,0,2,0,0,-1,2,1,0,3,0,-1,-1,-1,0,0,-1,0,-2,-1,-1,0,0)":
			{"type":"act->point->val","representation":"simpletree","minimize":0,"regressor":
				{
				"29" : -2498.436204123677,
				"11" : -2484.132402166868,
				"17" : -2494.630987986728
				}
			},
		"(2,2,2,2,1,2,2,2,2,2,2,1,1,1,1,2,1,1,1,1,1,1,0,0,0,-1,-1,-1,0,0,1,0,-1,-1,-1,0,0,2,0,0,-1,2,1,0,3,0,-1,-1,-1,0,0,-1,0,-2,-1,-1,0,0)":
			{"type":"act->point->val","representation":"simpletree","minimize":0,"regressor":
				{
				"29" : -2582.901799855106,
				"11" : -2542.908837309763,
				"17" : -2514.05855658784
				}
			},
		"(2,2,2,2,1,2,2,2,2,2,2,1,1,2,1,2,1,1,1,1,1,1,0,0,0,-1,-1,-1,0,0,1,0,0,-1,1,1,0,2,0,0,-1,2,1,0,3,0,-1,-1,-1,0,0,-1,0,-2,-1,-1,0,0)":
			{"type":"act->point->val","representation":"simpletree","minimize":0,"regressor":
				{
				"29" : -2590.905393002812,
				"11" : -2579.810345054508
				}
			},
		"(2,2,2,2,1,2,2,2,2,2,2,1,1,2,1,1,1,1,1,1,1,1,0,0,0,-1,-1,-1,0,0,1,0,0,-1,1,1,0,2,0,-1,-1,-1,0,0,3,0,-1,-1,-1,0,0,-1,0,-2,-1,-1,0,0)":
			{"type":"act->point->val","representation":"simpletree","minimize":0,"regressor":
				{
				"29" : -2547.965297661206,
				"11" : -2701.841418247031,
				"23" : -2550.546887758758
				}
			},
		"(2,2,2,2,1,2,2,2,2,2,2,2,1,2,1,1,1,1,1,1,1,1,0,0,0,0,-1,0,1,0,1,0,0,-1,1,1,0,2,0,-1,-1,-1,0,0,3,0,-1,-1,-1,0,0,-1,0,-2,-1,-1,0,0)":
			{"type":"act->point->val","representation":"simpletree","minimize":0,"regressor":
				{
				"29" : -2607.030207589235,
				"23" : -2678.773984872744
				}
			},
		"(2,2,2,2,2,2,2,2,2,2,2,1,1,2,1,1,1,2,1,1,1,1,0,0,0,-1,-1,-1,0,0,1,0,0,-1,1,1,0,2,0,-1,-1,-1,0,0,3,0,0,-1,3,1,0,5,0,-1,-1,-1,0,0)":
			{"type":"act->point->val","representation":"simpletree","minimize":0,"regressor":
				{
				"4" : -2535.112868022422,
				"11" : -2459.691724617122,
				"10" : -2504.443730453015,
				"2" : -2453.866584453961,
				"6" : -2611.346686136077,
				"23" : -2458.619166079873,
				"8" : -2567.746594740459
				}
			},
		"(2,2,1,2,2,2,2,2,2,2,2,2,1,1,1,2,1,1,1,1,1,1,0,0,0,0,-1,0,1,0,1,0,-1,-1,-1,0,0,2,0,0,-1,2,1,0,3,0,-1,-1,-1,0,0,-1,0,-2,-1,-1,0,0)":
			{"type":"act->point->val","representation":"simpletree","minimize":0,"regressor":
				{
				"29" : -2487.170387883707,
				"17" : -2483.254363375523
				}
			},
		"(2,2,2,2,2,2,1,2,2,2,2,1,1,2,1,1,1,2,1,1,1,1,0,0,0,-1,-1,-1,0,0,1,0,0,-1,1,1,0,2,0,-1,-1,-1,0,0,3,0,0,-1,3,1,0,-1,0,-2,-1,-1,0,0)":
			{"type":"act->point->val","representation":"simpletree","minimize":0,"regressor":
				{
				"11" : -2596.843046377843,
				"23" : -2744.780245810573
				}
			},
		"(2,2,2,2,2,2,2,2,1,2,2,2,1,2,1,1,1,1,1,1,1,1,0,0,0,0,-1,0,1,0,1,0,0,-1,1,1,0,2,0,-1,-1,-1,0,0,3,0,-1,-1,-1,0,0,-1,0,-2,-1,-1,0,0)":
			{"type":"act->point->val","representation":"simpletree","minimize":0,"regressor":
				{
				"29" : -2582.631225901802,
				"23" : -2562.895578486003
				}
			},
		"(2,2,2,2,2,2,1,2,2,2,2,1,1,1,1,2,1,2,1,1,1,1,0,0,0,-1,-1,-1,0,0,1,0,-1,-1,-1,0,0,2,0,0,-1,2,1,0,3,0,0,-1,3,1,0,-1,0,-2,-1,-1,0,0)":
			{"type":"act->point->val","representation":"simpletree","minimize":0,"regressor":
				{
				"11" : -2618.531003954662,
				"17" : -2618.706734324487
				}
			},
		"(2,2,1,2,2,2,2,2,2,2,2,2,1,2,1,1,1,1,1,1,1,1,0,0,0,0,-1,0,1,0,1,0,0,-1,1,1,0,2,0,-1,-1,-1,0,0,3,0,-1,-1,-1,0,0,-1,0,-2,-1,-1,0,0)":
			{"type":"act->point->val","representation":"simpletree","minimize":0,"regressor":
				{
				"29" : -2483.285399897972,
				"23" : -2482.850604449242
				}
			},
		"(2,2,2,2,2,0,2,2,2,2,2,1,1,1,1,2,1,1,1,1,1,1,60,0,0,-1,-1,-1,2,0,1,0,-1,-1,-1,2,0,2,0,0,-1,2,1,0,3,0,-1,-1,-1,2,0,5,0,-1,-1,-1,0,0)":
			{"type":"act->point->val","representation":"simpletree","minimize":0,"regressor":
				{
				"4" : -1931.302105743851,
				"10" : -1851.474594053513,
				"2" : -1815.205545617381,
				"6" : -1958.645619932744,
				"8" : -1920.097097958678
				}
			},
		"(2,2,2,2,2,2,2,2,1,2,2,1,1,2,1,1,1,2,1,1,1,1,0,0,0,-1,-1,-1,0,0,1,0,0,-1,1,1,0,2,0,-1,-1,-1,0,0,3,0,0,-1,3,1,0,-1,0,-2,-1,-1,0,0)":
			{"type":"act->point->val","representation":"simpletree","minimize":0,"regressor":
				{
				"11" : -2580.456333538591,
				"23" : -2590.673176465648
				}
			},
		"(2,2,2,2,2,2,1,2,2,2,2,1,1,1,1,2,1,1,1,1,1,1,0,0,0,-1,-1,-1,0,0,1,0,-1,-1,-1,0,0,2,0,0,-1,2,1,0,3,0,-1,-1,-1,0,0,-1,0,-2,-1,-1,0,0)":
			{"type":"act->point->val","representation":"simpletree","minimize":0,"regressor":
				{
				"29" : -2595.678004693599,
				"11" : -2574.136071170212,
				"17" : -2571.963814216463
				}
			},
		"(2,2,2,2,2,2,1,2,2,2,2,2,1,1,1,2,1,1,1,1,1,1,0,0,0,0,-1,0,1,0,1,0,-1,-1,-1,0,0,2,0,0,-1,2,1,0,3,0,-1,-1,-1,0,0,-1,0,-2,-1,-1,0,0)":
			{"type":"act->point->val","representation":"simpletree","minimize":0,"regressor":
				{
				"29" : -2608.475604251279,
				"17" : -2617.589432057891
				}
			},
		"(2,2,1,2,2,2,2,2,2,2,2,2,1,1,1,1,1,1,1,1,1,1,0,0,0,0,-1,0,1,0,1,0,-1,-1,-1,0,0,2,0,-1,-1,-1,0,0,3,0,-1,-1,-1,0,0,-1,0,-2,-1,-1,0,0)":
			{"type":"act->point->val","representation":"simpletree","minimize":0,"regressor":
				{
				"29" : -2467.953633143366,
				"23" : -2462.415946597857,
				"17" : -2443.851037739992
				}
			},
		"(2,2,1,2,2,2,2,2,2,2,2,2,1,1,1,1,1,2,1,1,1,1,0,0,0,0,-1,0,1,0,1,0,-1,-1,-1,0,0,2,0,-1,-1,-1,0,0,3,0,0,-1,3,1,0,-1,0,-2,-1,-1,0,0)":
			{"type":"act->point->val","representation":"simpletree","minimize":0,"regressor":
				{
				"23" : -2486.11726245305,
				"17" : -2484.235115216961
				}
			},
		"(2,2,2,2,2,2,1,2,2,2,2,1,1,2,1,2,1,1,1,1,1,1,0,0,0,-1,-1,-1,0,0,1,0,0,-1,1,1,0,2,0,0,-1,2,1,0,3,0,-1,-1,-1,0,0,-1,0,-2,-1,-1,0,0)":
			{"type":"act->point->val","representation":"simpletree","minimize":0,"regressor":
				{
				"29" : -2606.082512250714,
				"11" : -2619.678040060971
				}
			},
		"(2,2,2,2,2,2,2,2,1,2,2,1,1,2,1,2,1,1,1,1,1,1,0,0,0,-1,-1,-1,0,0,1,0,0,-1,1,1,0,2,0,0,-1,2,1,0,3,0,-1,-1,-1,0,0,-1,0,-2,-1,-1,0,0)":
			{"type":"act->point->val","representation":"simpletree","minimize":0,"regressor":
				{
				"29" : -2581.757359077757,
				"11" : -2582.352224444674
				}
			},
		"(2,2,2,2,2,2,2,2,2,2,2,1,1,1,1,2,1,1,1,1,1,1,0,0,0,-1,-1,-1,0,0,1,0,-1,-1,-1,0,0,2,0,0,-1,2,1,0,3,0,-1,-1,-1,0,0,5,0,-1,-1,-1,0,0)":
			{"type":"act->point->val","representation":"simpletree","minimize":0,"regressor":
				{
				"4" : -2486.117449536521,
				"29" : -2416.780265406573,
				"11" : -2416.615489388824,
				"10" : -2433.808323934986,
				"2" : -2419.970502100256,
				"6" : -2539.314610641758,
				"8" : -2513.285595478279,
				"17" : -2416.6638525759
				}
			},
		"(2,2,2,2,2,2,2,2,1,2,2,2,1,1,1,1,1,1,1,1,1,1,0,0,0,0,-1,0,1,0,1,0,-1,-1,-1,0,0,2,0,-1,-1,-1,0,0,3,0,-1,-1,-1,0,0,-1,0,-2,-1,-1,0,0)":
			{"type":"act->point->val","representation":"simpletree","minimize":0,"regressor":
				{
				"29" : -2666.640171217227,
				"23" : -2551.545380488568,
				"17" : -2481.173232553664
				}
			},
		"(2,2,2,2,2,2,2,2,2,2,1,1,1,1,1,2,1,2,1,1,1,1,0,0,0,-1,-1,-1,0,0,1,0,-1,-1,-1,0,0,2,0,0,-1,2,1,0,3,0,0,-1,3,1,0,-1,0,-2,-1,-1,0,0)":
			{"type":"act->point->val","representation":"simpletree","minimize":0,"regressor":
				{
				"11" : -2530.165227934031,
				"17" : -2531.507339467409
				}
			},
		"(2,2,2,2,1,2,2,2,2,2,2,1,1,1,1,1,1,2,1,1,1,1,0,0,0,-1,-1,-1,0,0,1,0,-1,-1,-1,0,0,2,0,-1,-1,-1,0,0,3,0,0,-1,3,1,0,-1,0,-2,-1,-1,0,0)":
			{"type":"act->point->val","representation":"simpletree","minimize":0,"regressor":
				{
				"11" : -2576.664809403183,
				"23" : -2627.428586471312,
				"17" : -2547.111634669681
				}
			},
		"(2,2,2,2,2,2,2,2,1,2,2,1,1,2,1,1,1,1,1,1,1,1,0,0,0,-1,-1,-1,0,0,1,0,0,-1,1,1,0,2,0,-1,-1,-1,0,0,3,0,-1,-1,-1,0,0,-1,0,-2,-1,-1,0,0)":
			{"type":"act->point->val","representation":"simpletree","minimize":0,"regressor":
				{
				"29" : -2720.955679584782,
				"11" : -2518.253282928838,
				"23" : -2519.267593373966
				}
			},
		"(2,2,2,2,2,2,1,2,2,2,2,1,1,1,1,1,1,1,1,1,1,1,0,0,0,-1,-1,-1,0,0,1,0,-1,-1,-1,0,0,2,0,-1,-1,-1,0,0,3,0,-1,-1,-1,0,0,-1,0,-2,-1,-1,0,0)":
			{"type":"act->point->val","representation":"simpletree","minimize":0,"regressor":
				{
				"29" : -2826.361541163375,
				"11" : -2574.81517273141,
				"23" : -2536.049777451959,
				"17" : -2640.82899953215
				}
			},
		"(2,2,2,2,2,2,1,2,2,2,2,2,1,1,1,1,1,2,1,1,1,1,0,0,0,0,-1,0,1,0,1,0,-1,-1,-1,0,0,2,0,-1,-1,-1,0,0,3,0,0,-1,3,1,0,-1,0,-2,-1,-1,0,0)":
			{"type":"act->point->val","representation":"simpletree","minimize":0,"regressor":
				{
				"23" : -2562.03298012683,
				"17" : -2753.860207999299
				}
			},
		"(2,2,1,2,2,2,2,2,2,2,2,1,1,2,1,1,1,2,1,1,1,1,0,0,0,-1,-1,-1,0,0,1,0,0,-1,1,1,0,2,0,-1,-1,-1,0,0,3,0,0,-1,3,1,0,-1,0,-2,-1,-1,0,0)":
			{"type":"act->point->val","representation":"simpletree","minimize":0,"regressor":
				{
				"11" : -2486.175957598045,
				"23" : -2485.98967033709
				}
			},
		"(2,2,2,2,2,2,2,2,2,2,2,2,1,1,1,1,1,2,1,1,1,1,0,0,0,0,-1,0,1,0,1,0,-1,-1,-1,0,0,2,0,-1,-1,-1,0,0,3,0,0,-1,3,1,0,5,0,-1,-1,-1,0,0)":
			{"type":"act->point->val","representation":"simpletree","minimize":0,"regressor":
				{
				"4" : -2604.397653360987,
				"10" : -2479.614046162294,
				"2" : -2460.208285200928,
				"6" : -2517.338995172465,
				"23" : -2441.396308054384,
				"8" : -3096.000672777197,
				"17" : -2466.009126005054
				}
			},
		"(2,2,2,2,2,0,2,2,2,2,2,1,1,1,1,1,1,1,1,1,1,1,120,0,0,-1,-1,-1,2,0,1,0,-1,-1,-1,2,0,2,0,-1,-1,-1,2,0,3,0,-1,-1,-1,2,0,5,0,-1,-1,-1,0,0)":
			{"type":"act->point->val","representation":"simpletree","minimize":0,"regressor":
				{
				"4" : -1202.373298060658,
				"10" : -1113.449646441414,
				"2" : -1083.221406207544,
				"6" : -1225.848687013689,
				"8" : -1192.939797646229
				}
			},
		"(2,2,2,2,0,2,2,2,2,2,2,1,1,1,1,1,1,1,1,1,1,1,180,0,0,-1,-1,-1,2,0,1,0,-1,-1,-1,2,0,2,0,-1,-1,-1,2,0,3,0,-1,-1,-1,2,0,1,0,-1,-1,-1,0,0)":
			{"type":"act->point->val","representation":"simpletree","minimize":0,"regressor":
				{
				"3" : -360.8814041032318,
				"20" : -361.1337573310992
				}
			},
		"(2,2,2,0,2,2,2,2,2,2,2,1,1,2,1,1,1,1,1,1,1,1,180,0,0,-1,-1,-1,2,0,1,0,0,-1,1,1,0,2,0,-1,-1,-1,2,0,3,0,-1,-1,-1,2,0,5,0,-1,-1,-1,0,0)":
			{"type":"act->point->val","representation":"simpletree","minimize":0,"regressor":
				{
				"4" : -435.0256891115184,
				"10" : -309.2815131670064,
				"2" : -284.1040764963619,
				"6" : -457.648326128598,
				"8" : -423.3285538499287
				}
			},
		"(2,2,1,2,2,2,2,2,2,2,2,1,1,1,1,1,1,2,1,1,1,1,0,0,0,-1,-1,-1,0,0,1,0,-1,-1,-1,0,0,2,0,-1,-1,-1,0,0,3,0,0,-1,3,1,0,-1,0,-2,-1,-1,0,0)":
			{"type":"act->point->val","representation":"simpletree","minimize":0,"regressor":
				{
				"11" : -2469.881571972485,
				"23" : -2461.634802079019,
				"17" : -2459.821868326436
				}
			},
		"(2,2,2,2,2,0,2,2,2,2,2,1,1,1,1,2,1,1,1,1,1,1,120,0,0,-1,-1,-1,2,0,1,0,-1,-1,-1,2,0,2,0,0,-1,2,1,0,3,0,-1,-1,-1,2,0,5,0,-1,-1,-1,0,0)":
			{"type":"act->point->val","representation":"simpletree","minimize":0,"regressor":
				{
				"4" : -1201.715707325668,
				"10" : -1113.000776718216,
				"2" : -1075.98369442793,
				"6" : -1211.088663005715,
				"8" : -1146.083158019394
				}
			},
		"(2,2,2,2,2,2,2,2,2,2,1,1,1,1,1,1,1,2,1,1,1,1,0,0,0,-1,-1,-1,0,0,1,0,-1,-1,-1,0,0,2,0,-1,-1,-1,0,0,3,0,0,-1,3,1,0,-1,0,-2,-1,-1,0,0)":
			{"type":"act->point->val","representation":"simpletree","minimize":0,"regressor":
				{
				"11" : -2490.525620080045,
				"23" : -2480.817892954839,
				"17" : -2505.295473568625
				}
			},
		"(2,2,2,2,2,2,2,2,2,2,1,1,1,2,1,1,1,2,1,1,1,1,0,0,0,-1,-1,-1,0,0,1,0,0,-1,1,1,0,2,0,-1,-1,-1,0,0,3,0,0,-1,3,1,0,-1,0,-2,-1,-1,0,0)":
			{"type":"act->point->val","representation":"simpletree","minimize":0,"regressor":
				{
				"11" : -2549.102975631512,
				"23" : -2529.742694098655
				}
			},
		"(2,2,2,2,2,2,2,2,2,2,1,1,1,1,1,1,1,1,1,1,1,1,0,0,0,-1,-1,-1,0,0,1,0,-1,-1,-1,0,0,2,0,-1,-1,-1,0,0,3,0,-1,-1,-1,0,0,-1,0,-2,-1,-1,0,0)":
			{"type":"act->point->val","representation":"simpletree","minimize":0,"regressor":
				{
				"29" : -2447.406936906483,
				"11" : -2432.444942274496,
				"23" : -2436.447089627944,
				"17" : -2512.152585945894
				}
			},
		"(2,2,2,2,2,2,2,2,2,2,1,2,1,1,1,1,1,1,1,1,1,1,0,0,0,0,-1,0,1,0,1,0,-1,-1,-1,0,0,2,0,-1,-1,-1,0,0,3,0,-1,-1,-1,0,0,-1,0,-2,-1,-1,0,0)":
			{"type":"act->point->val","representation":"simpletree","minimize":0,"regressor":
				{
				"29" : -2484.537935207914,
				"23" : -2483.736021512306,
				"17" : -2496.453262208659
				}
			},
		"(2,2,2,2,2,0,2,2,2,2,2,1,1,1,1,2,1,1,1,1,1,1,40,0,0,-1,-1,-1,2,0,1,0,-1,-1,-1,2,0,2,0,0,-1,2,1,0,3,0,-1,-1,-1,2,0,5,0,-1,-1,-1,0,0)":
			{"type":"act->point->val","representation":"simpletree","minimize":0,"regressor":
				{
				"4" : -2523.10029356213,
				"10" : -2063.528137158646,
				"2" : -2068.611077617125,
				"6" : -2183.903691473102,
				"8" : -2193.858871296799
				}
			},
		"(2,2,2,2,2,2,2,2,2,2,1,1,1,2,1,1,1,1,1,1,1,1,0,0,0,-1,-1,-1,0,0,1,0,0,-1,1,1,0,2,0,-1,-1,-1,0,0,3,0,-1,-1,-1,0,0,-1,0,-2,-1,-1,0,0)":
			{"type":"act->point->val","representation":"simpletree","minimize":0,"regressor":
				{
				"29" : -2501.803232226347,
				"11" : -2527.402701397915,
				"23" : -2518.628009044973
				}
			},
		"(2,2,2,2,2,2,2,2,2,2,1,1,1,2,1,2,1,1,1,1,1,1,0,0,0,-1,-1,-1,0,0,1,0,0,-1,1,1,0,2,0,0,-1,2,1,0,3,0,-1,-1,-1,0,0,-1,0,-2,-1,-1,0,0)":
			{"type":"act->point->val","representation":"simpletree","minimize":0,"regressor":
				{
				"29" : -2528.970761816697,
				"11" : -2531.246324626601
				}
			},
		"(2,2,0,2,2,2,2,2,2,2,2,1,1,1,1,1,1,1,1,1,1,1,60,0,0,-1,-1,-1,2,0,1,0,-1,-1,-1,2,0,2,0,-1,-1,-1,2,0,3,0,-1,-1,-1,2,0,0,0,-1,-1,-1,0,0)":
			{"type":"act->point->val","representation":"simpletree","minimize":0,"regressor":
				{
				"14" : -1745.650692941681,
				"1" : -1889.870463131029
				}
			},
		"(2,2,2,2,1,2,2,2,2,2,2,1,1,1,1,1,1,1,1,1,1,1,0,0,0,-1,-1,-1,0,0,1,0,-1,-1,-1,0,0,2,0,-1,-1,-1,0,0,3,0,-1,-1,-1,0,0,-1,0,-2,-1,-1,0,0)":
			{"type":"act->point->val","representation":"simpletree","minimize":0,"regressor":
				{
				"29" : -2528.563588522623,
				"11" : -2881.331850736171,
				"23" : -2466.199038894975,
				"17" : -2505.578689233422
				}
			},
		"(2,2,2,0,2,2,2,2,2,2,2,1,1,1,1,1,1,1,1,1,1,1,40,0,0,-1,-1,-1,2,0,1,0,-1,-1,-1,2,0,2,0,-1,-1,-1,2,0,3,0,-1,-1,-1,2,0,5,0,-1,-1,-1,0,0)":
			{"type":"act->point->val","representation":"simpletree","minimize":0,"regressor":
				{
				"4" : -2162.366134318183,
				"10" : -2084.956999264867,
				"2" : -2043.764332883467,
				"6" : -2192.203505003557,
				"8" : -2147.286349946596
				}
			},
		"(2,2,2,2,1,2,2,2,2,2,2,2,1,1,1,1,1,1,1,1,1,1,0,0,0,0,-1,0,1,0,1,0,-1,-1,-1,0,0,2,0,-1,-1,-1,0,0,3,0,-1,-1,-1,0,0,-1,0,-2,-1,-1,0,0)":
			{"type":"act->point->val","representation":"simpletree","minimize":0,"regressor":
				{
				"29" : -2564.98121826193,
				"23" : -2688.148902308842,
				"17" : -2587.346275688789
				}
			},
		"(2,2,1,2,2,2,2,2,2,2,2,1,1,1,1,2,1,1,1,1,1,1,0,0,0,-1,-1,-1,0,0,1,0,-1,-1,-1,0,0,2,0,0,-1,2,1,0,3,0,-1,-1,-1,0,0,-1,0,-2,-1,-1,0,0)":
			{"type":"act->point->val","representation":"simpletree","minimize":0,"regressor":
				{
				"29" : -2458.568178034061,
				"11" : -2453.331107035281,
				"17" : -2448.451841665531
				}
			},
		"(2,2,0,2,2,2,2,2,2,2,2,1,1,1,1,1,1,1,1,1,1,1,0,0,0,-1,-1,-1,0,0,1,0,-1,-1,-1,2,0,2,0,-1,-1,-1,2,0,3,0,-1,-1,-1,2,0,0,0,-1,-1,-1,2,0)":
			{"type":"act->point->val","representation":"simpletree","minimize":0,"regressor":
				{
				"11" : -2407.8918089955,
				"1" : -2406.483578355709
				}
			},
		"(2,0,2,2,2,2,2,2,2,2,2,1,1,1,1,1,1,1,1,1,1,1,20,0,0,-1,-1,-1,2,0,1,0,-1,-1,-1,2,0,2,0,-1,-1,-1,2,0,3,0,-1,-1,-1,2,0,5,0,-1,-1,-1,0,0)":
			{"type":"act->point->val","representation":"simpletree","minimize":0,"regressor":
				{
				"4" : -2381.352060214342,
				"10" : -2312.96437935307,
				"2" : -2276.362488243877,
				"6" : -2407.798411324519,
				"8" : -2372.271767911744
				}
			},
		"(2,2,2,2,2,0,2,2,2,2,2,1,1,1,1,2,1,1,1,1,1,1,160,0,0,-1,-1,-1,2,0,1,0,-1,-1,-1,2,0,2,0,0,-1,2,1,0,3,0,-1,-1,-1,2,0,5,0,-1,-1,-1,0,0)":
			{"type":"act->point->val","representation":"simpletree","minimize":0,"regressor":
				{
				"4" : -664.8255907588428,
				"10" : -580.9871520163596,
				"2" : -558.7324043899901,
				"6" : -708.2132054786495,
				"8" : -668.3079927307059
				}
			},
		"(2,2,2,2,2,2,2,2,2,2,2,1,1,2,1,1,1,1,1,1,1,1,0,0,0,-1,-1,-1,0,0,1,0,0,-1,1,1,0,2,0,-1,-1,-1,0,0,3,0,-1,-1,-1,0,0,5,0,-1,-1,-1,0,0)":
			{"type":"act->point->val","representation":"simpletree","minimize":0,"regressor":
				{
				"4" : -2521.048596290532,
				"29" : -2423.953278059271,
				"11" : -2418.814239413166,
				"10" : -2479.738618448641,
				"2" : -2416.26471541847,
				"6" : -2613.035389740955,
				"23" : -2418.81531884402,
				"8" : -2492.007983502808
				}
			},
		"(2,2,2,2,2,2,2,2,2,2,1,2,1,2,1,1,1,1,1,1,1,1,0,0,0,0,-1,0,1,0,1,0,0,-1,1,1,0,2,0,-1,-1,-1,0,0,3,0,-1,-1,-1,0,0,-1,0,-2,-1,-1,0,0)":
			{"type":"act->point->val","representation":"simpletree","minimize":0,"regressor":
				{
				"29" : -2530.481886484723,
				"23" : -2527.819551675579
				}
			},
		"(2,2,2,2,2,2,2,0,2,2,2,1,1,1,1,1,1,1,1,1,1,1,140,0,0,-1,-1,-1,2,0,1,0,-1,-1,-1,2,0,2,0,-1,-1,-1,2,0,3,0,-1,-1,-1,2,0,5,0,-1,-1,-1,0,0)":
			{"type":"act->point->val","representation":"simpletree","minimize":0,"regressor":
				{
				"4" : -960.4635212717899,
				"10" : -855.13960907375,
				"2" : -825.4895802535722,
				"6" : -979.5558008232832,
				"8" : -951.7537306021237
				}
			},
		"(2,2,2,0,2,2,2,2,2,2,2,1,1,1,1,1,1,1,1,1,1,1,140,0,0,-1,-1,-1,2,0,1,0,-1,-1,-1,2,0,2,0,-1,-1,-1,2,0,3,0,-1,-1,-1,2,0,5,0,-1,-1,-1,0,0)":
			{"type":"act->point->val","representation":"simpletree","minimize":0,"regressor":
				{
				"4" : -951.1814112090572,
				"10" : -852.897517114656,
				"2" : -825.195405988487,
				"6" : -982.2002199867189,
				"8" : -922.9563738424591
				}
			},
		"(2,2,2,2,2,2,2,2,1,2,2,1,1,1,1,1,1,1,1,1,1,1,0,0,0,-1,-1,-1,0,0,1,0,-1,-1,-1,0,0,2,0,-1,-1,-1,0,0,3,0,-1,-1,-1,0,0,-1,0,-2,-1,-1,0,0)":
			{"type":"act->point->val","representation":"simpletree","minimize":0,"regressor":
				{
				"29" : -2463.349972679646,
				"11" : -2498.677065371829,
				"23" : -2502.381023625591,
				"17" : -2437.595703774893
				}
			},
		"(2,2,2,2,2,2,2,2,2,2,2,1,1,2,1,2,1,1,1,1,1,1,0,0,0,-1,-1,-1,0,0,1,0,0,-1,1,1,0,2,0,0,-1,2,1,0,3,0,-1,-1,-1,0,0,5,0,-1,-1,-1,0,0)":
			{"type":"act->point->val","representation":"simpletree","minimize":0,"regressor":
				{
				"4" : -2505.788942151449,
				"29" : -2453.887245616616,
				"11" : -2443.019758508484,
				"10" : -2489.160739427982,
				"2" : -2449.568513402973,
				"6" : -2541.403684576755,
				"8" : -2564.440470498404
				}
			},
		"(2,2,2,2,2,2,2,2,1,2,2,2,1,1,1,2,1,1,1,1,1,1,0,0,0,0,-1,0,1,0,1,0,-1,-1,-1,0,0,2,0,0,-1,2,1,0,3,0,-1,-1,-1,0,0,-1,0,-2,-1,-1,0,0)":
			{"type":"act->point->val","representation":"simpletree","minimize":0,"regressor":
				{
				"29" : -2574.306017343797,
				"17" : -2588.712749128575
				}
			},
		"(2,2,2,2,2,0,2,2,2,2,2,1,1,1,1,2,1,1,1,1,1,1,0,0,0,-1,-1,-1,2,0,1,0,-1,-1,-1,2,0,2,0,0,-1,2,1,0,3,0,-1,-1,-1,2,0,5,0,-1,-1,-1,0,0)":
			{"type":"act->point->val","representation":"simpletree","minimize":0,"regressor":
				{
				"4" : -2584.539646410065,
				"10" : -2528.957618911901,
				"2" : -2483.423612702325,
				"6" : -2603.589844854161,
				"8" : -2581.880064744355
				}
			},
		"(2,2,2,2,2,2,1,2,2,2,2,1,1,1,1,1,1,2,1,1,1,1,0,0,0,-1,-1,-1,0,0,1,0,-1,-1,-1,0,0,2,0,-1,-1,-1,0,0,3,0,0,-1,3,1,0,-1,0,-2,-1,-1,0,0)":
			{"type":"act->point->val","representation":"simpletree","minimize":0,"regressor":
				{
				"11" : -3164.500050010795,
				"23" : -2600.5883376619,
				"17" : -2631.561139985157
				}
			},
		"(2,2,2,0,2,2,2,2,2,2,2,1,1,1,1,1,1,1,1,1,1,1,20,0,0,-1,-1,-1,2,0,1,0,-1,-1,-1,2,0,2,0,-1,-1,-1,2,0,3,0,-1,-1,-1,2,0,5,0,-1,-1,-1,0,0)":
			{"type":"act->point->val","representation":"simpletree","minimize":0,"regressor":
				{
				"4" : -2373.94706120058,
				"10" : -2310.614376956721,
				"2" : -2268.255881171514,
				"6" : -2406.944483408431,
				"8" : -2373.269614960599
				}
			},
		"(2,2,2,2,2,2,1,2,2,2,2,2,1,2,1,1,1,1,1,1,1,1,0,0,0,0,-1,0,1,0,1,0,0,-1,1,1,0,2,0,-1,-1,-1,0,0,3,0,-1,-1,-1,0,0,-1,0,-2,-1,-1,0,0)":
			{"type":"act->point->val","representation":"simpletree","minimize":0,"regressor":
				{
				"29" : -2614.557390336684,
				"23" : -2642.674192856075
				}
			},
		"(2,2,2,0,2,2,2,2,2,2,2,1,1,1,1,1,1,1,1,1,1,1,120,0,0,-1,-1,-1,2,0,1,0,-1,-1,-1,2,0,2,0,-1,-1,-1,2,0,3,0,-1,-1,-1,2,0,5,0,-1,-1,-1,0,0)":
			{"type":"act->point->val","representation":"simpletree","minimize":0,"regressor":
				{
				"4" : -1211.242827372749,
				"10" : -1116.785021066998,
				"2" : -1083.447370651787,
				"6" : -1222.346223666059,
				"8" : -1192.23831444432
				}
			},
		"(2,2,2,2,0,2,2,2,2,2,2,1,1,1,1,1,1,1,1,1,1,1,120,0,0,-1,-1,-1,2,0,1,0,-1,-1,-1,2,0,2,0,-1,-1,-1,2,0,3,0,-1,-1,-1,2,0,1,0,-1,-1,-1,0,0)":
			{"type":"act->point->val","representation":"simpletree","minimize":0,"regressor":
				{
				"3" : -1152.814504670618,
				"20" : -1153.978200920271
				}
			},
		"(2,2,2,0,2,2,2,2,2,2,2,1,1,2,1,1,1,1,1,1,1,1,120,0,0,-1,-1,-1,2,0,1,0,0,-1,1,1,0,2,0,-1,-1,-1,2,0,3,0,-1,-1,-1,2,0,5,0,-1,-1,-1,0,0)":
			{"type":"act->point->val","representation":"simpletree","minimize":0,"regressor":
				{
				"4" : -1208.147409122389,
				"10" : -1114.593233569886,
				"2" : -1085.21843953235,
				"6" : -1182.680886875753,
				"8" : -1195.027091619865
				}
			},
		"(2,2,2,2,2,2,2,2,1,2,2,1,1,1,1,2,1,2,1,1,1,1,0,0,0,-1,-1,-1,0,0,1,0,-1,-1,-1,0,0,2,0,0,-1,2,1,0,3,0,0,-1,3,1,0,-1,0,-2,-1,-1,0,0)":
			{"type":"act->point->val","representation":"simpletree","minimize":0,"regressor":
				{
				"11" : -2583.540491477106,
				"17" : -2583.371664890471
				}
			},
		"(2,2,2,2,2,2,2,2,1,2,2,1,1,1,1,1,1,2,1,1,1,1,0,0,0,-1,-1,-1,0,0,1,0,-1,-1,-1,0,0,2,0,-1,-1,-1,0,0,3,0,0,-1,3,1,0,-1,0,-2,-1,-1,0,0)":
			{"type":"act->point->val","representation":"simpletree","minimize":0,"regressor":
				{
				"11" : -2512.853927184894,
				"23" : -2556.181798588635,
				"17" : -2590.677614974978
				}
			},
		"(2,2,2,2,2,2,2,0,2,2,2,1,1,1,1,1,1,1,1,1,1,1,0,0,0,-1,-1,-1,2,0,1,0,-1,-1,-1,2,0,2,0,-1,-1,-1,2,0,3,0,-1,-1,-1,2,0,5,0,-1,-1,-1,0,0)":
			{"type":"act->point->val","representation":"simpletree","minimize":0,"regressor":
				{
				"4" : -2592.480784374041,
				"10" : -2529.514882694934,
				"2" : -2484.027953825734,
				"6" : -2618.911310553454,
				"8" : -2582.546998913328
				}
			},
		"(2,2,2,2,0,2,2,2,2,2,2,1,1,1,1,1,1,1,1,1,1,1,0,0,0,-1,-1,-1,2,0,1,0,-1,-1,-1,2,0,2,0,-1,-1,-1,2,0,3,0,-1,-1,-1,2,0,1,0,-1,-1,-1,0,0)":
			{"type":"act->point->val","representation":"simpletree","minimize":0,"regressor":
				{
				"3" : -2540.883093656587,
				"20" : -2537.74593584598
				}
			},
		"(2,2,2,2,2,2,2,2,2,2,0,1,1,1,1,1,1,1,1,1,1,1,0,0,0,-1,-1,-1,2,0,1,0,-1,-1,-1,2,0,2,0,-1,-1,-1,2,0,3,0,-1,-1,-1,2,0,4,0,-1,-1,-1,0,0)":
			{"type":"act->point->val","representation":"simpletree","minimize":0,"regressor":
				{
				"36" : -2475.72441718025,
				"9" : -2542.416613320747
				}
			},
		"(2,2,2,2,2,2,2,0,2,2,2,1,1,1,1,1,1,2,1,1,1,1,120,0,0,-1,-1,-1,2,0,1,0,-1,-1,-1,2,0,2,0,-1,-1,-1,2,0,3,0,0,-1,3,1,0,5,0,-1,-1,-1,0,0)":
			{"type":"act->point->val","representation":"simpletree","minimize":0,"regressor":
				{
				"4" : -1216.368967111299,
				"10" : -1115.815342120876,
				"2" : -1083.128826151301,
				"6" : -1217.663089817611,
				"8" : -1205.264017357656
				}
			},
		"(2,2,2,2,2,2,2,2,2,0,2,1,1,1,1,1,1,1,1,1,1,1,20,0,0,-1,-1,-1,2,0,1,0,-1,-1,-1,2,0,2,0,-1,-1,-1,2,0,3,0,-1,-1,-1,2,0,5,0,-1,-1,-1,0,0)":
			{"type":"act->point->val","representation":"simpletree","minimize":0,"regressor":
				{
				"4" : -2380.738135210202,
				"10" : -2311.341467117498,
				"2" : -2271.628878752093,
				"6" : -2405.132679118145,
				"8" : -2370.228159133444
				}
			},
		"(2,2,0,2,2,2,2,2,2,2,2,1,1,1,1,1,1,1,1,1,1,1,20,0,0,-1,-1,-1,2,0,1,0,-1,-1,-1,2,0,2,0,-1,-1,-1,2,0,3,0,-1,-1,-1,2,0,0,0,-1,-1,-1,0,0)":
			{"type":"act->point->val","representation":"simpletree","minimize":0,"regressor":
				{
				"14" : -2203.813009795262,
				"1" : -2337.558915663582
				}
			},
		"(2,2,2,2,2,2,2,0,2,2,2,1,1,1,1,1,1,2,1,1,1,1,180,0,0,-1,-1,-1,2,0,1,0,-1,-1,-1,2,0,2,0,-1,-1,-1,2,0,3,0,0,-1,3,1,0,5,0,-1,-1,-1,0,0)":
			{"type":"act->point->val","representation":"simpletree","minimize":0,"regressor":
				{
				"4" : -428.9520551631848,
				"10" : -309.646422982831,
				"2" : -284.3676133014623,
				"6" : -458.384204590543,
				"8" : -424.8845190054951
				}
			},
		"(2,2,2,2,2,2,2,2,2,2,2,2,1,2,1,1,1,1,1,1,1,1,0,0,0,0,-1,0,1,0,1,0,0,-1,1,1,0,2,0,-1,-1,-1,0,0,3,0,-1,-1,-1,0,0,5,0,-1,-1,-1,0,0)":
			{"type":"act->point->val","representation":"simpletree","minimize":0,"regressor":
				{
				"4" : -2662.677783738399,
				"29" : -2463.393212706438,
				"10" : -2518.03883828956,
				"2" : -2452.049513979022,
				"6" : -2570.002412042754,
				"23" : -2443.188366252516,
				"8" : -2556.722757865139
				}
			},
		"(2,2,1,2,2,2,2,2,2,2,2,1,1,1,1,1,1,1,1,1,1,1,0,0,0,-1,-1,-1,0,0,1,0,-1,-1,-1,0,0,2,0,-1,-1,-1,0,0,3,0,-1,-1,-1,0,0,-1,0,-2,-1,-1,0,0)":
			{"type":"act->point->val","representation":"simpletree","minimize":0,"regressor":
				{
				"29" : -2441.453228165226,
				"11" : -2417.544123120134,
				"23" : -2422.303511697748,
				"17" : -2422.663985794073
				}
			},
		"(2,2,2,0,2,2,2,2,2,2,2,1,1,1,1,1,1,1,1,1,1,1,180,0,0,-1,-1,-1,2,0,1,0,-1,-1,-1,2,0,2,0,-1,-1,-1,2,0,3,0,-1,-1,-1,2,0,5,0,-1,-1,-1,0,0)":
			{"type":"act->point->val","representation":"simpletree","minimize":0,"regressor":
				{
				"4" : -431.0955861942404,
				"10" : -309.4270867693232,
				"2" : -283.4781147487086,
				"6" : -460.9095219628326,
				"8" : -420.962761990602
				}
			},
		"(2,2,2,2,2,2,2,2,2,0,2,1,1,1,1,1,1,1,1,1,1,1,0,0,0,-1,-1,-1,2,0,1,0,-1,-1,-1,2,0,2,0,-1,-1,-1,2,0,3,0,-1,-1,-1,2,0,5,0,-1,-1,-1,0,0)":
			{"type":"act->point->val","representation":"simpletree","minimize":0,"regressor":
				{
				"4" : -2586.271939853801,
				"10" : -2522.995248873121,
				"2" : -2483.839650764829,
				"6" : -2604.140384020484,
				"8" : -2573.967713855578
				}
			},
		"(2,0,2,2,2,2,2,2,2,2,2,1,1,1,1,1,1,1,1,1,1,1,180,0,0,-1,-1,-1,2,0,1,0,-1,-1,-1,2,0,2,0,-1,-1,-1,2,0,3,0,-1,-1,-1,2,0,5,0,-1,-1,-1,0,0)":
			{"type":"act->point->val","representation":"simpletree","minimize":0,"regressor":
				{
				"4" : -437.2786126094909,
				"10" : -310.6706466822389,
				"2" : -284.3070916282558,
				"6" : -462.9737913711759,
				"8" : -427.039578447773
				}
			},
		"(2,2,2,2,0,2,2,2,2,2,2,1,1,1,1,1,1,1,1,1,1,1,20,0,0,-1,-1,-1,2,0,1,0,-1,-1,-1,2,0,2,0,-1,-1,-1,2,0,3,0,-1,-1,-1,2,0,1,0,-1,-1,-1,0,0)":
			{"type":"act->point->val","representation":"simpletree","minimize":0,"regressor":
				{
				"3" : -2325.36065180076,
				"20" : -2324.231131450337
				}
			},
		"(2,2,0,2,2,2,2,2,2,2,2,1,1,1,1,1,1,1,1,1,1,1,40,0,0,-1,-1,-1,0,0,1,0,-1,-1,-1,2,0,2,0,-1,-1,-1,2,0,3,0,-1,-1,-1,2,0,0,0,-1,-1,-1,2,0)":
			{"type":"act->point->val","representation":"simpletree","minimize":0,"regressor":
				{
				"11" : -1955.729355371056,
				"1" : -1959.1809699395
				}
			},
		"(2,2,2,2,2,2,2,0,2,2,2,1,1,1,1,1,1,2,1,1,1,1,60,0,0,-1,-1,-1,2,0,1,0,-1,-1,-1,2,0,2,0,-1,-1,-1,2,0,3,0,0,-1,3,1,0,5,0,-1,-1,-1,0,0)":
			{"type":"act->point->val","representation":"simpletree","minimize":0,"regressor":
				{
				"4" : -1913.635267388818,
				"10" : -1853.486324927901,
				"2" : -1815.956649151527,
				"6" : -1939.048784570035,
				"8" : -1916.778858451034
				}
			},
		"(2,2,2,2,2,2,1,2,2,2,2,1,1,2,1,1,1,1,1,1,1,1,0,0,0,-1,-1,-1,0,0,1,0,0,-1,1,1,0,2,0,-1,-1,-1,0,0,3,0,-1,-1,-1,0,0,-1,0,-2,-1,-1,0,0)":
			{"type":"act->point->val","representation":"simpletree","minimize":0,"regressor":
				{
				"29" : -2610.966784741979,
				"11" : -2611.430121989776,
				"23" : -2615.90644692407
				}
			},
		"(2,2,2,2,2,2,2,2,0,2,2,1,1,1,1,1,1,1,1,1,1,1,60,0,0,-1,-1,-1,2,0,1,0,-1,-1,-1,2,0,2,0,-1,-1,-1,2,0,3,0,-1,-1,-1,2,0,3,0,-1,-1,-1,0,0)":
			{"type":"act->point->val","representation":"simpletree","minimize":0,"regressor":
				{
				"7" : -1873.117281222241,
				"32" : -1872.969418071963
				}
			},
		"(2,2,2,2,2,2,2,2,2,0,2,1,1,1,1,1,1,1,1,1,1,1,80,0,0,-1,-1,-1,2,0,1,0,-1,-1,-1,2,0,2,0,-1,-1,-1,2,0,3,0,-1,-1,-1,2,0,5,0,-1,-1,-1,0,0)":
			{"type":"act->point->val","representation":"simpletree","minimize":0,"regressor":
				{
				"4" : -1704.57789086139,
				"10" : -1614.522268481431,
				"2" : -1579.69439694627,
				"6" : -1715.15771420332,
				"8" : -1692.82332334192
				}
			},
		"(2,2,2,2,2,2,1,2,2,2,2,2,1,1,1,1,1,1,1,1,1,1,0,0,0,0,-1,0,1,0,1,0,-1,-1,-1,0,0,2,0,-1,-1,-1,0,0,3,0,-1,-1,-1,0,0,-1,0,-2,-1,-1,0,0)":
			{"type":"act->point->val","representation":"simpletree","minimize":0,"regressor":
				{
				"29" : -3131.944439687524,
				"23" : -2582.879306420672,
				"17" : -2583.46867657639
				}
			},
		"(2,2,2,2,2,0,2,2,2,2,2,1,1,1,1,2,1,1,1,1,1,1,80,0,0,-1,-1,-1,2,0,1,0,-1,-1,-1,2,0,2,0,0,-1,2,1,0,3,0,-1,-1,-1,2,0,5,0,-1,-1,-1,0,0)":
			{"type":"act->point->val","representation":"simpletree","minimize":0,"regressor":
				{
				"4" : -1719.856951344084,
				"10" : -1610.091145043801,
				"2" : -1577.129064090051,
				"6" : -1678.078765238539,
				"8" : -1699.588700330325
				}
			},
		"(2,2,2,2,2,2,2,0,2,2,2,1,1,1,1,1,1,1,1,1,1,1,40,0,0,-1,-1,-1,2,0,1,0,-1,-1,-1,2,0,2,0,-1,-1,-1,2,0,3,0,-1,-1,-1,2,0,5,0,-1,-1,-1,0,0)":
			{"type":"act->point->val","representation":"simpletree","minimize":0,"regressor":
				{
				"4" : -2129.778990642357,
				"10" : -2087.46068656705,
				"2" : -2050.797864446344,
				"6" : -2557.976472395419,
				"8" : -2138.9454194077
				}
			},
		"(2,0,2,2,2,2,2,2,2,2,2,1,1,1,1,1,1,1,1,1,1,1,60,0,0,-1,-1,-1,2,0,1,0,-1,-1,-1,2,0,2,0,-1,-1,-1,2,0,3,0,-1,-1,-1,2,0,5,0,-1,-1,-1,0,0)":
			{"type":"act->point->val","representation":"simpletree","minimize":0,"regressor":
				{
				"4" : -1938.368491236545,
				"10" : -1853.806092038589,
				"2" : -1820.888922476253,
				"6" : -1963.516392867437,
				"8" : -1929.049723966079
				}
			},
		"(2,2,2,2,2,2,0,2,2,2,2,1,1,1,1,1,1,1,1,1,1,1,0,0,0,-1,-1,-1,2,0,1,0,-1,-1,-1,2,0,2,0,-1,-1,-1,2,0,3,0,-1,-1,-1,2,0,2,0,-1,-1,-1,0,0)":
			{"type":"act->point->val","representation":"simpletree","minimize":0,"regressor":
				{
				"5" : -2551.247328135633,
				"26" : -2551.903246415613
				}
			},
		"(2,2,2,2,2,2,2,2,2,0,2,1,1,1,1,1,1,1,1,1,1,1,120,0,0,-1,-1,-1,2,0,1,0,-1,-1,-1,2,0,2,0,-1,-1,-1,2,0,3,0,-1,-1,-1,2,0,5,0,-1,-1,-1,0,0)":
			{"type":"act->point->val","representation":"simpletree","minimize":0,"regressor":
				{
				"4" : -1220.77037344477,
				"10" : -1114.778524937204,
				"2" : -1082.459216561897,
				"6" : -1234.945740982109,
				"8" : -1206.005673500425
				}
			},
		"(2,2,2,2,0,2,2,2,2,2,2,1,1,1,1,1,1,1,1,1,1,1,80,0,0,-1,-1,-1,2,0,1,0,-1,-1,-1,2,0,2,0,-1,-1,-1,2,0,3,0,-1,-1,-1,2,0,1,0,-1,-1,-1,0,0)":
			{"type":"act->point->val","representation":"simpletree","minimize":0,"regressor":
				{
				"3" : -1643.253558915345,
				"20" : -1642.470405400654
				}
			},
		"(2,2,2,2,2,2,0,2,2,2,2,1,1,1,1,1,1,1,1,1,1,1,80,0,0,-1,-1,-1,2,0,1,0,-1,-1,-1,2,0,2,0,-1,-1,-1,2,0,3,0,-1,-1,-1,2,0,2,0,-1,-1,-1,0,0)":
			{"type":"act->point->val","representation":"simpletree","minimize":0,"regressor":
				{
				"5" : -1655.428254503747,
				"26" : -1655.349976991037
				}
			},
		"(2,2,2,2,2,2,2,2,2,2,1,2,1,1,1,2,1,1,1,1,1,1,0,0,0,0,-1,0,1,0,1,0,-1,-1,-1,0,0,2,0,0,-1,2,1,0,3,0,-1,-1,-1,0,0,-1,0,-2,-1,-1,0,0)":
			{"type":"act->point->val","representation":"simpletree","minimize":0,"regressor":
				{
				"29" : -2526.876192950234,
				"17" : -2530.785646950009
				}
			},
		"(2,2,2,2,2,2,2,0,2,2,2,1,1,1,1,1,1,1,1,1,1,1,80,0,0,-1,-1,-1,2,0,1,0,-1,-1,-1,2,0,2,0,-1,-1,-1,2,0,3,0,-1,-1,-1,2,0,5,0,-1,-1,-1,0,0)":
			{"type":"act->point->val","representation":"simpletree","minimize":0,"regressor":
				{
				"4" : -1709.465380882017,
				"10" : -1613.934728342909,
				"2" : -1578.19635018111,
				"6" : -1714.362421617928,
				"8" : -1665.11502258486
				}
			},
		"(2,2,2,2,2,2,2,2,2,0,2,1,1,1,1,1,1,1,1,1,1,1,60,0,0,-1,-1,-1,2,0,1,0,-1,-1,-1,2,0,2,0,-1,-1,-1,2,0,3,0,-1,-1,-1,2,0,5,0,-1,-1,-1,0,0)":
			{"type":"act->point->val","representation":"simpletree","minimize":0,"regressor":
				{
				"4" : -1933.780995243708,
				"10" : -1854.356967255755,
				"2" : -1814.981264832318,
				"6" : -1951.419513481634,
				"8" : -1919.830601463263
				}
			},
		"(2,2,2,2,2,2,2,2,2,0,2,1,1,1,1,1,1,1,1,1,1,1,160,0,0,-1,-1,-1,2,0,1,0,-1,-1,-1,2,0,2,0,-1,-1,-1,2,0,3,0,-1,-1,-1,2,0,5,0,-1,-1,-1,0,0)":
			{"type":"act->point->val","representation":"simpletree","minimize":0,"regressor":
				{
				"4" : -703.509254610212,
				"10" : -584.991894808722,
				"2" : -559.7153290037264,
				"6" : -722.9418492992099,
				"8" : -693.0937099877862
				}
			},
		"(2,2,2,2,2,2,2,2,2,2,2,2,1,2,1,2,1,2,1,1,1,1,0,0,0,0,-1,0,1,0,1,0,0,-1,1,1,0,2,0,0,-1,2,1,0,3,0,0,-1,3,1,0,5,0,-1,-1,-1,0,0)":
			{"type":"act->point->val","representation":"simpletree","minimize":0,"regressor":
				{
				"4" : -2589.231282317172,
				"10" : -2679.837294600117,
				"2" : -2493.577167709233,
				"6" : -2594.548855025007,
				"8" : -2569.241293208918
				}
			},
		"(2,2,2,2,2,2,2,2,1,2,2,2,1,1,1,1,1,2,1,1,1,1,0,0,0,0,-1,0,1,0,1,0,-1,-1,-1,0,0,2,0,-1,-1,-1,0,0,3,0,0,-1,3,1,0,-1,0,-2,-1,-1,0,0)":
			{"type":"act->point->val","representation":"simpletree","minimize":0,"regressor":
				{
				"23" : -2570.774313844871,
				"17" : -2606.242947307639
				}
			},
		"(2,2,2,2,2,2,2,2,0,2,2,1,1,1,1,1,1,1,1,1,1,1,80,0,0,-1,-1,-1,2,0,1,0,-1,-1,-1,2,0,2,0,-1,-1,-1,2,0,3,0,-1,-1,-1,2,0,3,0,-1,-1,-1,0,0)":
			{"type":"act->point->val","representation":"simpletree","minimize":0,"regressor":
				{
				"7" : -1637.704436613247,
				"32" : -1637.84575760173
				}
			},
		"(2,2,2,2,2,0,2,2,2,2,2,1,1,1,1,1,1,1,1,1,1,1,0,0,0,-1,-1,-1,2,0,1,0,-1,-1,-1,2,0,2,0,-1,-1,-1,2,0,3,0,-1,-1,-1,2,0,5,0,-1,-1,-1,0,0)":
			{"type":"act->point->val","representation":"simpletree","minimize":0,"regressor":
				{
				"4" : -2592.024871222942,
				"10" : -2527.215259102177,
				"2" : -2483.333402648868,
				"6" : -2613.052524288928,
				"8" : -2582.480672061184
				}
			},
		"(2,2,2,2,2,0,2,2,2,2,2,1,1,1,1,1,1,1,1,1,1,1,160,0,0,-1,-1,-1,2,0,1,0,-1,-1,-1,2,0,2,0,-1,-1,-1,2,0,3,0,-1,-1,-1,2,0,5,0,-1,-1,-1,0,0)":
			{"type":"act->point->val","representation":"simpletree","minimize":0,"regressor":
				{
				"4" : -698.2230659902266,
				"10" : -586.6538342539365,
				"2" : -558.1576042108539,
				"6" : -713.0622940345596,
				"8" : -692.1802595069551
				}
			},
		"(2,2,0,2,2,2,2,2,2,2,2,1,1,1,1,1,1,1,1,1,1,1,160,0,0,-1,-1,-1,2,0,1,0,-1,-1,-1,2,0,2,0,-1,-1,-1,2,0,3,0,-1,-1,-1,2,0,0,0,-1,-1,-1,0,0)":
			{"type":"act->point->val","representation":"simpletree","minimize":0,"regressor":
				{
				"14" : -469.8303668136817,
				"1" : -646.1665438832769
				}
			},
		"(2,2,0,2,2,2,2,2,2,2,2,1,1,1,1,1,1,1,1,1,1,1,160,0,0,-1,-1,-1,0,0,1,0,-1,-1,-1,2,0,2,0,-1,-1,-1,2,0,3,0,-1,-1,-1,2,0,0,0,-1,-1,-1,2,0)":
			{"type":"act->point->val","representation":"simpletree","minimize":0,"regressor":
				{
				"11" : -430.5859971012401,
				"1" : -437.0895919650653
				}
			},
		"(2,2,2,0,2,2,2,2,2,2,2,1,1,1,1,1,1,1,1,1,1,1,60,0,0,-1,-1,-1,2,0,1,0,-1,-1,-1,2,0,2,0,-1,-1,-1,2,0,3,0,-1,-1,-1,2,0,5,0,-1,-1,-1,0,0)":
			{"type":"act->point->val","representation":"simpletree","minimize":0,"regressor":
				{
				"4" : -1924.547255484327,
				"10" : -1855.130097337972,
				"2" : -1815.058541886166,
				"6" : -1932.539825360025,
				"8" : -1941.414954057911
				}
			},
		"(2,2,2,2,0,2,2,2,2,2,2,1,1,1,1,1,1,1,1,1,1,1,60,0,0,-1,-1,-1,2,0,1,0,-1,-1,-1,2,0,2,0,-1,-1,-1,2,0,3,0,-1,-1,-1,2,0,1,0,-1,-1,-1,0,0)":
			{"type":"act->point->val","representation":"simpletree","minimize":0,"regressor":
				{
				"3" : -1877.10330513548,
				"20" : -1877.874257398054
				}
			},
		"(2,2,2,2,2,2,0,2,2,2,2,1,1,1,1,1,1,1,1,1,1,1,180,0,0,-1,-1,-1,2,0,1,0,-1,-1,-1,2,0,2,0,-1,-1,-1,2,0,3,0,-1,-1,-1,2,0,2,0,-1,-1,-1,0,0)":
			{"type":"act->point->val","representation":"simpletree","minimize":0,"regressor":
				{
				"5" : -373.673601618396,
				"26" : -373.8057397668059
				}
			},
		"(2,2,2,2,2,2,2,2,2,2,2,1,1,1,1,1,1,1,1,1,1,1,0,0,0,-1,-1,-1,0,0,1,0,-1,-1,-1,0,0,2,0,-1,-1,-1,0,0,3,0,-1,-1,-1,0,0,5,0,-1,-1,-1,0,0)":
			{"type":"act->point->val","representation":"simpletree","minimize":0,"regressor":
				{
				"4" : -2441.741944024166,
				"29" : -2392.23836069811,
				"11" : -2392.098685817188,
				"10" : -2395.656038129173,
				"2" : -2392.374796353493,
				"6" : -2502.082507321832,
				"23" : -2392.264784173142,
				"8" : -2409.116445550362,
				"17" : -2392.102068261903
				}
			},
		"(2,2,2,2,2,0,2,2,2,2,2,1,1,1,1,2,1,1,1,1,1,1,100,0,0,-1,-1,-1,2,0,1,0,-1,-1,-1,2,0,2,0,0,-1,2,1,0,3,0,-1,-1,-1,2,0,5,0,-1,-1,-1,0,0)":
			{"type":"act->point->val","representation":"simpletree","minimize":0,"regressor":
				{
				"4" : -1447.106817987927,
				"10" : -1362.405362613452,
				"2" : -1331.600826359869,
				"6" : -1455.303741695553,
				"8" : -1423.492014654466
				}
			},
		"(2,2,2,2,2,2,2,2,0,2,2,1,1,1,1,1,1,1,1,1,1,1,40,0,0,-1,-1,-1,2,0,1,0,-1,-1,-1,2,0,2,0,-1,-1,-1,2,0,3,0,-1,-1,-1,2,0,3,0,-1,-1,-1,0,0)":
			{"type":"act->point->val","representation":"simpletree","minimize":0,"regressor":
				{
				"7" : -2105.991686681318,
				"32" : -2098.854737620903
				}
			},
		"(2,2,2,2,2,2,0,2,2,2,2,1,1,1,1,1,1,1,1,1,1,1,160,0,0,-1,-1,-1,2,0,1,0,-1,-1,-1,2,0,2,0,-1,-1,-1,2,0,3,0,-1,-1,-1,2,0,2,0,-1,-1,-1,0,0)":
			{"type":"act->point->val","representation":"simpletree","minimize":0,"regressor":
				{
				"5" : -645.5359395389875,
				"26" : -645.8443546174394
				}
			},
		"(2,2,2,2,1,2,2,2,2,2,2,2,1,1,1,1,1,2,1,1,1,1,0,0,0,0,-1,0,1,0,1,0,-1,-1,-1,0,0,2,0,-1,-1,-1,0,0,3,0,0,-1,3,1,0,-1,0,-2,-1,-1,0,0)":
			{"type":"act->point->val","representation":"simpletree","minimize":0,"regressor":
				{
				"23" : -2592.325145928325,
				"17" : -2626.125994433343
				}
			},
		"(2,2,1,2,2,2,2,2,2,2,2,1,1,2,1,1,1,1,1,1,1,1,0,0,0,-1,-1,-1,0,0,1,0,0,-1,1,1,0,2,0,-1,-1,-1,0,0,3,0,-1,-1,-1,0,0,-1,0,-2,-1,-1,0,0)":
			{"type":"act->point->val","representation":"simpletree","minimize":0,"regressor":
				{
				"29" : -2456.896746827432,
				"11" : -2449.383067511058,
				"23" : -2457.953994126784
				}
			},
		"(2,2,2,2,1,2,2,2,2,2,2,1,1,1,1,2,1,2,1,1,1,1,0,0,0,-1,-1,-1,0,0,1,0,-1,-1,-1,0,0,2,0,0,-1,2,1,0,3,0,0,-1,3,1,0,-1,0,-2,-1,-1,0,0)":
			{"type":"act->point->val","representation":"simpletree","minimize":0,"regressor":
				{
				"11" : -2603.651212600342,
				"17" : -2588.758456071658
				}
			},
		"(2,0,2,2,2,2,2,2,2,2,2,1,1,1,1,1,1,1,1,1,1,1,120,0,0,-1,-1,-1,2,0,1,0,-1,-1,-1,2,0,2,0,-1,-1,-1,2,0,3,0,-1,-1,-1,2,0,5,0,-1,-1,-1,0,0)":
			{"type":"act->point->val","representation":"simpletree","minimize":0,"regressor":
				{
				"4" : -1221.368883918313,
				"10" : -1118.8335477964,
				"2" : -1086.525659650731,
				"6" : -1243.24777158006,
				"8" : -1211.384516676068
				}
			},
		"(2,2,0,2,2,2,2,2,2,2,2,1,1,1,1,1,1,1,1,1,1,1,100,0,0,-1,-1,-1,0,0,1,0,-1,-1,-1,2,0,2,0,-1,-1,-1,2,0,3,0,-1,-1,-1,2,0,0,0,-1,-1,-1,2,0)":
			{"type":"act->point->val","representation":"simpletree","minimize":0,"regressor":
				{
				"11" : -1226.115261193758,
				"1" : -1231.169887959618
				}
			},
		"(2,2,2,2,2,2,2,2,0,2,2,1,1,1,1,1,1,1,1,1,1,1,180,0,0,-1,-1,-1,2,0,1,0,-1,-1,-1,2,0,2,0,-1,-1,-1,2,0,3,0,-1,-1,-1,2,0,3,0,-1,-1,-1,0,0)":
			{"type":"act->point->val","representation":"simpletree","minimize":0,"regressor":
				{
				"7" : -355.4721411399578,
				"32" : -356.1858338627084
				}
			},
		"(2,2,2,2,2,2,0,2,2,2,2,1,1,1,1,1,1,1,1,1,1,1,20,0,0,-1,-1,-1,2,0,1,0,-1,-1,-1,2,0,2,0,-1,-1,-1,2,0,3,0,-1,-1,-1,2,0,2,0,-1,-1,-1,0,0)":
			{"type":"act->point->val","representation":"simpletree","minimize":0,"regressor":
				{
				"5" : -2338.101082148715,
				"26" : -2338.370956176219
				}
			},
		"(2,2,2,2,2,2,2,2,0,2,2,1,1,1,1,1,1,1,1,1,1,1,100,0,0,-1,-1,-1,2,0,1,0,-1,-1,-1,2,0,2,0,-1,-1,-1,2,0,3,0,-1,-1,-1,2,0,3,0,-1,-1,-1,0,0)":
			{"type":"act->point->val","representation":"simpletree","minimize":0,"regressor":
				{
				"7" : -1395.924924808789,
				"32" : -1396.685546261042
				}
			},
		"(2,2,0,2,2,2,2,2,2,2,2,1,1,1,1,1,1,1,1,1,1,1,80,0,0,-1,-1,-1,2,0,1,0,-1,-1,-1,2,0,2,0,-1,-1,-1,2,0,3,0,-1,-1,-1,2,0,0,0,-1,-1,-1,0,0)":
			{"type":"act->point->val","representation":"simpletree","minimize":0,"regressor":
				{
				"14" : -1505.387656411409,
				"1" : -1654.149032022119
				}
			},
		"(2,2,2,2,2,2,2,2,2,2,0,1,1,1,1,1,1,1,1,1,1,1,100,0,0,-1,-1,-1,2,0,1,0,-1,-1,-1,2,0,2,0,-1,-1,-1,2,0,3,0,-1,-1,-1,2,0,4,0,-1,-1,-1,0,0)":
			{"type":"act->point->val","representation":"simpletree","minimize":0,"regressor":
				{
				"36" : -1299.395836033206,
				"9" : -1405.513880826702
				}
			},
		"(2,2,0,2,2,2,2,2,2,2,2,1,1,1,1,1,1,1,1,1,1,1,140,0,0,-1,-1,-1,0,0,1,0,-1,-1,-1,2,0,2,0,-1,-1,-1,2,0,3,0,-1,-1,-1,2,0,0,0,-1,-1,-1,2,0)":
			{"type":"act->point->val","representation":"simpletree","minimize":0,"regressor":
				{
				"11" : -699.5476538992576,
				"1" : -710.2974818878448
				}
			},
		"(2,2,0,2,2,2,2,2,2,2,2,1,1,1,1,1,1,1,1,1,1,1,0,0,0,-1,-1,-1,2,0,1,0,-1,-1,-1,2,0,2,0,-1,-1,-1,2,0,3,0,-1,-1,-1,2,0,0,0,-1,-1,-1,0,0)":
			{"type":"act->point->val","representation":"simpletree","minimize":0,"regressor":
				{
				"14" : -2425.844056344185,
				"1" : -2551.632442825849
				}
			},
		"(2,2,2,2,2,2,2,2,2,2,2,2,1,1,1,1,1,1,1,1,1,1,0,0,0,0,-1,0,1,0,1,0,-1,-1,-1,0,0,2,0,-1,-1,-1,0,0,3,0,-1,-1,-1,0,0,5,0,-1,-1,-1,0,0)":
			{"type":"act->point->val","representation":"simpletree","minimize":0,"regressor":
				{
				"4" : -2766.934280354078,
				"29" : -2416.620536177109,
				"10" : -2428.97378566384,
				"2" : -2418.90466261943,
				"6" : -3121.998987571383,
				"23" : -2449.709923532874,
				"8" : -2461.81940085546,
				"17" : -2507.468179274096
				}
			},
		"(2,2,2,2,2,2,2,0,2,2,2,1,1,1,1,1,1,1,1,1,1,1,160,0,0,-1,-1,-1,2,0,1,0,-1,-1,-1,2,0,2,0,-1,-1,-1,2,0,3,0,-1,-1,-1,2,0,5,0,-1,-1,-1,0,0)":
			{"type":"act->point->val","representation":"simpletree","minimize":0,"regressor":
				{
				"4" : -698.4090908808873,
				"10" : -587.8958636310882,
				"2" : -559.0571793083085,
				"6" : -727.257861910843,
				"8" : -691.3368924268964
				}
			},
		"(2,2,2,0,2,2,2,2,2,2,2,1,1,2,1,1,1,1,1,1,1,1,140,0,0,-1,-1,-1,2,0,1,0,0,-1,1,1,0,2,0,-1,-1,-1,2,0,3,0,-1,-1,-1,2,0,5,0,-1,-1,-1,0,0)":
			{"type":"act->point->val","representation":"simpletree","minimize":0,"regressor":
				{
				"4" : -958.9745953163338,
				"10" : -855.8698970787516,
				"2" : -825.5657992452028,
				"6" : -971.0657522643678,
				"8" : -954.8698308409565
				}
			},
		"(2,2,2,2,2,2,2,2,0,2,2,1,1,1,1,1,1,1,1,1,1,1,20,0,0,-1,-1,-1,2,0,1,0,-1,-1,-1,2,0,2,0,-1,-1,-1,2,0,3,0,-1,-1,-1,2,0,3,0,-1,-1,-1,0,0)":
			{"type":"act->point->val","representation":"simpletree","minimize":0,"regressor":
				{
				"7" : -2321.56715277324,
				"32" : -2320.756171218869
				}
			},
		"(2,2,2,2,2,2,2,2,2,0,2,1,1,1,1,1,1,1,1,1,1,1,140,0,0,-1,-1,-1,2,0,1,0,-1,-1,-1,2,0,2,0,-1,-1,-1,2,0,3,0,-1,-1,-1,2,0,5,0,-1,-1,-1,0,0)":
			{"type":"act->point->val","representation":"simpletree","minimize":0,"regressor":
				{
				"4" : -966.3758325380654,
				"10" : -856.5216446280627,
				"2" : -825.6580143699795,
				"6" : -992.0591925279203,
				"8" : -956.9251897082443
				}
			},
		"(2,2,2,0,2,2,2,2,2,2,2,1,1,2,1,1,1,1,1,1,1,1,40,0,0,-1,-1,-1,2,0,1,0,0,-1,1,1,0,2,0,-1,-1,-1,2,0,3,0,-1,-1,-1,2,0,5,0,-1,-1,-1,0,0)":
			{"type":"act->point->val","representation":"simpletree","minimize":0,"regressor":
				{
				"4" : -2162.505175489616,
				"10" : -2078.996942878076,
				"2" : -2045.372241465017,
				"6" : -2180.625205682054,
				"8" : -2146.920306985396
				}
			},
		"(2,2,0,2,2,2,2,2,2,2,2,1,1,1,1,1,1,1,1,1,1,1,60,0,0,-1,-1,-1,0,0,1,0,-1,-1,-1,2,0,2,0,-1,-1,-1,2,0,3,0,-1,-1,-1,2,0,0,0,-1,-1,-1,2,0)":
			{"type":"act->point->val","representation":"simpletree","minimize":0,"regressor":
				{
				"11" : -1720.106004428966,
				"1" : -1723.919773645047
				}
			},
		"(2,2,2,2,2,2,2,0,2,2,2,1,1,1,1,1,1,1,1,1,1,1,180,0,0,-1,-1,-1,2,0,1,0,-1,-1,-1,2,0,2,0,-1,-1,-1,2,0,3,0,-1,-1,-1,2,0,5,0,-1,-1,-1,0,0)":
			{"type":"act->point->val","representation":"simpletree","minimize":0,"regressor":
				{
				"4" : -429.7793291789123,
				"10" : -309.6846758185784,
				"2" : -283.1986569964706,
				"6" : -456.6135616676835,
				"8" : -426.2436151637263
				}
			},
		"(2,2,2,2,1,2,2,2,2,2,2,1,1,2,1,1,1,2,1,1,1,1,0,0,0,-1,-1,-1,0,0,1,0,0,-1,1,1,0,2,0,-1,-1,-1,0,0,3,0,0,-1,3,1,0,-1,0,-2,-1,-1,0,0)":
			{"type":"act->point->val","representation":"simpletree","minimize":0,"regressor":
				{
				"11" : -2590.695434182242,
				"23" : -2589.758048394914
				}
			},
		"(2,0,2,2,2,2,2,2,2,2,2,1,1,1,1,1,1,1,1,1,1,1,80,0,0,-1,-1,-1,2,0,1,0,-1,-1,-1,2,0,2,0,-1,-1,-1,2,0,3,0,-1,-1,-1,2,0,5,0,-1,-1,-1,0,0)":
			{"type":"act->point->val","representation":"simpletree","minimize":0,"regressor":
				{
				"4" : -1706.029943795142,
				"10" : -1617.199368805463,
				"2" : -1583.441532644944,
				"6" : -1731.871860996099,
				"8" : -1696.382546676349
				}
			},
		"(2,2,2,2,2,2,2,2,0,2,2,1,1,1,1,1,1,1,1,1,1,1,0,0,0,-1,-1,-1,2,0,1,0,-1,-1,-1,2,0,2,0,-1,-1,-1,2,0,3,0,-1,-1,-1,2,0,3,0,-1,-1,-1,0,0)":
			{"type":"act->point->val","representation":"simpletree","minimize":0,"regressor":
				{
				"7" : -2534.116193675977,
				"32" : -2532.94609929188
				}
			},
		"(2,2,2,2,2,2,2,2,0,2,2,1,1,1,1,1,1,1,1,1,1,1,120,0,0,-1,-1,-1,2,0,1,0,-1,-1,-1,2,0,2,0,-1,-1,-1,2,0,3,0,-1,-1,-1,2,0,3,0,-1,-1,-1,0,0)":
			{"type":"act->point->val","representation":"simpletree","minimize":0,"regressor":
				{
				"7" : -1147.612042848963,
				"32" : -1147.893249266139
				}
			},
		"(2,2,2,2,2,2,2,2,2,2,0,1,1,1,1,1,1,1,1,1,1,1,120,0,0,-1,-1,-1,2,0,1,0,-1,-1,-1,2,0,2,0,-1,-1,-1,2,0,3,0,-1,-1,-1,2,0,4,0,-1,-1,-1,0,0)":
			{"type":"act->point->val","representation":"simpletree","minimize":0,"regressor":
				{
				"36" : -1044.661547030883,
				"9" : -1155.998673626671
				}
			},
		"(2,2,0,2,2,2,2,2,2,2,2,1,1,1,1,1,1,1,1,1,1,1,80,0,0,-1,-1,-1,0,0,1,0,-1,-1,-1,2,0,2,0,-1,-1,-1,2,0,3,0,-1,-1,-1,2,0,0,0,-1,-1,-1,2,0)":
			{"type":"act->point->val","representation":"simpletree","minimize":0,"regressor":
				{
				"11" : -1474.61720257843,
				"1" : -1482.233908287829
				}
			},
		"(2,2,2,2,2,0,2,2,2,2,2,1,1,1,1,2,1,1,1,1,1,1,140,0,0,-1,-1,-1,2,0,1,0,-1,-1,-1,2,0,2,0,0,-1,2,1,0,3,0,-1,-1,-1,2,0,5,0,-1,-1,-1,0,0)":
			{"type":"act->point->val","representation":"simpletree","minimize":0,"regressor":
				{
				"4" : -955.3048352205537,
				"10" : -853.1751895889494,
				"2" : -825.165344152546,
				"6" : -972.9337120673616,
				"8" : -946.4873254817954
				}
			},
		"(2,2,2,2,0,2,2,2,2,2,2,1,1,1,1,1,1,1,1,1,1,1,140,0,0,-1,-1,-1,2,0,1,0,-1,-1,-1,2,0,2,0,-1,-1,-1,2,0,3,0,-1,-1,-1,2,0,1,0,-1,-1,-1,0,0)":
			{"type":"act->point->val","representation":"simpletree","minimize":0,"regressor":
				{
				"3" : -896.9225885174965,
				"20" : -897.355091782587
				}
			},
		"(2,2,0,2,2,2,2,2,2,2,2,1,1,1,1,1,1,1,1,1,1,1,20,0,0,-1,-1,-1,0,0,1,0,-1,-1,-1,2,0,2,0,-1,-1,-1,2,0,3,0,-1,-1,-1,2,0,0,0,-1,-1,-1,2,0)":
			{"type":"act->point->val","representation":"simpletree","minimize":0,"regressor":
				{
				"11" : -2189.062666854457,
				"1" : -2179.087374465627
				}
			},
		"(2,2,2,2,1,2,2,2,2,2,2,2,1,1,1,2,1,1,1,1,1,1,0,0,0,0,-1,0,1,0,1,0,-1,-1,-1,0,0,2,0,0,-1,2,1,0,3,0,-1,-1,-1,0,0,-1,0,-2,-1,-1,0,0)":
			{"type":"act->point->val","representation":"simpletree","minimize":0,"regressor":
				{
				"29" : -2590.133457115507,
				"17" : -2587.109570992998
				}
			},
		"(2,2,2,2,2,2,2,0,2,2,2,1,1,1,1,1,1,1,1,1,1,1,120,0,0,-1,-1,-1,2,0,1,0,-1,-1,-1,2,0,2,0,-1,-1,-1,2,0,3,0,-1,-1,-1,2,0,5,0,-1,-1,-1,0,0)":
			{"type":"act->point->val","representation":"simpletree","minimize":0,"regressor":
				{
				"4" : -1207.087246870587,
				"10" : -1114.13448423085,
				"2" : -1082.913504954852,
				"6" : -1221.819560141326,
				"8" : -1195.525231331138
				}
			},
		"(2,0,2,2,2,2,2,2,2,2,2,1,1,1,1,1,1,1,1,1,1,1,100,0,0,-1,-1,-1,2,0,1,0,-1,-1,-1,2,0,2,0,-1,-1,-1,2,0,3,0,-1,-1,-1,2,0,5,0,-1,-1,-1,0,0)":
			{"type":"act->point->val","representation":"simpletree","minimize":0,"regressor":
				{
				"4" : -1467.74436462832,
				"10" : -1371.838993000868,
				"2" : -1338.374831399264,
				"6" : -1492.285907181049,
				"8" : -1457.054105031713
				}
			},
		"(2,2,2,2,2,2,2,2,2,2,0,1,1,1,1,1,1,1,1,1,1,1,80,0,0,-1,-1,-1,2,0,1,0,-1,-1,-1,2,0,2,0,-1,-1,-1,2,0,3,0,-1,-1,-1,2,0,4,0,-1,-1,-1,0,0)":
			{"type":"act->point->val","representation":"simpletree","minimize":0,"regressor":
				{
				"36" : -1549.080829604578,
				"9" : -1646.169849654277
				}
			},
		"(2,2,0,2,2,2,2,2,2,2,2,1,1,1,1,1,1,1,1,1,1,1,120,0,0,-1,-1,-1,2,0,1,0,-1,-1,-1,2,0,2,0,-1,-1,-1,2,0,3,0,-1,-1,-1,2,0,0,0,-1,-1,-1,0,0)":
			{"type":"act->point->val","representation":"simpletree","minimize":0,"regressor":
				{
				"14" : -1001.871800792637,
				"1" : -1165.187640876459
				}
			},
		"(2,2,2,2,2,2,2,2,2,2,0,1,1,1,1,1,1,1,1,1,1,1,140,0,0,-1,-1,-1,2,0,1,0,-1,-1,-1,2,0,2,0,-1,-1,-1,2,0,3,0,-1,-1,-1,2,0,4,0,-1,-1,-1,0,0)":
			{"type":"act->point->val","representation":"simpletree","minimize":0,"regressor":
				{
				"36" : -785.0391247812851,
				"9" : -901.2005844561463
				}
			},
		"(2,2,2,2,2,2,2,2,0,2,2,1,1,1,1,1,1,1,1,1,1,1,160,0,0,-1,-1,-1,2,0,1,0,-1,-1,-1,2,0,2,0,-1,-1,-1,2,0,3,0,-1,-1,-1,2,0,3,0,-1,-1,-1,0,0)":
			{"type":"act->point->val","representation":"simpletree","minimize":0,"regressor":
				{
				"7" : -628.4215569872648,
				"32" : -627.7366169327854
				}
			},
		"(2,2,2,2,2,2,2,0,2,2,2,1,1,1,1,1,1,1,1,1,1,1,60,0,0,-1,-1,-1,2,0,1,0,-1,-1,-1,2,0,2,0,-1,-1,-1,2,0,3,0,-1,-1,-1,2,0,5,0,-1,-1,-1,0,0)":
			{"type":"act->point->val","representation":"simpletree","minimize":0,"regressor":
				{
				"4" : -1931.206461547485,
				"10" : -1856.254395388389,
				"2" : -1816.24578507761,
				"6" : -1961.491706194315,
				"8" : -1917.594214623497
				}
			},
		"(2,2,0,2,2,2,2,2,2,2,2,1,1,1,1,1,1,1,1,1,1,1,180,0,0,-1,-1,-1,0,0,1,0,-1,-1,-1,2,0,2,0,-1,-1,-1,2,0,3,0,-1,-1,-1,2,0,0,0,-1,-1,-1,2,0)":
			{"type":"act->point->val","representation":"simpletree","minimize":0,"regressor":
				{
				"11" : -150.3129943575595,
				"1" : -154.8875858201489
				}
			},
		"(2,0,2,2,2,2,2,2,2,2,2,1,1,1,1,1,1,1,1,1,1,1,40,0,0,-1,-1,-1,2,0,1,0,-1,-1,-1,2,0,2,0,-1,-1,-1,2,0,3,0,-1,-1,-1,2,0,5,0,-1,-1,-1,0,0)":
			{"type":"act->point->val","representation":"simpletree","minimize":0,"regressor":
				{
				"4" : -2163.121292954398,
				"10" : -2089.522273967163,
				"2" : -2052.557371818174,
				"6" : -2188.770654985112,
				"8" : -2153.05628265785
				}
			},
		"(2,2,2,2,2,0,2,2,2,2,2,1,1,1,1,1,1,1,1,1,1,1,20,0,0,-1,-1,-1,2,0,1,0,-1,-1,-1,2,0,2,0,-1,-1,-1,2,0,3,0,-1,-1,-1,2,0,5,0,-1,-1,-1,0,0)":
			{"type":"act->point->val","representation":"simpletree","minimize":0,"regressor":
				{
				"4" : -2369.43175235073,
				"10" : -2306.598085219449,
				"2" : -2267.141899613567,
				"6" : -2403.787267683768,
				"8" : -2369.128820475495
				}
			},
		"(2,2,0,2,2,2,2,2,2,2,2,1,1,1,1,1,1,1,1,1,1,1,180,0,0,-1,-1,-1,2,0,1,0,-1,-1,-1,2,0,2,0,-1,-1,-1,2,0,3,0,-1,-1,-1,2,0,0,0,-1,-1,-1,0,0)":
			{"type":"act->point->val","representation":"simpletree","minimize":0,"regressor":
				{
				"14" : -193.559707415552,
				"1" : -374.0081195712008
				}
			},
		"(2,2,2,2,2,0,2,2,2,2,2,1,1,1,1,1,1,1,1,1,1,1,100,0,0,-1,-1,-1,2,0,1,0,-1,-1,-1,2,0,2,0,-1,-1,-1,2,0,3,0,-1,-1,-1,2,0,5,0,-1,-1,-1,0,0)":
			{"type":"act->point->val","representation":"simpletree","minimize":0,"regressor":
				{
				"4" : -1443.954651617506,
				"10" : -1370.574674753059,
				"2" : -1334.467581132652,
				"6" : -1469.360061881313,
				"8" : -1447.688962983038
				}
			},
		"(2,2,2,2,2,2,2,2,2,2,0,1,1,1,1,1,1,1,1,1,1,1,40,0,0,-1,-1,-1,2,0,1,0,-1,-1,-1,2,0,2,0,-1,-1,-1,2,0,3,0,-1,-1,-1,2,0,4,0,-1,-1,-1,0,0)":
			{"type":"act->point->val","representation":"simpletree","minimize":0,"regressor":
				{
				"36" : -2027.415630534481,
				"9" : -2107.138639532955
				}
			},
		"(2,0,2,2,2,2,2,2,2,2,2,1,1,1,1,1,1,1,1,1,1,1,160,0,0,-1,-1,-1,2,0,1,0,-1,-1,-1,2,0,2,0,-1,-1,-1,2,0,3,0,-1,-1,-1,2,0,5,0,-1,-1,-1,0,0)":
			{"type":"act->point->val","representation":"simpletree","minimize":0,"regressor":
				{
				"4" : -706.0281507585946,
				"10" : -586.7314977443906,
				"2" : -558.0944554582452,
				"6" : -732.0470842412959,
				"8" : -696.824651575149
				}
			},
		"(2,2,2,2,2,2,2,0,2,2,2,1,1,1,1,1,1,2,1,1,1,1,20,0,0,-1,-1,-1,2,0,1,0,-1,-1,-1,2,0,2,0,-1,-1,-1,2,0,3,0,0,-1,3,1,0,5,0,-1,-1,-1,0,0)":
			{"type":"act->point->val","representation":"simpletree","minimize":0,"regressor":
				{
				"4" : -2380.449150205822,
				"10" : -2310.742657208572,
				"2" : -2268.706855451999,
				"6" : -2403.0672247518,
				"8" : -2363.940951131583
				}
			},
		"(2,2,2,2,2,2,2,2,1,2,2,1,1,1,1,2,1,1,1,1,1,1,0,0,0,-1,-1,-1,0,0,1,0,-1,-1,-1,0,0,2,0,0,-1,2,1,0,3,0,-1,-1,-1,0,0,-1,0,-2,-1,-1,0,0)":
			{"type":"act->point->val","representation":"simpletree","minimize":0,"regressor":
				{
				"29" : -2551.204981064489,
				"11" : -2560.907812270548,
				"17" : -2543.934657775053
				}
			},
		"(2,2,2,2,0,2,2,2,2,2,2,1,1,1,1,1,1,1,1,1,1,1,160,0,0,-1,-1,-1,2,0,1,0,-1,-1,-1,2,0,2,0,-1,-1,-1,2,0,3,0,-1,-1,-1,2,0,1,0,-1,-1,-1,0,0)":
			{"type":"act->point->val","representation":"simpletree","minimize":0,"regressor":
				{
				"3" : -633.5254495094899,
				"20" : -632.2978882706949
				}
			},
		"(2,2,0,2,2,2,2,2,2,2,2,1,1,1,1,1,1,1,1,1,1,1,140,0,0,-1,-1,-1,2,0,1,0,-1,-1,-1,2,0,2,0,-1,-1,-1,2,0,3,0,-1,-1,-1,2,0,0,0,-1,-1,-1,0,0)":
			{"type":"act->point->val","representation":"simpletree","minimize":0,"regressor":
				{
				"14" : -738.8634962427751,
				"1" : -909.4293165559899
				}
			},
		"(2,2,2,2,2,2,2,0,2,2,2,1,1,1,1,1,1,2,1,1,1,1,140,0,0,-1,-1,-1,2,0,1,0,-1,-1,-1,2,0,2,0,-1,-1,-1,2,0,3,0,0,-1,3,1,0,5,0,-1,-1,-1,0,0)":
			{"type":"act->point->val","representation":"simpletree","minimize":0,"regressor":
				{
				"4" : -957.6926159543124,
				"10" : -851.8834983712535,
				"2" : -825.3588736604974,
				"6" : -984.9126253345302,
				"8" : -954.2591683937219
				}
			},
		"(2,2,2,2,2,2,2,2,0,2,2,1,1,1,1,1,1,1,1,1,1,1,140,0,0,-1,-1,-1,2,0,1,0,-1,-1,-1,2,0,2,0,-1,-1,-1,2,0,3,0,-1,-1,-1,2,0,3,0,-1,-1,-1,0,0)":
			{"type":"act->point->val","representation":"simpletree","minimize":0,"regressor":
				{
				"7" : -892.3729311006085,
				"32" : -892.0283698123485
				}
			},
		"(2,2,2,2,2,2,2,2,2,2,0,1,1,1,1,1,1,1,1,1,1,1,20,0,0,-1,-1,-1,2,0,1,0,-1,-1,-1,2,0,2,0,-1,-1,-1,2,0,3,0,-1,-1,-1,2,0,4,0,-1,-1,-1,0,0)":
			{"type":"act->point->val","representation":"simpletree","minimize":0,"regressor":
				{
				"36" : -2248.173232461894,
				"9" : -2328.020585871865
				}
			},
		"(2,2,2,2,2,2,2,0,2,2,2,1,1,1,1,1,1,2,1,1,1,1,80,0,0,-1,-1,-1,2,0,1,0,-1,-1,-1,2,0,2,0,-1,-1,-1,2,0,3,0,0,-1,3,1,0,5,0,-1,-1,-1,0,0)":
			{"type":"act->point->val","representation":"simpletree","minimize":0,"regressor":
				{
				"4" : -1693.01606127774,
				"10" : -1610.373935883453,
				"2" : -1578.246009540471,
				"6" : -1720.345695199207,
				"8" : -1682.655918392189
				}
			},
		"(2,0,2,2,2,2,2,2,2,2,2,1,1,1,1,1,1,1,1,1,1,1,140,0,0,-1,-1,-1,2,0,1,0,-1,-1,-1,2,0,2,0,-1,-1,-1,2,0,3,0,-1,-1,-1,2,0,5,0,-1,-1,-1,0,0)":
			{"type":"act->point->val","representation":"simpletree","minimize":0,"regressor":
				{
				"4" : -967.7063559453568,
				"10" : -859.3333180364897,
				"2" : -826.0706171835246,
				"6" : -993.640895661517,
				"8" : -958.0022859126955
				}
			},
		"(2,2,2,2,2,0,2,2,2,2,2,1,1,1,1,1,1,1,1,1,1,1,80,0,0,-1,-1,-1,2,0,1,0,-1,-1,-1,2,0,2,0,-1,-1,-1,2,0,3,0,-1,-1,-1,2,0,5,0,-1,-1,-1,0,0)":
			{"type":"act->point->val","representation":"simpletree","minimize":0,"regressor":
				{
				"4" : -1693.092839076596,
				"10" : -1614.505598513466,
				"2" : -1577.725368180315,
				"6" : -1726.768396662678,
				"8" : -1685.696926949442
				}
			},
		"(2,2,2,0,2,2,2,2,2,2,2,1,1,2,1,1,1,1,1,1,1,1,60,0,0,-1,-1,-1,2,0,1,0,0,-1,1,1,0,2,0,-1,-1,-1,2,0,3,0,-1,-1,-1,2,0,5,0,-1,-1,-1,0,0)":
			{"type":"act->point->val","representation":"simpletree","minimize":0,"regressor":
				{
				"4" : -1914.325836102696,
				"10" : -1852.85258269014,
				"2" : -1816.054950883466,
				"6" : -1944.572665963845,
				"8" : -1920.279888193763
				}
			},
		"(2,2,0,2,2,2,2,2,2,2,2,1,1,1,1,1,1,1,1,1,1,1,120,0,0,-1,-1,-1,0,0,1,0,-1,-1,-1,2,0,2,0,-1,-1,-1,2,0,3,0,-1,-1,-1,2,0,0,0,-1,-1,-1,2,0)":
			{"type":"act->point->val","representation":"simpletree","minimize":0,"regressor":
				{
				"11" : -964.7085934106148,
				"1" : -974.128631832358
				}
			},
		"(2,2,0,2,2,2,2,2,2,2,2,1,1,1,1,1,1,1,1,1,1,1,100,0,0,-1,-1,-1,2,0,1,0,-1,-1,-1,2,0,2,0,-1,-1,-1,2,0,3,0,-1,-1,-1,2,0,0,0,-1,-1,-1,0,0)":
			{"type":"act->point->val","representation":"simpletree","minimize":0,"regressor":
				{
				"14" : -1257.799824540883,
				"1" : -1412.954629737659
				}
			},
		"(2,2,2,2,2,2,2,2,2,2,2,2,1,1,1,2,1,2,1,1,1,1,0,0,0,0,-1,0,1,0,1,0,-1,-1,-1,0,0,2,0,0,-1,2,1,0,3,0,0,-1,3,1,0,5,0,-1,-1,-1,0,0)":
			{"type":"act->point->val","representation":"simpletree","minimize":0,"regressor":
				{
				"4" : -2579.167169012458,
				"10" : -2751.342888205464,
				"2" : -2480.624913334173,
				"6" : -2608.718942154683,
				"8" : -2566.717327300925,
				"17" : -2468.849468948852
				}
			},
		"(2,2,2,0,2,2,2,2,2,2,2,1,1,2,1,1,1,1,1,1,1,1,100,0,0,-1,-1,-1,2,0,1,0,0,-1,1,1,0,2,0,-1,-1,-1,2,0,3,0,-1,-1,-1,2,0,5,0,-1,-1,-1,0,0)":
			{"type":"act->point->val","representation":"simpletree","minimize":0,"regressor":
				{
				"4" : -1462.874333019214,
				"10" : -1372.05963253374,
				"2" : -1334.045691982176,
				"6" : -1472.803923101479,
				"8" : -1436.702144655321
				}
			},
		"(2,2,2,2,2,2,2,2,2,2,2,2,1,2,1,2,1,1,1,1,1,1,0,0,0,0,-1,0,1,0,1,0,0,-1,1,1,0,2,0,0,-1,2,1,0,3,0,-1,-1,-1,0,0,5,0,-1,-1,-1,0,0)":
			{"type":"act->point->val","representation":"simpletree","minimize":0,"regressor":
				{
				"4" : -2575.927898249041,
				"29" : -2468.05813709757,
				"10" : -2512.241636006722,
				"2" : -2481.9445324035,
				"6" : -2568.705128476059,
				"8" : -2558.06707919161
				}
			},
		"(2,2,2,2,0,2,2,2,2,2,2,1,1,1,1,1,1,1,1,1,1,1,100,0,0,-1,-1,-1,2,0,1,0,-1,-1,-1,2,0,2,0,-1,-1,-1,2,0,3,0,-1,-1,-1,2,0,1,0,-1,-1,-1,0,0)":
			{"type":"act->point->val","representation":"simpletree","minimize":0,"regressor":
				{
				"3" : -1402.744286743666,
				"20" : -1401.301832260043
				}
			},
		"(2,0,2,2,2,2,2,2,2,2,2,1,1,1,1,1,1,1,1,1,1,1,0,0,0,-1,-1,-1,2,0,1,0,-1,-1,-1,2,0,2,0,-1,-1,-1,2,0,3,0,-1,-1,-1,2,0,5,0,-1,-1,-1,0,0)":
			{"type":"act->point->val","representation":"simpletree","minimize":0,"regressor":
				{
				"4" : -2591.965115903053,
				"10" : -2531.442558616747,
				"2" : -2483.595794935772,
				"6" : -2618.006007712671,
				"8" : -2581.008688557871
				}
			},
		"(2,2,2,2,2,2,0,2,2,2,2,1,1,1,1,1,1,1,1,1,1,1,100,0,0,-1,-1,-1,2,0,1,0,-1,-1,-1,2,0,2,0,-1,-1,-1,2,0,3,0,-1,-1,-1,2,0,2,0,-1,-1,-1,0,0)":
			{"type":"act->point->val","representation":"simpletree","minimize":0,"regressor":
				{
				"5" : -1414.960990030752,
				"26" : -1413.618956163924
				}
			},
		"(2,2,2,0,2,2,2,2,2,2,2,1,1,1,1,1,1,1,1,1,1,1,160,0,0,-1,-1,-1,2,0,1,0,-1,-1,-1,2,0,2,0,-1,-1,-1,2,0,3,0,-1,-1,-1,2,0,5,0,-1,-1,-1,0,0)":
			{"type":"act->point->val","representation":"simpletree","minimize":0,"regressor":
				{
				"4" : -668.9207642815476,
				"10" : -585.9227998273201,
				"2" : -559.2124691188866,
				"6" : -687.5944310556134,
				"8" : -684.7366271732939
				}
			},
		"(2,2,2,2,2,2,2,0,2,2,2,1,1,1,1,1,1,1,1,1,1,1,100,0,0,-1,-1,-1,2,0,1,0,-1,-1,-1,2,0,2,0,-1,-1,-1,2,0,3,0,-1,-1,-1,2,0,5,0,-1,-1,-1,0,0)":
			{"type":"act->point->val","representation":"simpletree","minimize":0,"regressor":
				{
				"4" : -1460.37178268993,
				"10" : -1365.34786425067,
				"2" : -1333.882286951489,
				"6" : -1462.374821430675,
				"8" : -1412.970345607321
				}
			},
		"(2,2,1,2,2,2,2,2,2,2,2,1,1,1,1,2,1,2,1,1,1,1,0,0,0,-1,-1,-1,0,0,1,0,-1,-1,-1,0,0,2,0,0,-1,2,1,0,3,0,0,-1,3,1,0,-1,0,-2,-1,-1,0,0)":
			{"type":"act->point->val","representation":"simpletree","minimize":0,"regressor":
				{
				"11" : -2485.611671220368,
				"17" : -2486.823341531817
				}
			},
		"(2,2,2,2,0,2,2,2,2,2,2,1,1,1,1,1,1,1,1,1,1,1,40,0,0,-1,-1,-1,2,0,1,0,-1,-1,-1,2,0,2,0,-1,-1,-1,2,0,3,0,-1,-1,-1,2,0,1,0,-1,-1,-1,0,0)":
			{"type":"act->point->val","representation":"simpletree","minimize":0,"regressor":
				{
				"3" : -2103.714812525192,
				"20" : -2105.501937568903
				}
			},
		"(2,2,2,2,2,2,0,2,2,2,2,1,1,1,1,1,1,1,1,1,1,1,40,0,0,-1,-1,-1,2,0,1,0,-1,-1,-1,2,0,2,0,-1,-1,-1,2,0,3,0,-1,-1,-1,2,0,2,0,-1,-1,-1,0,0)":
			{"type":"act->point->val","representation":"simpletree","minimize":0,"regressor":
				{
				"5" : -2116.861369991611,
				"26" : -2119.265922699579
				}
			},
		"(2,2,2,2,2,2,2,2,2,0,2,1,1,1,1,1,1,1,1,1,1,1,40,0,0,-1,-1,-1,2,0,1,0,-1,-1,-1,2,0,2,0,-1,-1,-1,2,0,3,0,-1,-1,-1,2,0,5,0,-1,-1,-1,0,0)":
			{"type":"act->point->val","representation":"simpletree","minimize":0,"regressor":
				{
				"4" : -2159.198845364077,
				"10" : -2088.528536695214,
				"2" : -2044.277270271973,
				"6" : -2188.335148724292,
				"8" : -2151.31001380638
				}
			},
		"(2,2,2,2,2,2,2,2,2,2,2,1,1,2,1,2,1,2,1,1,1,1,0,0,0,-1,-1,-1,0,0,1,0,0,-1,1,1,0,2,0,0,-1,2,1,0,3,0,0,-1,3,1,0,5,0,-1,-1,-1,0,0)":
			{"type":"act->point->val","representation":"simpletree","minimize":0,"regressor":
				{
				"4" : -2584.420908549694,
				"11" : -3060.10292203572,
				"10" : -2517.969883327172,
				"2" : -2489.286882792922,
				"6" : -2615.937749838676,
				"8" : -2565.518124617062
				}
			},
		"(2,2,2,2,2,2,2,0,2,2,2,1,1,1,1,1,1,2,1,1,1,1,100,0,0,-1,-1,-1,2,0,1,0,-1,-1,-1,2,0,2,0,-1,-1,-1,2,0,3,0,0,-1,3,1,0,5,0,-1,-1,-1,0,0)":
			{"type":"act->point->val","representation":"simpletree","minimize":0,"regressor":
				{
				"4" : -1461.161903708334,
				"10" : -1370.390275881448,
				"2" : -1335.411422201947,
				"6" : -1425.990239331434,
				"8" : -1437.461209843704
				}
			},
		"(2,2,1,2,2,2,2,2,2,2,2,1,1,2,1,2,1,1,1,1,1,1,0,0,0,-1,-1,-1,0,0,1,0,0,-1,1,1,0,2,0,0,-1,2,1,0,3,0,-1,-1,-1,0,0,-1,0,-2,-1,-1,0,0)":
			{"type":"act->point->val","representation":"simpletree","minimize":0,"regressor":
				{
				"29" : -2482.987373047927,
				"11" : -2485.120589143142
				}
			},
		"(2,2,2,0,2,2,2,2,2,2,2,1,1,2,1,1,1,1,1,1,1,1,160,0,0,-1,-1,-1,2,0,1,0,0,-1,1,1,0,2,0,-1,-1,-1,2,0,3,0,-1,-1,-1,2,0,5,0,-1,-1,-1,0,0)":
			{"type":"act->point->val","representation":"simpletree","minimize":0,"regressor":
				{
				"4" : -699.6331672870507,
				"10" : -586.3809680022769,
				"2" : -558.0880804668265,
				"6" : -722.76706721673,
				"8" : -693.6996544480977
				}
			},
		"(2,2,2,2,2,2,2,0,2,2,2,1,1,1,1,1,1,1,1,1,1,1,20,0,0,-1,-1,-1,2,0,1,0,-1,-1,-1,2,0,2,0,-1,-1,-1,2,0,3,0,-1,-1,-1,2,0,5,0,-1,-1,-1,0,0)":
			{"type":"act->point->val","representation":"simpletree","minimize":0,"regressor":
				{
				"4" : -2369.023035708738,
				"10" : -2309.247672238502,
				"2" : -2269.797483806283,
				"6" : -2395.504985399065,
				"8" : -2359.24750114397
				}
			},
		"(2,2,2,2,2,0,2,2,2,2,2,1,1,1,1,2,1,1,1,1,1,1,20,0,0,-1,-1,-1,2,0,1,0,-1,-1,-1,2,0,2,0,0,-1,2,1,0,3,0,-1,-1,-1,2,0,5,0,-1,-1,-1,0,0)":
			{"type":"act->point->val","representation":"simpletree","minimize":0,"regressor":
				{
				"4" : -2421.465954330141,
				"10" : -2312.629839558443,
				"2" : -2268.375809655025,
				"6" : -2416.246879937065,
				"8" : -2374.35629526784
				}
			},
		"(2,2,2,2,2,2,2,2,2,2,1,2,1,1,1,1,1,2,1,1,1,1,0,0,0,0,-1,0,1,0,1,0,-1,-1,-1,0,0,2,0,-1,-1,-1,0,0,3,0,0,-1,3,1,0,-1,0,-2,-1,-1,0,0)":
			{"type":"act->point->val","representation":"simpletree","minimize":0,"regressor":
				{
				"23" : -2524.310411717063,
				"17" : -2531.052010635041
				}
			},
		"(2,2,2,2,2,0,2,2,2,2,2,1,1,1,1,2,1,1,1,1,1,1,180,0,0,-1,-1,-1,2,0,1,0,-1,-1,-1,2,0,2,0,0,-1,2,1,0,3,0,-1,-1,-1,2,0,5,0,-1,-1,-1,0,0)":
			{"type":"act->point->val","representation":"simpletree","minimize":0,"regressor":
				{
				"4" : -398.7930901925047,
				"10" : -310.8193757773096,
				"2" : -284.2790751456164,
				"6" : -442.6362167378555,
				"8" : -393.7629251057256
				}
			},
		"(2,2,2,2,2,2,0,2,2,2,2,1,1,1,1,1,1,1,1,1,1,1,140,0,0,-1,-1,-1,2,0,1,0,-1,-1,-1,2,0,2,0,-1,-1,-1,2,0,3,0,-1,-1,-1,2,0,2,0,-1,-1,-1,0,0)":
			{"type":"act->point->val","representation":"simpletree","minimize":0,"regressor":
				{
				"5" : -910.2293327792622,
				"26" : -909.6470610646122
				}
			},
		"(2,2,2,2,2,2,0,2,2,2,2,1,1,1,1,1,1,1,1,1,1,1,120,0,0,-1,-1,-1,2,0,1,0,-1,-1,-1,2,0,2,0,-1,-1,-1,2,0,3,0,-1,-1,-1,2,0,2,0,-1,-1,-1,0,0)":
			{"type":"act->point->val","representation":"simpletree","minimize":0,"regressor":
				{
				"5" : -1165.779204791425,
				"26" : -1162.403656528696
				}
			},
		"(2,2,2,2,2,2,2,2,2,2,2,1,1,1,1,2,1,2,1,1,1,1,0,0,0,-1,-1,-1,0,0,1,0,-1,-1,-1,0,0,2,0,0,-1,2,1,0,3,0,0,-1,3,1,0,5,0,-1,-1,-1,0,0)":
			{"type":"act->point->val","representation":"simpletree","minimize":0,"regressor":
				{
				"4" : -2568.909097879714,
				"11" : -2441.989367933772,
				"10" : -2498.713238749055,
				"2" : -2458.662270333557,
				"6" : -2599.041447329523,
				"8" : -2519.56921289222,
				"17" : -2461.380646171037
				}
			},
		"(2,2,2,2,2,0,2,2,2,2,2,1,1,1,1,1,1,1,1,1,1,1,140,0,0,-1,-1,-1,2,0,1,0,-1,-1,-1,2,0,2,0,-1,-1,-1,2,0,3,0,-1,-1,-1,2,0,5,0,-1,-1,-1,0,0)":
			{"type":"act->point->val","representation":"simpletree","minimize":0,"regressor":
				{
				"4" : -960.7460836432272,
				"10" : -854.5909924230224,
				"2" : -824.9356032687788,
				"6" : -984.4126129194389,
				"8" : -944.75377430332
				}
			},
		"(2,2,2,0,2,2,2,2,2,2,2,1,1,2,1,1,1,1,1,1,1,1,0,0,0,-1,-1,-1,2,0,1,0,0,-1,1,1,0,2,0,-1,-1,-1,2,0,3,0,-1,-1,-1,2,0,5,0,-1,-1,-1,0,0)":
			{"type":"act->point->val","representation":"simpletree","minimize":0,"regressor":
				{
				"4" : -2589.149189557685,
				"10" : -2530.483947964432,
				"2" : -2482.953564169332,
				"6" : -2610.653113019089,
				"8" : -2579.524710424896
				}
			},
		"(2,2,2,2,2,0,2,2,2,2,2,1,1,1,1,1,1,1,1,1,1,1,40,0,0,-1,-1,-1,2,0,1,0,-1,-1,-1,2,0,2,0,-1,-1,-1,2,0,3,0,-1,-1,-1,2,0,5,0,-1,-1,-1,0,0)":
			{"type":"act->point->val","representation":"simpletree","minimize":0,"regressor":
				{
				"4" : -2160.072708662809,
				"10" : -2087.484908212578,
				"2" : -2044.537573731899,
				"6" : -2185.965766739185,
				"8" : -2152.23017054084
				}
			},
		"(2,2,2,0,2,2,2,2,2,2,2,1,1,1,1,1,1,1,1,1,1,1,80,0,0,-1,-1,-1,2,0,1,0,-1,-1,-1,2,0,2,0,-1,-1,-1,2,0,3,0,-1,-1,-1,2,0,5,0,-1,-1,-1,0,0)":
			{"type":"act->point->val","representation":"simpletree","minimize":0,"regressor":
				{
				"4" : -1689.451481175057,
				"10" : -1615.889701491035,
				"2" : -1579.831705069614,
				"6" : -1713.886655912181,
				"8" : -1694.4045279095
				}
			},
		"(2,2,0,2,2,2,2,2,2,2,2,1,1,1,1,1,1,1,1,1,1,1,40,0,0,-1,-1,-1,2,0,1,0,-1,-1,-1,2,0,2,0,-1,-1,-1,2,0,3,0,-1,-1,-1,2,0,0,0,-1,-1,-1,0,0)":
			{"type":"act->point->val","representation":"simpletree","minimize":0,"regressor":
				{
				"14" : -1979.422922914507,
				"1" : -2117.295612867697
				}
			},
		"(2,2,2,0,2,2,2,2,2,2,2,1,1,2,1,1,1,1,1,1,1,1,80,0,0,-1,-1,-1,2,0,1,0,0,-1,1,1,0,2,0,-1,-1,-1,2,0,3,0,-1,-1,-1,2,0,5,0,-1,-1,-1,0,0)":
			{"type":"act->point->val","representation":"simpletree","minimize":0,"regressor":
				{
				"4" : -1699.282486836536,
				"10" : -1612.923244111814,
				"2" : -1577.846759369968,
				"6" : -1695.72604342921,
				"8" : -1691.208877189456
				}
			},
		"(2,2,2,2,2,2,2,2,2,2,2,2,1,1,1,2,1,1,1,1,1,1,0,0,0,0,-1,0,1,0,1,0,-1,-1,-1,0,0,2,0,0,-1,2,1,0,3,0,-1,-1,-1,0,0,5,0,-1,-1,-1,0,0)":
			{"type":"act->point->val","representation":"simpletree","minimize":0,"regressor":
				{
				"4" : -2534.750944370067,
				"29" : -2443.759537976655,
				"10" : -2482.83449546694,
				"2" : -2450.222382835763,
				"6" : -2560.277768168318,
				"8" : -2627.276163865422,
				"17" : -2441.462632439269
				}
			},
		"(2,2,2,0,2,2,2,2,2,2,2,1,1,2,1,1,1,1,1,1,1,1,20,0,0,-1,-1,-1,2,0,1,0,0,-1,1,1,0,2,0,-1,-1,-1,2,0,3,0,-1,-1,-1,2,0,5,0,-1,-1,-1,0,0)":
			{"type":"act->point->val","representation":"simpletree","minimize":0,"regressor":
				{
				"4" : -2361.077330520611,
				"10" : -2308.791537019578,
				"2" : -2266.113046578012,
				"6" : -2405.362432080475,
				"8" : -2366.869865835428
				}
			},
		"(2,2,2,2,2,2,2,2,2,2,2,1,1,1,1,1,1,2,1,1,1,1,0,0,0,-1,-1,-1,0,0,1,0,-1,-1,-1,0,0,2,0,-1,-1,-1,0,0,3,0,0,-1,3,1,0,5,0,-1,-1,-1,0,0)":
			{"type":"act->point->val","representation":"simpletree","minimize":0,"regressor":
				{
				"4" : -2501.744826379185,
				"11" : -2416.632917142178,
				"10" : -2440.900580390714,
				"2" : -2464.560617513815,
				"6" : -2599.183566890769,
				"23" : -2416.921225548579,
				"8" : -2462.91777334502,
				"17" : -2422.714000510473
				}
			},
		"(2,2,2,2,2,2,2,2,2,0,2,1,1,1,1,1,1,1,1,1,1,1,100,0,0,-1,-1,-1,2,0,1,0,-1,-1,-1,2,0,2,0,-1,-1,-1,2,0,3,0,-1,-1,-1,2,0,5,0,-1,-1,-1,0,0)":
			{"type":"act->point->val","representation":"simpletree","minimize":0,"regressor":
				{
				"4" : -1465.81160453957,
				"10" : -1371.957316660131,
				"2" : -1333.52745732137,
				"6" : -1483.118874259527,
				"8" : -1439.070421671582
				}
			},
		"(2,2,2,2,2,0,2,2,2,2,2,1,1,1,1,1,1,1,1,1,1,1,180,0,0,-1,-1,-1,2,0,1,0,-1,-1,-1,2,0,2,0,-1,-1,-1,2,0,3,0,-1,-1,-1,2,0,5,0,-1,-1,-1,0,0)":
			{"type":"act->point->val","representation":"simpletree","minimize":0,"regressor":
				{
				"4" : -433.4736571631659,
				"10" : -309.9541755891011,
				"2" : -283.119882225343,
				"6" : -461.1730187276728,
				"8" : -426.0563061129615
				}
			},
		"(2,2,2,2,2,2,2,2,2,2,0,1,1,1,1,1,1,1,1,1,1,1,180,0,0,-1,-1,-1,2,0,1,0,-1,-1,-1,2,0,2,0,-1,-1,-1,2,0,3,0,-1,-1,-1,2,0,4,0,-1,-1,-1,0,0)":
			{"type":"act->point->val","representation":"simpletree","minimize":0,"regressor":
				{
				"36" : -228.5048141312872,
				"9" : -364.7451061791835
				}
			},
		"(2,2,2,2,2,2,2,0,2,2,2,1,1,1,1,1,1,2,1,1,1,1,160,0,0,-1,-1,-1,2,0,1,0,-1,-1,-1,2,0,2,0,-1,-1,-1,2,0,3,0,0,-1,3,1,0,5,0,-1,-1,-1,0,0)":
			{"type":"act->point->val","representation":"simpletree","minimize":0,"regressor":
				{
				"4" : -690.1169331187278,
				"10" : -584.7926102611774,
				"2" : -558.2098453893279,
				"6" : -719.9825191572347,
				"8" : -690.3876905591742
				}
			},
		"(2,2,2,0,2,2,2,2,2,2,2,1,1,1,1,1,1,1,1,1,1,1,100,0,0,-1,-1,-1,2,0,1,0,-1,-1,-1,2,0,2,0,-1,-1,-1,2,0,3,0,-1,-1,-1,2,0,5,0,-1,-1,-1,0,0)":
			{"type":"act->point->val","representation":"simpletree","minimize":0,"regressor":
				{
				"4" : -1435.469936603364,
				"10" : -1368.824914006395,
				"2" : -1336.172192304018,
				"6" : -1447.843533344681,
				"8" : -1444.03562100417
				}
			},
		"(2,2,2,2,2,2,2,0,2,2,2,1,1,1,1,1,1,2,1,1,1,1,0,0,0,-1,-1,-1,2,0,1,0,-1,-1,-1,2,0,2,0,-1,-1,-1,2,0,3,0,0,-1,3,1,0,5,0,-1,-1,-1,0,0)":
			{"type":"act->point->val","representation":"simpletree","minimize":0,"regressor":
				{
				"4" : -2586.084820619797,
				"10" : -2528.635873768486,
				"2" : -2482.993080539584,
				"6" : -2616.917092925752,
				"8" : -2580.885086638501
				}
			},
		"(2,2,2,2,2,2,2,2,2,2,0,1,1,1,1,1,1,1,1,1,1,1,160,0,0,-1,-1,-1,2,0,1,0,-1,-1,-1,2,0,2,0,-1,-1,-1,2,0,3,0,-1,-1,-1,2,0,4,0,-1,-1,-1,0,0)":
			{"type":"act->point->val","representation":"simpletree","minimize":0,"regressor":
				{
				"36" : -506.5454781147568,
				"9" : -637.4754205767782
				}
			},
		"(2,2,2,2,2,2,2,2,2,0,2,1,1,1,1,1,1,1,1,1,1,1,180,0,0,-1,-1,-1,2,0,1,0,-1,-1,-1,2,0,2,0,-1,-1,-1,2,0,3,0,-1,-1,-1,2,0,5,0,-1,-1,-1,0,0)":
			{"type":"act->point->val","representation":"simpletree","minimize":0,"regressor":
				{
				"4" : -436.3921447977521,
				"10" : -307.971145788774,
				"2" : -283.5476816918388,
				"6" : -462.3822066844064,
				"8" : -426.6056802737362
				}
			},
		"(2,2,2,2,2,0,2,2,2,2,2,1,1,1,1,1,1,1,1,1,1,1,60,0,0,-1,-1,-1,2,0,1,0,-1,-1,-1,2,0,2,0,-1,-1,-1,2,0,3,0,-1,-1,-1,2,0,5,0,-1,-1,-1,0,0)":
			{"type":"act->point->val","representation":"simpletree","minimize":0,"regressor":
				{
				"4" : -1929.168106351519,
				"10" : -1848.513165717056,
				"2" : -1815.767887247186,
				"6" : -1952.48928124758,
				"8" : -1925.652085155297
				}
			},
		"(2,2,2,2,2,2,0,2,2,2,2,1,1,1,1,1,1,1,1,1,1,1,60,0,0,-1,-1,-1,2,0,1,0,-1,-1,-1,2,0,2,0,-1,-1,-1,2,0,3,0,-1,-1,-1,2,0,2,0,-1,-1,-1,0,0)":
			{"type":"act->point->val","representation":"simpletree","minimize":0,"regressor":
				{
				"5" : -1889.912901927693,
				"26" : -1889.898755616196
				}
			},
		"(2,2,2,2,2,2,2,0,2,2,2,1,1,1,1,1,1,2,1,1,1,1,40,0,0,-1,-1,-1,2,0,1,0,-1,-1,-1,2,0,2,0,-1,-1,-1,2,0,3,0,0,-1,3,1,0,5,0,-1,-1,-1,0,0)":
			{"type":"act->point->val","representation":"simpletree","minimize":0,"regressor":
				{
				"4" : -2160.337935072059,
				"10" : -2085.40599314322,
				"2" : -2044.414199177149,
				"6" : -2187.921696468589,
				"8" : -2150.913071990067
				}
			},
		"(2,2,2,2,2,2,2,2,2,2,0,1,1,1,1,1,1,1,1,1,1,1,60,0,0,-1,-1,-1,2,0,1,0,-1,-1,-1,2,0,2,0,-1,-1,-1,2,0,3,0,-1,-1,-1,2,0,4,0,-1,-1,-1,0,0)":
			{"type":"act->point->val","representation":"simpletree","minimize":0,"regressor":
				{
				"36" : -1789.21141080909,
				"9" : -1880.383867511406
				}
			},
		"(2,2,2,0,2,2,2,2,2,2,2,1,1,1,1,1,1,1,1,1,1,1,0,0,0,-1,-1,-1,2,0,1,0,-1,-1,-1,2,0,2,0,-1,-1,-1,2,0,3,0,-1,-1,-1,2,0,5,0,-1,-1,-1,0,0)":
			{"type":"act->point->val","representation":"simpletree","minimize":0,"regressor":
				{
				"4" : -2587.397191199357,
				"10" : -2530.8864450551,
				"2" : -2485.983228633815,
				"6" : -2618.828362314768,
				"8" : -2582.960361529177
				}
			}
	}
}